2023-10-06 21:04:38,573 [INFO] Activator:176 - 


2023-10-06 21:04:38,580 [INFO] Activator:177 - !SESSION log4j initialized
2023-10-06 21:04:44,064 [INFO] LogOutputStream:77 - [STDOUT_REDIRECT] 
2023-10-06 21:04:48,129 [INFO] ApplicationProperties:184 - Using Application install path: D:\ST\STM32CubeIDE_1.13.2\STM32CubeIDE\plugins\com.st.stm32cube.common.mx_6.9.2.202309101412
2023-10-06 21:04:48,145 [INFO] DbMcusXml:78 - Set database path to: D:\ST\STM32CubeIDE_1.13.2\STM32CubeIDE\plugins\com.st.stm32cube.common.mx_6.9.2.202309101412\\db\/mcu/
2023-10-06 21:04:48,146 [INFO] ApiDb:274 - Set plugin database path to: D:\ST\STM32CubeIDE_1.13.2\STM32CubeIDE\plugins\com.st.stm32cube.common.mx_6.9.2.202309101412\\db\/plugins/boardmanager/
2023-10-06 21:04:48,146 [WARN] ApiDb:259 - Overriding images path with different value:  => D:\ST\STM32CubeIDE_1.13.2\STM32CubeIDE\plugins\com.st.stm32cube.common.mx_6.9.2.202309101412\\db\/plugins/mcufinder/images/
2023-10-06 21:04:48,157 [INFO] ApiDb:250 - Set database path to: C:\Users\ayome\.stmcufinder\plugins\mcufinder//mcu/
2023-10-06 21:04:48,158 [INFO] DbMcusAds:125 - Set database path to: C:\Users\ayome\.stmcufinder\plugins\mcufinder//mcu/
2023-10-06 21:04:48,160 [INFO] CrossReferenceDbSqlite:203 - Set database path to: C:\Users\ayome\.stmcufinder\plugins\mcufinder//mcu/cs/
2023-10-06 21:04:48,273 [INFO] RulesReader:64 - Compatibility file has been processed (293 Rules)
2023-10-06 21:04:48,349 [INFO] DbMcusXml:78 - Set database path to: D:\ST\STM32CubeIDE_1.13.2\STM32CubeIDE\plugins\com.st.stm32cube.common.mx_6.9.2.202309101412\\db\/mcu/
2023-10-06 21:04:48,350 [INFO] ApiDb:274 - Set plugin database path to: D:\ST\STM32CubeIDE_1.13.2\STM32CubeIDE\plugins\com.st.stm32cube.common.mx_6.9.2.202309101412\\db\/plugins/boardmanager/
2023-10-06 21:04:48,350 [INFO] ApiDb:261 - Set plugin images path to: D:\ST\STM32CubeIDE_1.13.2\STM32CubeIDE\plugins\com.st.stm32cube.common.mx_6.9.2.202309101412\\db\/plugins/mcufinder/images/
2023-10-06 21:04:48,350 [WARN] DbFile:41 - Overriding database path with different value: C:\Users\ayome\.stmcufinder\plugins\mcufinder/ => C:\Users\ayome\.stmcufinder\plugins\mcufinder
2023-10-06 21:04:48,350 [INFO] ApiDb:250 - Set database path to: C:\Users\ayome\.stmcufinder\plugins\mcufinder//mcu/
2023-10-06 21:04:48,350 [WARN] DbFile:41 - Overriding database path with different value: C:\Users\ayome\.stmcufinder\plugins\mcufinder/ => C:\Users\ayome\.stmcufinder\plugins\mcufinder
2023-10-06 21:04:48,350 [INFO] DbMcusAds:125 - Set database path to: C:\Users\ayome\.stmcufinder\plugins\mcufinder//mcu/
2023-10-06 21:04:48,350 [WARN] DbFile:41 - Overriding database path with different value: C:\Users\ayome\.stmcufinder\plugins\mcufinder/ => C:\Users\ayome\.stmcufinder\plugins\mcufinder
2023-10-06 21:04:48,350 [WARN] DbFile:41 - Overriding database path with different value: C:\Users\ayome\.stmcufinder\plugins\mcufinder/ => C:\Users\ayome\.stmcufinder\plugins\mcufinder
2023-10-06 21:04:48,350 [INFO] CrossReferenceDbSqlite:203 - Set database path to: C:\Users\ayome\.stmcufinder\plugins\mcufinder//mcu/cs/
2023-10-06 21:04:48,443 [INFO] MainPanel:262 - HeapMemory: 268435456
2023-10-06 21:04:48,573 [INFO] DbMcusXml:78 - Set database path to: D:\ST\STM32CubeIDE_1.13.2\STM32CubeIDE\plugins\com.st.stm32cube.common.mx_6.9.2.202309101412\\db\/mcu/
2023-10-06 21:04:48,573 [INFO] ApiDb:274 - Set plugin database path to: D:\ST\STM32CubeIDE_1.13.2\STM32CubeIDE\plugins\com.st.stm32cube.common.mx_6.9.2.202309101412\\db\/plugins/boardmanager/
2023-10-06 21:04:48,573 [INFO] ApiDb:261 - Set plugin images path to: D:\ST\STM32CubeIDE_1.13.2\STM32CubeIDE\plugins\com.st.stm32cube.common.mx_6.9.2.202309101412\\db\/plugins/mcufinder/images/
2023-10-06 21:04:48,574 [WARN] DbFile:41 - Overriding database path with different value: C:\Users\ayome\.stmcufinder\plugins\mcufinder/ => C:\Users\ayome\.stmcufinder\plugins\mcufinder
2023-10-06 21:04:48,574 [INFO] ApiDb:250 - Set database path to: C:\Users\ayome\.stmcufinder\plugins\mcufinder//mcu/
2023-10-06 21:04:48,574 [WARN] DbFile:41 - Overriding database path with different value: C:\Users\ayome\.stmcufinder\plugins\mcufinder/ => C:\Users\ayome\.stmcufinder\plugins\mcufinder
2023-10-06 21:04:48,574 [INFO] DbMcusAds:125 - Set database path to: C:\Users\ayome\.stmcufinder\plugins\mcufinder//mcu/
2023-10-06 21:04:48,574 [WARN] DbFile:41 - Overriding database path with different value: C:\Users\ayome\.stmcufinder\plugins\mcufinder/ => C:\Users\ayome\.stmcufinder\plugins\mcufinder
2023-10-06 21:04:48,575 [WARN] DbFile:41 - Overriding database path with different value: C:\Users\ayome\.stmcufinder\plugins\mcufinder/ => C:\Users\ayome\.stmcufinder\plugins\mcufinder
2023-10-06 21:04:48,575 [INFO] CrossReferenceDbSqlite:203 - Set database path to: C:\Users\ayome\.stmcufinder\plugins\mcufinder//mcu/cs/
2023-10-06 21:04:48,599 [INFO] ApplicationProperties:184 - Using Application install path: D:\ST\STM32CubeIDE_1.13.2\STM32CubeIDE\plugins\com.st.stm32cube.common.mx_6.9.2.202309101412
2023-10-06 21:04:48,601 [INFO] PluginManage:196 - Search for loadable plugins [exclusion list=, ]
2023-10-06 21:04:48,602 [INFO] PluginManage:310 - Check plugin analytics
2023-10-06 21:04:48,785 [INFO] AnalyticsPlugin:253 - Accepted Software Licenses: 
2023-10-06 21:04:48,785 [INFO] AnalyticsPlugin:255 - Accepted CMSIS Pack Licenses: 
2023-10-06 21:04:48,785 [INFO] AnalyticsPlugin:257 - Accepted Firmware Licenses: 
2023-10-06 21:04:48,787 [INFO] PluginManage:359 - Loaded plugin analytics (category:tool,tabindex:-1)
2023-10-06 21:04:48,788 [INFO] PluginManage:310 - Check plugin cadmodel
2023-10-06 21:04:48,800 [INFO] CADModel:105 - Init CAD model plugin
2023-10-06 21:04:48,800 [INFO] PluginManage:359 - Loaded plugin cadmodel (category:power,tabindex:5)
2023-10-06 21:04:48,800 [INFO] PluginManage:310 - Check plugin clock
2023-10-06 21:04:48,817 [INFO] PluginManage:359 - Loaded plugin clock (category:base,tabindex:2)
2023-10-06 21:04:48,817 [INFO] PluginManage:310 - Check plugin ddr
2023-10-06 21:04:48,820 [INFO] PluginManage:359 - Loaded plugin ddr (category:tool,tabindex:6)
2023-10-06 21:04:48,820 [INFO] PluginManage:310 - Check plugin filemanager
2023-10-06 21:04:48,953 [INFO] PluginManage:359 - Loaded plugin filemanager (category:base,tabindex:10)
2023-10-06 21:04:48,953 [INFO] PluginManage:310 - Check plugin ipmanager
2023-10-06 21:04:48,959 [INFO] PluginManage:359 - Loaded plugin ipmanager (category:base,tabindex:5)
2023-10-06 21:04:48,959 [INFO] PluginManage:310 - Check plugin lpbam
2023-10-06 21:04:48,972 [INFO] PluginManage:359 - Loaded plugin lpbam (category:base,tabindex:0)
2023-10-06 21:04:48,973 [INFO] PluginManage:310 - Check plugin memorymap
2023-10-06 21:04:48,991 [INFO] PluginManage:359 - Loaded plugin memorymap (category:base,tabindex:4)
2023-10-06 21:04:48,991 [INFO] PluginManage:310 - Check plugin pinoutandconfiguration
2023-10-06 21:04:49,004 [INFO] PluginManage:359 - Loaded plugin pinoutandconfiguration (category:base,tabindex:1)
2023-10-06 21:04:49,004 [INFO] PluginManage:310 - Check plugin pinoutconfig
2023-10-06 21:04:49,085 [WARN] SupportedApi:132 - Cannot load RTOS API schema: s4s-elt-must-match.1: The content of 'definitions' must match (annotation?, (simpleType | complexType)?, (unique | key | keyref)*)). A problem was found starting at: attribute.
2023-10-06 21:04:49,204 [INFO] PluginManage:359 - Loaded plugin pinoutconfig (category:base,tabindex:0)
2023-10-06 21:04:49,204 [INFO] PluginManage:310 - Check plugin power
2023-10-06 21:04:49,225 [INFO] PluginManage:359 - Loaded plugin power (category:power,tabindex:4)
2023-10-06 21:04:49,225 [INFO] PluginManage:310 - Check plugin projectmanager
2023-10-06 21:04:49,236 [INFO] PluginManage:359 - Loaded plugin projectmanager (category:projectmanager,tabindex:3)
2023-10-06 21:04:49,236 [INFO] PluginManage:310 - Check plugin thirdparty
2023-10-06 21:04:49,490 [INFO] PluginManage:359 - Loaded plugin thirdparty (category:base,tabindex:-1)
2023-10-06 21:04:49,489 [WARN] IntegrityCheckThread:84 - waiting for thirdparty lock release [integrity check]
2023-10-06 21:04:49,490 [INFO] PluginManage:310 - Check plugin tools
2023-10-06 21:04:49,490 [INFO] IntegrityCheckThread:86 - entering critical section [integrity check]
2023-10-06 21:04:49,491 [INFO] ThirdPartyUpdaterWithRetryManager:70 - Updater plugin not ready yet. [1/15]
2023-10-06 21:04:49,525 [INFO] PluginManage:359 - Loaded plugin tools (category:base,tabindex:7)
2023-10-06 21:04:49,526 [INFO] PluginManage:310 - Check plugin tutovideos
2023-10-06 21:04:49,698 [INFO] PluginManage:359 - Loaded plugin tutovideos (category:base,tabindex:-1)
2023-10-06 21:04:49,698 [INFO] PluginManage:310 - Check plugin updater
2023-10-06 21:04:49,708 [INFO] PluginManage:359 - Loaded plugin updater (category:base,tabindex:12)
2023-10-06 21:04:49,708 [INFO] PluginManage:310 - Check plugin userauth
2023-10-06 21:04:49,714 [INFO] UserAuth:113 - Init User Auth plugin
2023-10-06 21:04:49,714 [INFO] PluginManage:359 - Loaded plugin userauth (category:base,tabindex:14)
2023-10-06 21:04:49,714 [INFO] PluginManage:283 - PluginManage : Loaded plugins [17]
2023-10-06 21:04:49,952 [INFO] PinOutPanel:1499 - setPackage(No Configuration,No Configuration)
2023-10-06 21:04:50,047 [INFO] CADModel:165 - CPN selected for project level
2023-10-06 21:04:50,047 [INFO] CADModel:114 - Register for checkConnection events
2023-10-06 21:04:50,069 [INFO] IPUIPlugin:80 - create IPUIPlugin
2023-10-06 21:04:50,069 [INFO] PluginManager:220 - loadIPPluginJar : add adc
2023-10-06 21:04:50,097 [INFO] IPUIPlugin:80 - create IPUIPlugin
2023-10-06 21:04:50,097 [INFO] PluginManager:220 - loadIPPluginJar : add aes
2023-10-06 21:04:50,130 [INFO] IPUIPlugin:80 - create IPUIPlugin
2023-10-06 21:04:50,130 [INFO] PluginManager:220 - loadIPPluginJar : add can
2023-10-06 21:04:50,148 [INFO] IPUIPlugin:80 - create IPUIPlugin
2023-10-06 21:04:50,148 [INFO] PluginManager:220 - loadIPPluginJar : add comp
2023-10-06 21:04:50,174 [INFO] IPUIPlugin:80 - create IPUIPlugin
2023-10-06 21:04:50,174 [INFO] PluginManager:220 - loadIPPluginJar : add cryp
2023-10-06 21:04:50,199 [INFO] IPUIPlugin:80 - create IPUIPlugin
2023-10-06 21:04:50,199 [INFO] PluginManager:220 - loadIPPluginJar : add dfsdm
2023-10-06 21:04:50,209 [INFO] IPUIPlugin:80 - create IPUIPlugin
2023-10-06 21:04:50,210 [INFO] PluginManager:220 - loadIPPluginJar : add dma
2023-10-06 21:04:50,245 [INFO] IPUIPlugin:80 - create IPUIPlugin
2023-10-06 21:04:50,245 [INFO] PluginManager:220 - loadIPPluginJar : add dma3
2023-10-06 21:04:50,260 [INFO] IPUIPlugin:80 - create IPUIPlugin
2023-10-06 21:04:50,260 [INFO] PluginManager:220 - loadIPPluginJar : add fatfs
2023-10-06 21:04:50,294 [INFO] IPUIPlugin:80 - create IPUIPlugin
2023-10-06 21:04:50,294 [INFO] PluginManager:220 - loadIPPluginJar : add fmc
2023-10-06 21:04:50,305 [INFO] IPUIPlugin:80 - create IPUIPlugin
2023-10-06 21:04:50,306 [INFO] PluginManager:220 - loadIPPluginJar : add freertos
2023-10-06 21:04:50,321 [INFO] IPUIPlugin:80 - create IPUIPlugin
2023-10-06 21:04:50,321 [INFO] PluginManager:220 - loadIPPluginJar : add genericplugin
2023-10-06 21:04:50,394 [INFO] IPUIPlugin:80 - create IPUIPlugin
2023-10-06 21:04:50,395 [INFO] PluginManager:220 - loadIPPluginJar : add gfxmmu
2023-10-06 21:04:50,499 [INFO] IPUIPlugin:80 - create IPUIPlugin
2023-10-06 21:04:50,500 [INFO] PluginManager:220 - loadIPPluginJar : add gic
2023-10-06 21:04:50,509 [INFO] IPUIPlugin:80 - create IPUIPlugin
2023-10-06 21:04:50,509 [INFO] PluginManager:220 - loadIPPluginJar : add gpio
2023-10-06 21:04:50,577 [INFO] IPUIPlugin:80 - create IPUIPlugin
2023-10-06 21:04:50,577 [INFO] PluginManager:220 - loadIPPluginJar : add gtzc
2023-10-06 21:04:50,601 [INFO] IPUIPlugin:80 - create IPUIPlugin
2023-10-06 21:04:50,601 [INFO] PluginManager:220 - loadIPPluginJar : add hash
2023-10-06 21:04:50,640 [INFO] IPUIPlugin:80 - create IPUIPlugin
2023-10-06 21:04:50,640 [INFO] PluginManager:220 - loadIPPluginJar : add i2c
2023-10-06 21:04:50,670 [INFO] IPUIPlugin:80 - create IPUIPlugin
2023-10-06 21:04:50,670 [INFO] PluginManager:220 - loadIPPluginJar : add i2s
2023-10-06 21:04:50,700 [INFO] IPUIPlugin:80 - create IPUIPlugin
2023-10-06 21:04:50,700 [INFO] PluginManager:220 - loadIPPluginJar : add i3c
2023-10-06 21:04:50,780 [INFO] IPUIPlugin:80 - create IPUIPlugin
2023-10-06 21:04:50,780 [INFO] PluginManager:220 - loadIPPluginJar : add ipddr
2023-10-06 21:04:50,850 [INFO] IPUIPlugin:80 - create IPUIPlugin
2023-10-06 21:04:50,850 [INFO] PluginManager:220 - loadIPPluginJar : add linkedlist
2023-10-06 21:04:50,876 [INFO] IPUIPlugin:80 - create IPUIPlugin
2023-10-06 21:04:50,876 [INFO] PluginManager:220 - loadIPPluginJar : add lorawan
2023-10-06 21:04:50,904 [INFO] IPUIPlugin:80 - create IPUIPlugin
2023-10-06 21:04:50,904 [INFO] PluginManager:220 - loadIPPluginJar : add ltdc
2023-10-06 21:04:50,915 [INFO] IPUIPlugin:80 - create IPUIPlugin
2023-10-06 21:04:50,916 [INFO] PluginManager:220 - loadIPPluginJar : add mdma
2023-10-06 21:04:50,924 [INFO] IPUIPlugin:80 - create IPUIPlugin
2023-10-06 21:04:50,924 [INFO] PluginManager:220 - loadIPPluginJar : add nvic
2023-10-06 21:04:50,950 [INFO] IPUIPlugin:80 - create IPUIPlugin
2023-10-06 21:04:50,950 [INFO] PluginManager:220 - loadIPPluginJar : add opamp
2023-10-06 21:04:50,995 [INFO] IPUIPlugin:80 - create IPUIPlugin
2023-10-06 21:04:50,995 [INFO] PluginManager:220 - loadIPPluginJar : add openamp
2023-10-06 21:04:51,026 [INFO] IPUIPlugin:80 - create IPUIPlugin
2023-10-06 21:04:51,027 [INFO] PluginManager:220 - loadIPPluginJar : add pdm2pcm
2023-10-06 21:04:51,037 [INFO] IPUIPlugin:80 - create IPUIPlugin
2023-10-06 21:04:51,040 [INFO] PluginManager:220 - loadIPPluginJar : add plateformsettings
2023-10-06 21:04:51,056 [INFO] IPUIPlugin:80 - create IPUIPlugin
2023-10-06 21:04:51,056 [INFO] PluginManager:220 - loadIPPluginJar : add quadspi
2023-10-06 21:04:51,065 [INFO] IPUIPlugin:80 - create IPUIPlugin
2023-10-06 21:04:51,065 [INFO] PluginManager:220 - loadIPPluginJar : add resmgrutility
2023-10-06 21:04:51,101 [INFO] IPUIPlugin:80 - create IPUIPlugin
2023-10-06 21:04:51,101 [INFO] PluginManager:220 - loadIPPluginJar : add sai
2023-10-06 21:04:51,131 [INFO] IPUIPlugin:80 - create IPUIPlugin
2023-10-06 21:04:51,131 [INFO] PluginManager:220 - loadIPPluginJar : add spi
2023-10-06 21:04:51,175 [INFO] IPUIPlugin:80 - create IPUIPlugin
2023-10-06 21:04:51,175 [INFO] PluginManager:220 - loadIPPluginJar : add stm32_wpan
2023-10-06 21:04:51,195 [INFO] IPUIPlugin:80 - create IPUIPlugin
2023-10-06 21:04:51,195 [INFO] PluginManager:220 - loadIPPluginJar : add tim
2023-10-06 21:04:51,238 [INFO] IPUIPlugin:80 - create IPUIPlugin
2023-10-06 21:04:51,239 [INFO] PluginManager:220 - loadIPPluginJar : add touchsensing
2023-10-06 21:04:51,257 [INFO] IPUIPlugin:80 - create IPUIPlugin
2023-10-06 21:04:51,257 [INFO] PluginManager:220 - loadIPPluginJar : add tracer_emb
2023-10-06 21:04:51,274 [INFO] IPUIPlugin:80 - create IPUIPlugin
2023-10-06 21:04:51,274 [INFO] PluginManager:220 - loadIPPluginJar : add ts
2023-10-06 21:04:51,290 [INFO] IPUIPlugin:80 - create IPUIPlugin
2023-10-06 21:04:51,290 [INFO] PluginManager:220 - loadIPPluginJar : add tsc
2023-10-06 21:04:51,308 [INFO] IPUIPlugin:80 - create IPUIPlugin
2023-10-06 21:04:51,308 [INFO] PluginManager:220 - loadIPPluginJar : add ucpd
2023-10-06 21:04:51,343 [INFO] IPUIPlugin:80 - create IPUIPlugin
2023-10-06 21:04:51,343 [INFO] PluginManager:220 - loadIPPluginJar : add usart
2023-10-06 21:04:51,376 [INFO] IPUIPlugin:80 - create IPUIPlugin
2023-10-06 21:04:51,376 [INFO] PluginManager:220 - loadIPPluginJar : add usbx
2023-10-06 21:04:51,490 [INFO] CADModel:165 - CPN selected for project level
2023-10-06 21:04:51,490 [INFO] CADModel:114 - Register for checkConnection events
2023-10-06 21:04:51,491 [FATAL] Updater:308 - Updater called before beeing initialized
2023-10-06 21:04:51,491 [ERROR] CADModel:125 - Updater not yet initialized, retry later 
2023-10-06 21:04:51,609 [INFO] CADModel:165 - CPN selected for project level
2023-10-06 21:04:51,609 [INFO] CADModel:114 - Register for checkConnection events
2023-10-06 21:04:51,609 [FATAL] Updater:308 - Updater called before beeing initialized
2023-10-06 21:04:51,609 [ERROR] CADModel:125 - Updater not yet initialized, retry later 
2023-10-06 21:04:51,612 [FATAL] Updater:308 - Updater called before beeing initialized
2023-10-06 21:04:51,702 [FATAL] Updater:308 - Updater called before beeing initialized
2023-10-06 21:04:51,712 [INFO] DbMcusAds:53 - JSON generation date=Tue Mar 07 09:50:55 CET 2023 (1678179055114)
2023-10-06 21:04:51,712 [FATAL] Updater:308 - Updater called before beeing initialized
2023-10-06 21:04:51,774 [WARN] DetailPanel:346 - Failed to get advertising image, set to default
2023-10-06 21:04:51,859 [FATAL] Updater:308 - Updater called before beeing initialized
2023-10-06 21:04:51,860 [FATAL] Updater:308 - Updater called before beeing initialized
2023-10-06 21:04:51,860 [FATAL] Updater:308 - Updater called before beeing initialized
2023-10-06 21:04:51,860 [WARN] DetailPanel:346 - Failed to get advertising image, set to default
2023-10-06 21:04:51,861 [FATAL] Updater:308 - Updater called before beeing initialized
2023-10-06 21:04:51,908 [ERROR] Updater:1120 - MainUpdater not yet initialized. External WinMGr cannot be set.
2023-10-06 21:04:51,916 [INFO] Updater:1056 - Updater Version found : 6.9.2
2023-10-06 21:04:51,932 [INFO] ApplicationProperties:184 - Using Application install path: D:\ST\STM32CubeIDE_1.13.2\STM32CubeIDE\plugins\com.st.stm32cube.common.mx_6.9.2.202309101412
2023-10-06 21:04:52,048 [INFO] MainUpdater:2868 - connection check result : 10
2023-10-06 21:04:52,048 [INFO] MainUpdater:285 - Updater Check For Update Now.
2023-10-06 21:04:52,049 [INFO] MicroXplorer:498 - Change Database Version : DB.6.0.92
2023-10-06 21:04:52,068 [INFO] McuFinderGlobals:63 - Set McuFinder mode to 2 (CubeIDE integrated)
2023-10-06 21:04:52,068 [INFO] UserAuth:179 - activating auth plugin
2023-10-06 21:04:52,071 [INFO] UserAuth:393 - Internet connection configuration mode: 1
2023-10-06 21:04:52,096 [INFO] JxBrowserEngine:151 - Initiate JxBrowser Engine with user profile folder
2023-10-06 21:04:52,228 [INFO] CheckServerUpdateThread:120 - End of CheckServer Thread
2023-10-06 21:04:52,747 [WARN] PackLoader:240 - Cannot read IP mode file for STMicroelectronics.X-CUBE-SMBUS.2.1.0
2023-10-06 21:04:52,785 [WARN] PackLoader:240 - Cannot read IP mode file for STMicroelectronics.X-CUBE-AZRTOS-F7.1.1.0
2023-10-06 21:04:52,800 [WARN] PackLoader:240 - Cannot read IP mode file for STMicroelectronics.FP-SNS-MOTENV1.4.3.2
2023-10-06 21:04:52,814 [WARN] PackLoader:240 - Cannot read IP mode file for STMicroelectronics.X-CUBE-BLE1.6.2.4
2023-10-06 21:04:52,825 [WARN] PackLoader:240 - Cannot read IP mode file for STMicroelectronics.FP-SNS-FLIGHT1.5.0.2
2023-10-06 21:04:52,837 [WARN] PackLoader:240 - Cannot read IP mode file for STMicroelectronics.X-CUBE-DISPLAY.3.0.0
2023-10-06 21:04:52,850 [WARN] PackLoader:240 - Cannot read IP mode file for STMicroelectronics.X-CUBE-BLE1.7.0.0
2023-10-06 21:04:52,861 [WARN] PackLoader:240 - Cannot read IP mode file for STMicroelectronics.X-CUBE-TOUCHGFX.4.22.0
2023-10-06 21:04:52,870 [WARN] PackLoader:240 - Cannot read IP mode file for STMicroelectronics.X-CUBE-TOUCHGFX.4.22.1
2023-10-06 21:04:52,879 [WARN] PackLoader:240 - Cannot read IP mode file for STMicroelectronics.FP-SNS-SMARTAG2.1.2.0
2023-10-06 21:04:52,896 [INFO] LogOutputStream:77 - [STDOUT_REDIRECT] 1 : Invalid condition id : UX_CORESTACK_Condition cause : null
2023-10-06 21:04:52,896 [INFO] LogOutputStream:77 - [STDOUT_REDIRECT] 1 : Invalid condition id : UX_CORESTACK_Condition cause : null
2023-10-06 21:04:52,898 [INFO] LogOutputStream:77 - [STDOUT_REDIRECT] 1 : Invalid condition id : UX_CORESTACK_Condition cause : null
2023-10-06 21:04:52,899 [INFO] LogOutputStream:77 - [STDOUT_REDIRECT] 1 : Invalid condition id : UX_CORESTACK_Condition cause : null
2023-10-06 21:04:52,900 [INFO] LogOutputStream:77 - [STDOUT_REDIRECT] 1 : Invalid condition id : UX_CORESTACK_Condition cause : null
2023-10-06 21:04:52,903 [WARN] PackLoader:240 - Cannot read IP mode file for STMicroelectronics.X-CUBE-AZRTOS-WL.2.0.0
2023-10-06 21:04:52,917 [WARN] PackLoader:240 - Cannot read IP mode file for WES.I-CUBE-Cesium.1.3.0
2023-10-06 21:04:52,927 [WARN] PackLoader:240 - Cannot read IP mode file for STMicroelectronics.X-CUBE-BLE2.3.3.0
2023-10-06 21:04:52,937 [WARN] PackLoader:240 - Cannot read IP mode file for STMicroelectronics.X-CUBE-DISPLAY.2.2.0
2023-10-06 21:04:52,954 [WARN] PackLoader:240 - Cannot read IP mode file for STMicroelectronics.X-CUBE-TOF1.3.2.0
2023-10-06 21:04:52,968 [WARN] PackLoader:240 - Cannot read IP mode file for STMicroelectronics.X-CUBE-TOUCHGFX.4.21.0
2023-10-06 21:04:53,029 [WARN] PackLoader:240 - Cannot read IP mode file for STMicroelectronics.X-CUBE-MEMS1.9.4.0
2023-10-06 21:04:53,212 [WARN] PackLoader:240 - Cannot read IP mode file for STMicroelectronics.X-CUBE-AI.7.3.0
2023-10-06 21:04:53,223 [WARN] PackLoader:240 - Cannot read IP mode file for STMicroelectronics.X-CUBE-ALGOBUILD.1.3.0
2023-10-06 21:04:53,249 [WARN] PackLoader:240 - Cannot read IP mode file for STMicroelectronics.X-CUBE-AZRTOS-G0.1.1.0
2023-10-06 21:04:53,261 [WARN] PackLoader:240 - Cannot read IP mode file for STMicroelectronics.X-CUBE-NFC4.3.0.0
2023-10-06 21:04:53,273 [WARN] PackLoader:240 - Cannot read IP mode file for STMicroelectronics.X-CUBE-BLEMGR.1.3.0
2023-10-06 21:04:53,283 [WARN] PackLoader:240 - Cannot read IP mode file for STMicroelectronics.FP-ATR-SIGFOX1.3.2.0
2023-10-06 21:04:53,312 [WARN] PackLoader:240 - Cannot read IP mode file for SEGGER.I-CUBE-embOS.1.3.1
2023-10-06 21:04:53,457 [WARN] PackLoader:240 - Cannot read IP mode file for SEGGER.I-CUBE-embOS.1.3.0
2023-10-06 21:04:53,581 [WARN] PackLoader:240 - Cannot read IP mode file for STMicroelectronics.X-CUBE-GNSS1.6.0.0
2023-10-06 21:04:53,611 [WARN] PackLoader:240 - Cannot read IP mode file for STMicroelectronics.X-CUBE-AZRTOS-F4.1.1.0
2023-10-06 21:04:53,663 [WARN] PackLoader:240 - Cannot read IP mode file for STMicroelectronics.X-CUBE-AZRTOS-L5.2.0.0
2023-10-06 21:04:53,728 [WARN] PackLoader:240 - Cannot read IP mode file for STMicroelectronics.X-CUBE-MEMS1.9.6.0
2023-10-06 21:04:53,858 [WARN] PackLoader:240 - Cannot read IP mode file for ITTIA_DB.I-CUBE-ITTIADB.8.8.0
2023-10-06 21:04:53,871 [WARN] PackLoader:240 - Cannot read IP mode file for emotas.I-CUBE-CANOPEN.1.1.3
2023-10-06 21:04:53,886 [WARN] PackLoader:240 - Cannot read IP mode file for STMicroelectronics.X-CUBE-BLEMGR.2.0.0
2023-10-06 21:04:53,898 [WARN] PackLoader:240 - Cannot read IP mode file for STMicroelectronics.X-CUBE-NFC4.2.0.5
2023-10-06 21:04:53,926 [WARN] ConditionMgr:438 - getConditionDescription Invalid condition id : UX DEVICE CLASS RTOS Condition cause : null
2023-10-06 21:04:53,927 [WARN] ConditionMgr:438 - getConditionDescription Invalid condition id : UX DEVICE CLASS RTOS Condition cause : null
2023-10-06 21:04:53,929 [WARN] PackLoader:240 - Cannot read IP mode file for STMicroelectronics.X-CUBE-AZRTOS-H7.3.1.0
2023-10-06 21:04:53,931 [WARN] ConditionMgr:1039 - genDependencies : Invalid condition id : UX DEVICE CLASS RTOS Condition cause : null
2023-10-06 21:04:53,931 [WARN] ConditionMgr:1039 - genDependencies : Invalid condition id : UX DEVICE CLASS RTOS Condition cause : null
2023-10-06 21:04:53,932 [WARN] ConditionMgr:1039 - genDependencies : Invalid condition id : UX DEVICE CLASS RTOS Condition cause : null
2023-10-06 21:04:53,932 [WARN] ConditionMgr:1039 - genDependencies : Invalid condition id : UX DEVICE CLASS RTOS Condition cause : null
2023-10-06 21:04:53,932 [WARN] ConditionMgr:1039 - genDependencies : Invalid condition id : UX DEVICE CLASS RTOS Condition cause : null
2023-10-06 21:04:53,944 [WARN] PackLoader:240 - Cannot read IP mode file for wolfSSL.I-CUBE-wolfSSL.5.5.3
2023-10-06 21:04:53,955 [WARN] PackLoader:240 - Cannot read IP mode file for STMicroelectronics.X-CUBE-NFC7.1.0.1
2023-10-06 21:04:53,968 [WARN] PackLoader:240 - Cannot read IP mode file for STMicroelectronics.X-CUBE-NFC7.1.0.0
2023-10-06 21:04:53,982 [WARN] PackLoader:240 - Cannot read IP mode file for STMicroelectronics.X-CUBE-NFC6.3.0.0
2023-10-06 21:04:53,995 [WARN] PackLoader:240 - Cannot read IP mode file for STMicroelectronics.X-CUBE-EEPRMA1.4.1.0
2023-10-06 21:04:54,006 [WARN] PackLoader:240 - Cannot read IP mode file for STMicroelectronics.X-CUBE-AI.8.1.0
2023-10-06 21:04:54,036 [WARN] ConditionMgr:438 - getConditionDescription Invalid condition id : LAN8742 Phy interface Condition cause : null
2023-10-06 21:04:54,037 [WARN] PackLoader:240 - Cannot read IP mode file for STMicroelectronics.X-CUBE-AZRTOS-L4.2.0.0
2023-10-06 21:04:54,037 [WARN] ConditionMgr:1039 - genDependencies : Invalid condition id : LAN8742 Phy interface Condition cause : null
2023-10-06 21:04:54,038 [WARN] ConditionMgr:1039 - genDependencies : Invalid condition id : LAN8742 Phy interface Condition cause : null
2023-10-06 21:04:54,038 [WARN] ConditionMgr:1039 - genDependencies : Invalid condition id : LAN8742 Phy interface Condition cause : null
2023-10-06 21:04:54,057 [WARN] PackLoader:240 - Cannot read IP mode file for STMicroelectronics.X-CUBE-SFXS2LP1.4.0.0
2023-10-06 21:04:54,083 [WARN] PackLoader:240 - Cannot read IP mode file for STMicroelectronics.X-CUBE-AZRTOS-H7.3.0.0
2023-10-06 21:04:54,095 [WARN] PackLoader:240 - Cannot read IP mode file for STMicroelectronics.X-CUBE-ISPU.1.1.0
2023-10-06 21:04:54,107 [WARN] PackLoader:240 - Cannot read IP mode file for RoweBots.I-CUBE-UNISONRTOS.5.5.0-4
2023-10-06 21:04:54,133 [WARN] ConditionMgr:438 - getConditionDescription Invalid condition id : UX DEVICE CLASS RTOS Condition cause : null
2023-10-06 21:04:54,133 [WARN] ConditionMgr:438 - getConditionDescription Invalid condition id : UX DEVICE CLASS RTOS Condition cause : null
2023-10-06 21:04:54,135 [WARN] PackLoader:240 - Cannot read IP mode file for STMicroelectronics.X-CUBE-AZRTOS-WB.2.0.0
2023-10-06 21:04:54,135 [WARN] ConditionMgr:1039 - genDependencies : Invalid condition id : UX DEVICE CLASS RTOS Condition cause : null
2023-10-06 21:04:54,136 [WARN] ConditionMgr:1039 - genDependencies : Invalid condition id : UX DEVICE CLASS RTOS Condition cause : null
2023-10-06 21:04:54,136 [WARN] ConditionMgr:1039 - genDependencies : Invalid condition id : UX DEVICE CLASS RTOS Condition cause : null
2023-10-06 21:04:54,136 [WARN] ConditionMgr:1039 - genDependencies : Invalid condition id : UX DEVICE CLASS RTOS Condition cause : null
2023-10-06 21:04:54,136 [WARN] ConditionMgr:1039 - genDependencies : Invalid condition id : UX DEVICE CLASS RTOS Condition cause : null
2023-10-06 21:04:54,159 [WARN] PackLoader:240 - Cannot read IP mode file for STMicroelectronics.X-CUBE-AZRTOS-L5.1.1.0
2023-10-06 21:04:54,175 [WARN] PackLoader:240 - Cannot read IP mode file for STMicroelectronics.X-CUBE-SUBG2.5.0.0
2023-10-06 21:04:54,190 [WARN] PackLoader:240 - Cannot read IP mode file for STMicroelectronics.X-CUBE-TOF1.3.3.1
2023-10-06 21:04:54,819 [WARN] PackLoader:240 - Cannot read IP mode file for STMicroelectronics.X-CUBE-AZRTOS-G4.2.0.0
2023-10-06 21:04:54,832 [WARN] PackLoader:240 - Cannot read IP mode file for STMicroelectronics.FP-ATR-ASTRA1.1.1.1
2023-10-06 21:04:54,856 [WARN] PackLoader:240 - Cannot read IP mode file for STMicroelectronics.X-CUBE-AZRTOS-G4.1.0.0
2023-10-06 21:04:54,883 [WARN] PackLoader:240 - Cannot read IP mode file for STMicroelectronics.X-CUBE-AZRTOS-L4.1.0.0
2023-10-06 21:04:55,033 [WARN] PackLoader:240 - Cannot read IP mode file for STMicroelectronics.X-CUBE-FREERTOS.1.1.0
2023-10-06 21:04:55,072 [WARN] PackLoader:240 - Cannot read IP mode file for STMicroelectronics.X-CUBE-AZRTOS-WL.1.0.0
2023-10-06 21:04:55,089 [WARN] PackLoader:240 - Cannot read IP mode file for portGmbH.I-Cube-SoM-uGOAL.1.1.0
2023-10-06 21:04:55,101 [WARN] PackLoader:240 - Cannot read IP mode file for STMicroelectronics.X-CUBE-ALS.1.0.1
2023-10-06 21:04:55,120 [WARN] PackLoader:240 - Cannot read IP mode file for STMicroelectronics.X-CUBE-AZRTOS-WB.1.1.0
2023-10-06 21:04:55,139 [WARN] PackLoader:240 - Cannot read IP mode file for STMicroelectronics.FP-ATR-ASTRA1.2.0.0
2023-10-06 21:04:55,139 [INFO] ThirdParty:978 - Integrity check success = true
2023-10-06 21:04:55,140 [INFO] IntegrityCheckThread:100 - exiting critical section [integrity check]
2023-10-06 21:04:55,140 [INFO] IntegrityCheckThread:103 - End integrity checks thread
2023-10-06 21:04:55,333 [INFO] WebApp:157 - Instantiating new browser for Auth
2023-10-06 21:04:55,970 [INFO] WebApp:753 - Register for checkConnection events
2023-10-06 21:04:55,970 [INFO] WebApp:390 - Apply proxy settings
2023-10-06 21:04:55,970 [INFO] WebApp:475 - Chromium requires no authentication
2023-10-06 21:04:55,977 [INFO] WebApp:418 - Direct internet connection detected
2023-10-06 21:04:56,134 [INFO] WebApp:188 - Starting web application
2023-10-06 21:04:56,135 [INFO] WebApp:520 - Web application path used D:\ST\STM32CubeIDE_1.13.2\STM32CubeIDE\plugins\com.st.stm32cube.common.mx_6.9.2.202309101412\db\plugins\mcufinder\reactClient1\index.html
2023-10-06 21:05:21,897 [INFO] Activator:176 - 


2023-10-06 21:05:21,899 [INFO] Activator:177 - !SESSION log4j initialized
2023-10-06 21:05:26,484 [INFO] LogOutputStream:77 - [STDOUT_REDIRECT] 
2023-10-06 21:05:27,653 [INFO] ApplicationProperties:184 - Using Application install path: D:\ST\STM32CubeIDE_1.13.2\STM32CubeIDE\plugins\com.st.stm32cube.common.mx_6.9.2.202309101412
2023-10-06 21:05:27,669 [INFO] DbMcusXml:78 - Set database path to: D:\ST\STM32CubeIDE_1.13.2\STM32CubeIDE\plugins\com.st.stm32cube.common.mx_6.9.2.202309101412\\db\/mcu/
2023-10-06 21:05:27,669 [INFO] ApiDb:274 - Set plugin database path to: D:\ST\STM32CubeIDE_1.13.2\STM32CubeIDE\plugins\com.st.stm32cube.common.mx_6.9.2.202309101412\\db\/plugins/boardmanager/
2023-10-06 21:05:27,669 [WARN] ApiDb:259 - Overriding images path with different value:  => D:\ST\STM32CubeIDE_1.13.2\STM32CubeIDE\plugins\com.st.stm32cube.common.mx_6.9.2.202309101412\\db\/plugins/mcufinder/images/
2023-10-06 21:05:27,677 [INFO] ApiDb:250 - Set database path to: C:\Users\ayome\.stmcufinder\plugins\mcufinder//mcu/
2023-10-06 21:05:27,677 [INFO] DbMcusAds:125 - Set database path to: C:\Users\ayome\.stmcufinder\plugins\mcufinder//mcu/
2023-10-06 21:05:27,681 [INFO] CrossReferenceDbSqlite:203 - Set database path to: C:\Users\ayome\.stmcufinder\plugins\mcufinder//mcu/cs/
2023-10-06 21:05:27,783 [INFO] RulesReader:64 - Compatibility file has been processed (293 Rules)
2023-10-06 21:05:27,848 [INFO] DbMcusXml:78 - Set database path to: D:\ST\STM32CubeIDE_1.13.2\STM32CubeIDE\plugins\com.st.stm32cube.common.mx_6.9.2.202309101412\\db\/mcu/
2023-10-06 21:05:27,848 [INFO] ApiDb:274 - Set plugin database path to: D:\ST\STM32CubeIDE_1.13.2\STM32CubeIDE\plugins\com.st.stm32cube.common.mx_6.9.2.202309101412\\db\/plugins/boardmanager/
2023-10-06 21:05:27,848 [INFO] ApiDb:261 - Set plugin images path to: D:\ST\STM32CubeIDE_1.13.2\STM32CubeIDE\plugins\com.st.stm32cube.common.mx_6.9.2.202309101412\\db\/plugins/mcufinder/images/
2023-10-06 21:05:27,848 [WARN] DbFile:41 - Overriding database path with different value: C:\Users\ayome\.stmcufinder\plugins\mcufinder/ => C:\Users\ayome\.stmcufinder\plugins\mcufinder
2023-10-06 21:05:27,848 [INFO] ApiDb:250 - Set database path to: C:\Users\ayome\.stmcufinder\plugins\mcufinder//mcu/
2023-10-06 21:05:27,848 [WARN] DbFile:41 - Overriding database path with different value: C:\Users\ayome\.stmcufinder\plugins\mcufinder/ => C:\Users\ayome\.stmcufinder\plugins\mcufinder
2023-10-06 21:05:27,848 [INFO] DbMcusAds:125 - Set database path to: C:\Users\ayome\.stmcufinder\plugins\mcufinder//mcu/
2023-10-06 21:05:27,848 [WARN] DbFile:41 - Overriding database path with different value: C:\Users\ayome\.stmcufinder\plugins\mcufinder/ => C:\Users\ayome\.stmcufinder\plugins\mcufinder
2023-10-06 21:05:27,848 [WARN] DbFile:41 - Overriding database path with different value: C:\Users\ayome\.stmcufinder\plugins\mcufinder/ => C:\Users\ayome\.stmcufinder\plugins\mcufinder
2023-10-06 21:05:27,848 [INFO] CrossReferenceDbSqlite:203 - Set database path to: C:\Users\ayome\.stmcufinder\plugins\mcufinder//mcu/cs/
2023-10-06 21:05:27,906 [INFO] MainPanel:262 - HeapMemory: 268435456
2023-10-06 21:05:27,967 [INFO] DbMcusXml:78 - Set database path to: D:\ST\STM32CubeIDE_1.13.2\STM32CubeIDE\plugins\com.st.stm32cube.common.mx_6.9.2.202309101412\\db\/mcu/
2023-10-06 21:05:27,968 [INFO] ApiDb:274 - Set plugin database path to: D:\ST\STM32CubeIDE_1.13.2\STM32CubeIDE\plugins\com.st.stm32cube.common.mx_6.9.2.202309101412\\db\/plugins/boardmanager/
2023-10-06 21:05:27,968 [INFO] ApiDb:261 - Set plugin images path to: D:\ST\STM32CubeIDE_1.13.2\STM32CubeIDE\plugins\com.st.stm32cube.common.mx_6.9.2.202309101412\\db\/plugins/mcufinder/images/
2023-10-06 21:05:27,968 [WARN] DbFile:41 - Overriding database path with different value: C:\Users\ayome\.stmcufinder\plugins\mcufinder/ => C:\Users\ayome\.stmcufinder\plugins\mcufinder
2023-10-06 21:05:27,968 [INFO] ApiDb:250 - Set database path to: C:\Users\ayome\.stmcufinder\plugins\mcufinder//mcu/
2023-10-06 21:05:27,968 [WARN] DbFile:41 - Overriding database path with different value: C:\Users\ayome\.stmcufinder\plugins\mcufinder/ => C:\Users\ayome\.stmcufinder\plugins\mcufinder
2023-10-06 21:05:27,968 [INFO] DbMcusAds:125 - Set database path to: C:\Users\ayome\.stmcufinder\plugins\mcufinder//mcu/
2023-10-06 21:05:27,968 [WARN] DbFile:41 - Overriding database path with different value: C:\Users\ayome\.stmcufinder\plugins\mcufinder/ => C:\Users\ayome\.stmcufinder\plugins\mcufinder
2023-10-06 21:05:27,968 [WARN] DbFile:41 - Overriding database path with different value: C:\Users\ayome\.stmcufinder\plugins\mcufinder/ => C:\Users\ayome\.stmcufinder\plugins\mcufinder
2023-10-06 21:05:27,969 [INFO] CrossReferenceDbSqlite:203 - Set database path to: C:\Users\ayome\.stmcufinder\plugins\mcufinder//mcu/cs/
2023-10-06 21:05:27,983 [INFO] ApplicationProperties:184 - Using Application install path: D:\ST\STM32CubeIDE_1.13.2\STM32CubeIDE\plugins\com.st.stm32cube.common.mx_6.9.2.202309101412
2023-10-06 21:05:27,984 [INFO] PluginManage:196 - Search for loadable plugins [exclusion list=, ]
2023-10-06 21:05:27,985 [INFO] PluginManage:310 - Check plugin analytics
2023-10-06 21:05:28,133 [INFO] AnalyticsPlugin:253 - Accepted Software Licenses: 
2023-10-06 21:05:28,133 [INFO] AnalyticsPlugin:255 - Accepted CMSIS Pack Licenses: 
2023-10-06 21:05:28,134 [INFO] AnalyticsPlugin:257 - Accepted Firmware Licenses: 
2023-10-06 21:05:28,137 [INFO] PluginManage:359 - Loaded plugin analytics (category:tool,tabindex:-1)
2023-10-06 21:05:28,141 [INFO] PluginManage:310 - Check plugin cadmodel
2023-10-06 21:05:28,145 [INFO] CADModel:105 - Init CAD model plugin
2023-10-06 21:05:28,145 [INFO] PluginManage:359 - Loaded plugin cadmodel (category:power,tabindex:5)
2023-10-06 21:05:28,145 [INFO] PluginManage:310 - Check plugin clock
2023-10-06 21:05:28,157 [INFO] PluginManage:359 - Loaded plugin clock (category:base,tabindex:2)
2023-10-06 21:05:28,158 [INFO] PluginManage:310 - Check plugin ddr
2023-10-06 21:05:28,159 [INFO] PluginManage:359 - Loaded plugin ddr (category:tool,tabindex:6)
2023-10-06 21:05:28,160 [INFO] PluginManage:310 - Check plugin filemanager
2023-10-06 21:05:28,269 [INFO] PluginManage:359 - Loaded plugin filemanager (category:base,tabindex:10)
2023-10-06 21:05:28,269 [INFO] PluginManage:310 - Check plugin ipmanager
2023-10-06 21:05:28,275 [INFO] PluginManage:359 - Loaded plugin ipmanager (category:base,tabindex:5)
2023-10-06 21:05:28,275 [INFO] PluginManage:310 - Check plugin lpbam
2023-10-06 21:05:28,283 [INFO] PluginManage:359 - Loaded plugin lpbam (category:base,tabindex:0)
2023-10-06 21:05:28,283 [INFO] PluginManage:310 - Check plugin memorymap
2023-10-06 21:05:28,293 [INFO] PluginManage:359 - Loaded plugin memorymap (category:base,tabindex:4)
2023-10-06 21:05:28,294 [INFO] PluginManage:310 - Check plugin pinoutandconfiguration
2023-10-06 21:05:28,301 [INFO] PluginManage:359 - Loaded plugin pinoutandconfiguration (category:base,tabindex:1)
2023-10-06 21:05:28,302 [INFO] PluginManage:310 - Check plugin pinoutconfig
2023-10-06 21:05:28,404 [WARN] SupportedApi:132 - Cannot load RTOS API schema: s4s-elt-must-match.1: The content of 'definitions' must match (annotation?, (simpleType | complexType)?, (unique | key | keyref)*)). A problem was found starting at: attribute.
2023-10-06 21:05:28,526 [INFO] PluginManage:359 - Loaded plugin pinoutconfig (category:base,tabindex:0)
2023-10-06 21:05:28,526 [INFO] PluginManage:310 - Check plugin power
2023-10-06 21:05:28,533 [INFO] PluginManage:359 - Loaded plugin power (category:power,tabindex:4)
2023-10-06 21:05:28,533 [INFO] PluginManage:310 - Check plugin projectmanager
2023-10-06 21:05:28,544 [INFO] PluginManage:359 - Loaded plugin projectmanager (category:projectmanager,tabindex:3)
2023-10-06 21:05:28,544 [INFO] PluginManage:310 - Check plugin thirdparty
2023-10-06 21:05:28,640 [INFO] PluginManage:359 - Loaded plugin thirdparty (category:base,tabindex:-1)
2023-10-06 21:05:28,640 [WARN] IntegrityCheckThread:84 - waiting for thirdparty lock release [integrity check]
2023-10-06 21:05:28,640 [INFO] PluginManage:310 - Check plugin tools
2023-10-06 21:05:28,640 [INFO] IntegrityCheckThread:86 - entering critical section [integrity check]
2023-10-06 21:05:28,640 [INFO] ThirdPartyUpdaterWithRetryManager:70 - Updater plugin not ready yet. [1/15]
2023-10-06 21:05:28,642 [INFO] PluginManage:359 - Loaded plugin tools (category:base,tabindex:7)
2023-10-06 21:05:28,642 [INFO] PluginManage:310 - Check plugin tutovideos
2023-10-06 21:05:28,796 [INFO] PluginManage:359 - Loaded plugin tutovideos (category:base,tabindex:-1)
2023-10-06 21:05:28,797 [INFO] PluginManage:310 - Check plugin updater
2023-10-06 21:05:28,806 [INFO] PluginManage:359 - Loaded plugin updater (category:base,tabindex:12)
2023-10-06 21:05:28,807 [INFO] PluginManage:310 - Check plugin userauth
2023-10-06 21:05:28,810 [INFO] UserAuth:113 - Init User Auth plugin
2023-10-06 21:05:28,810 [INFO] PluginManage:359 - Loaded plugin userauth (category:base,tabindex:14)
2023-10-06 21:05:28,811 [INFO] PluginManage:283 - PluginManage : Loaded plugins [17]
2023-10-06 21:05:28,973 [INFO] PinOutPanel:1499 - setPackage(No Configuration,No Configuration)
2023-10-06 21:05:29,051 [INFO] CADModel:165 - CPN selected for project level
2023-10-06 21:05:29,052 [INFO] CADModel:114 - Register for checkConnection events
2023-10-06 21:05:29,063 [INFO] IPUIPlugin:80 - create IPUIPlugin
2023-10-06 21:05:29,063 [INFO] PluginManager:220 - loadIPPluginJar : add adc
2023-10-06 21:05:29,065 [INFO] IPUIPlugin:80 - create IPUIPlugin
2023-10-06 21:05:29,065 [INFO] PluginManager:220 - loadIPPluginJar : add aes
2023-10-06 21:05:29,067 [INFO] IPUIPlugin:80 - create IPUIPlugin
2023-10-06 21:05:29,067 [INFO] PluginManager:220 - loadIPPluginJar : add can
2023-10-06 21:05:29,068 [INFO] IPUIPlugin:80 - create IPUIPlugin
2023-10-06 21:05:29,068 [INFO] PluginManager:220 - loadIPPluginJar : add comp
2023-10-06 21:05:29,069 [INFO] IPUIPlugin:80 - create IPUIPlugin
2023-10-06 21:05:29,069 [INFO] PluginManager:220 - loadIPPluginJar : add cryp
2023-10-06 21:05:29,070 [INFO] IPUIPlugin:80 - create IPUIPlugin
2023-10-06 21:05:29,071 [INFO] PluginManager:220 - loadIPPluginJar : add dfsdm
2023-10-06 21:05:29,074 [INFO] IPUIPlugin:80 - create IPUIPlugin
2023-10-06 21:05:29,074 [INFO] PluginManager:220 - loadIPPluginJar : add dma
2023-10-06 21:05:29,076 [INFO] IPUIPlugin:80 - create IPUIPlugin
2023-10-06 21:05:29,076 [INFO] PluginManager:220 - loadIPPluginJar : add dma3
2023-10-06 21:05:29,077 [INFO] IPUIPlugin:80 - create IPUIPlugin
2023-10-06 21:05:29,077 [INFO] PluginManager:220 - loadIPPluginJar : add fatfs
2023-10-06 21:05:29,081 [INFO] IPUIPlugin:80 - create IPUIPlugin
2023-10-06 21:05:29,081 [INFO] PluginManager:220 - loadIPPluginJar : add fmc
2023-10-06 21:05:29,084 [INFO] IPUIPlugin:80 - create IPUIPlugin
2023-10-06 21:05:29,084 [INFO] PluginManager:220 - loadIPPluginJar : add freertos
2023-10-06 21:05:29,085 [INFO] IPUIPlugin:80 - create IPUIPlugin
2023-10-06 21:05:29,085 [INFO] PluginManager:220 - loadIPPluginJar : add genericplugin
2023-10-06 21:05:29,087 [INFO] IPUIPlugin:80 - create IPUIPlugin
2023-10-06 21:05:29,087 [INFO] PluginManager:220 - loadIPPluginJar : add gfxmmu
2023-10-06 21:05:29,091 [INFO] IPUIPlugin:80 - create IPUIPlugin
2023-10-06 21:05:29,092 [INFO] PluginManager:220 - loadIPPluginJar : add gic
2023-10-06 21:05:29,095 [INFO] IPUIPlugin:80 - create IPUIPlugin
2023-10-06 21:05:29,095 [INFO] PluginManager:220 - loadIPPluginJar : add gpio
2023-10-06 21:05:29,098 [INFO] IPUIPlugin:80 - create IPUIPlugin
2023-10-06 21:05:29,098 [INFO] PluginManager:220 - loadIPPluginJar : add gtzc
2023-10-06 21:05:29,100 [INFO] IPUIPlugin:80 - create IPUIPlugin
2023-10-06 21:05:29,100 [INFO] PluginManager:220 - loadIPPluginJar : add hash
2023-10-06 21:05:29,102 [INFO] IPUIPlugin:80 - create IPUIPlugin
2023-10-06 21:05:29,102 [INFO] PluginManager:220 - loadIPPluginJar : add i2c
2023-10-06 21:05:29,103 [INFO] IPUIPlugin:80 - create IPUIPlugin
2023-10-06 21:05:29,103 [INFO] PluginManager:220 - loadIPPluginJar : add i2s
2023-10-06 21:05:29,106 [INFO] IPUIPlugin:80 - create IPUIPlugin
2023-10-06 21:05:29,106 [INFO] PluginManager:220 - loadIPPluginJar : add i3c
2023-10-06 21:05:29,108 [INFO] IPUIPlugin:80 - create IPUIPlugin
2023-10-06 21:05:29,108 [INFO] PluginManager:220 - loadIPPluginJar : add ipddr
2023-10-06 21:05:29,112 [INFO] IPUIPlugin:80 - create IPUIPlugin
2023-10-06 21:05:29,112 [INFO] PluginManager:220 - loadIPPluginJar : add linkedlist
2023-10-06 21:05:29,114 [INFO] IPUIPlugin:80 - create IPUIPlugin
2023-10-06 21:05:29,114 [INFO] PluginManager:220 - loadIPPluginJar : add lorawan
2023-10-06 21:05:29,115 [INFO] IPUIPlugin:80 - create IPUIPlugin
2023-10-06 21:05:29,115 [INFO] PluginManager:220 - loadIPPluginJar : add ltdc
2023-10-06 21:05:29,118 [INFO] IPUIPlugin:80 - create IPUIPlugin
2023-10-06 21:05:29,118 [INFO] PluginManager:220 - loadIPPluginJar : add mdma
2023-10-06 21:05:29,120 [INFO] IPUIPlugin:80 - create IPUIPlugin
2023-10-06 21:05:29,120 [INFO] PluginManager:220 - loadIPPluginJar : add nvic
2023-10-06 21:05:29,122 [INFO] IPUIPlugin:80 - create IPUIPlugin
2023-10-06 21:05:29,123 [INFO] PluginManager:220 - loadIPPluginJar : add opamp
2023-10-06 21:05:29,124 [INFO] IPUIPlugin:80 - create IPUIPlugin
2023-10-06 21:05:29,124 [INFO] PluginManager:220 - loadIPPluginJar : add openamp
2023-10-06 21:05:29,126 [INFO] IPUIPlugin:80 - create IPUIPlugin
2023-10-06 21:05:29,127 [INFO] PluginManager:220 - loadIPPluginJar : add pdm2pcm
2023-10-06 21:05:29,132 [INFO] IPUIPlugin:80 - create IPUIPlugin
2023-10-06 21:05:29,134 [INFO] PluginManager:220 - loadIPPluginJar : add plateformsettings
2023-10-06 21:05:29,135 [INFO] IPUIPlugin:80 - create IPUIPlugin
2023-10-06 21:05:29,135 [INFO] PluginManager:220 - loadIPPluginJar : add quadspi
2023-10-06 21:05:29,136 [INFO] IPUIPlugin:80 - create IPUIPlugin
2023-10-06 21:05:29,136 [INFO] PluginManager:220 - loadIPPluginJar : add resmgrutility
2023-10-06 21:05:29,139 [INFO] IPUIPlugin:80 - create IPUIPlugin
2023-10-06 21:05:29,139 [INFO] PluginManager:220 - loadIPPluginJar : add sai
2023-10-06 21:05:29,140 [INFO] IPUIPlugin:80 - create IPUIPlugin
2023-10-06 21:05:29,140 [INFO] PluginManager:220 - loadIPPluginJar : add spi
2023-10-06 21:05:29,143 [INFO] IPUIPlugin:80 - create IPUIPlugin
2023-10-06 21:05:29,143 [INFO] PluginManager:220 - loadIPPluginJar : add stm32_wpan
2023-10-06 21:05:29,144 [INFO] IPUIPlugin:80 - create IPUIPlugin
2023-10-06 21:05:29,144 [INFO] PluginManager:220 - loadIPPluginJar : add tim
2023-10-06 21:05:29,145 [INFO] IPUIPlugin:80 - create IPUIPlugin
2023-10-06 21:05:29,145 [INFO] PluginManager:220 - loadIPPluginJar : add touchsensing
2023-10-06 21:05:29,147 [INFO] IPUIPlugin:80 - create IPUIPlugin
2023-10-06 21:05:29,147 [INFO] PluginManager:220 - loadIPPluginJar : add tracer_emb
2023-10-06 21:05:29,148 [INFO] IPUIPlugin:80 - create IPUIPlugin
2023-10-06 21:05:29,148 [INFO] PluginManager:220 - loadIPPluginJar : add ts
2023-10-06 21:05:29,149 [INFO] IPUIPlugin:80 - create IPUIPlugin
2023-10-06 21:05:29,149 [INFO] PluginManager:220 - loadIPPluginJar : add tsc
2023-10-06 21:05:29,150 [INFO] IPUIPlugin:80 - create IPUIPlugin
2023-10-06 21:05:29,150 [INFO] PluginManager:220 - loadIPPluginJar : add ucpd
2023-10-06 21:05:29,152 [INFO] IPUIPlugin:80 - create IPUIPlugin
2023-10-06 21:05:29,152 [INFO] PluginManager:220 - loadIPPluginJar : add usart
2023-10-06 21:05:29,154 [INFO] IPUIPlugin:80 - create IPUIPlugin
2023-10-06 21:05:29,154 [INFO] PluginManager:220 - loadIPPluginJar : add usbx
2023-10-06 21:05:29,270 [INFO] CADModel:165 - CPN selected for project level
2023-10-06 21:05:29,270 [INFO] CADModel:114 - Register for checkConnection events
2023-10-06 21:05:29,270 [FATAL] Updater:308 - Updater called before beeing initialized
2023-10-06 21:05:29,271 [ERROR] CADModel:125 - Updater not yet initialized, retry later 
2023-10-06 21:05:29,368 [INFO] CADModel:165 - CPN selected for project level
2023-10-06 21:05:29,368 [INFO] CADModel:114 - Register for checkConnection events
2023-10-06 21:05:29,368 [FATAL] Updater:308 - Updater called before beeing initialized
2023-10-06 21:05:29,368 [ERROR] CADModel:125 - Updater not yet initialized, retry later 
2023-10-06 21:05:29,370 [FATAL] Updater:308 - Updater called before beeing initialized
2023-10-06 21:05:29,475 [FATAL] Updater:308 - Updater called before beeing initialized
2023-10-06 21:05:29,481 [INFO] DbMcusAds:53 - JSON generation date=Tue Mar 07 09:50:55 CET 2023 (1678179055114)
2023-10-06 21:05:29,481 [FATAL] Updater:308 - Updater called before beeing initialized
2023-10-06 21:05:29,509 [WARN] DetailPanel:346 - Failed to get advertising image, set to default
2023-10-06 21:05:29,585 [FATAL] Updater:308 - Updater called before beeing initialized
2023-10-06 21:05:29,586 [FATAL] Updater:308 - Updater called before beeing initialized
2023-10-06 21:05:29,586 [FATAL] Updater:308 - Updater called before beeing initialized
2023-10-06 21:05:29,586 [WARN] DetailPanel:346 - Failed to get advertising image, set to default
2023-10-06 21:05:29,587 [FATAL] Updater:308 - Updater called before beeing initialized
2023-10-06 21:05:29,619 [ERROR] Updater:1120 - MainUpdater not yet initialized. External WinMGr cannot be set.
2023-10-06 21:05:29,621 [INFO] Updater:1056 - Updater Version found : 6.9.2
2023-10-06 21:05:29,633 [INFO] ApplicationProperties:184 - Using Application install path: D:\ST\STM32CubeIDE_1.13.2\STM32CubeIDE\plugins\com.st.stm32cube.common.mx_6.9.2.202309101412
2023-10-06 21:05:29,708 [INFO] MainUpdater:2868 - connection check result : 10
2023-10-06 21:05:29,709 [INFO] MainUpdater:285 - Updater Check For Update Now.
2023-10-06 21:05:29,709 [INFO] MicroXplorer:498 - Change Database Version : DB.6.0.92
2023-10-06 21:05:29,714 [INFO] McuFinderGlobals:63 - Set McuFinder mode to 2 (CubeIDE integrated)
2023-10-06 21:05:29,714 [INFO] UserAuth:179 - activating auth plugin
2023-10-06 21:05:29,716 [INFO] UserAuth:393 - Internet connection configuration mode: 1
2023-10-06 21:05:29,726 [INFO] JxBrowserEngine:151 - Initiate JxBrowser Engine with user profile folder
2023-10-06 21:05:29,862 [INFO] CheckServerUpdateThread:120 - End of CheckServer Thread
2023-10-06 21:05:30,173 [INFO] WebApp:157 - Instantiating new browser for Auth
2023-10-06 21:05:30,600 [INFO] WebApp:753 - Register for checkConnection events
2023-10-06 21:05:30,600 [INFO] WebApp:390 - Apply proxy settings
2023-10-06 21:05:30,600 [INFO] WebApp:475 - Chromium requires no authentication
2023-10-06 21:05:30,607 [INFO] WebApp:418 - Direct internet connection detected
2023-10-06 21:05:30,753 [INFO] WebApp:188 - Starting web application
2023-10-06 21:05:30,754 [INFO] WebApp:520 - Web application path used D:\ST\STM32CubeIDE_1.13.2\STM32CubeIDE\plugins\com.st.stm32cube.common.mx_6.9.2.202309101412\db\plugins\mcufinder\reactClient1\index.html
2023-10-06 21:05:31,762 [WARN] PackLoader:240 - Cannot read IP mode file for STMicroelectronics.X-CUBE-SMBUS.2.1.0
2023-10-06 21:05:31,785 [WARN] PackLoader:240 - Cannot read IP mode file for STMicroelectronics.X-CUBE-AZRTOS-F7.1.1.0
2023-10-06 21:05:31,794 [WARN] PackLoader:240 - Cannot read IP mode file for STMicroelectronics.FP-SNS-MOTENV1.4.3.2
2023-10-06 21:05:31,802 [WARN] PackLoader:240 - Cannot read IP mode file for STMicroelectronics.X-CUBE-BLE1.6.2.4
2023-10-06 21:05:31,806 [WARN] PackLoader:240 - Cannot read IP mode file for STMicroelectronics.FP-SNS-FLIGHT1.5.0.2
2023-10-06 21:05:31,812 [WARN] PackLoader:240 - Cannot read IP mode file for STMicroelectronics.X-CUBE-DISPLAY.3.0.0
2023-10-06 21:05:31,819 [WARN] PackLoader:240 - Cannot read IP mode file for STMicroelectronics.X-CUBE-BLE1.7.0.0
2023-10-06 21:05:31,823 [WARN] PackLoader:240 - Cannot read IP mode file for STMicroelectronics.X-CUBE-TOUCHGFX.4.22.0
2023-10-06 21:05:31,825 [WARN] PackLoader:240 - Cannot read IP mode file for STMicroelectronics.X-CUBE-TOUCHGFX.4.22.1
2023-10-06 21:05:31,828 [WARN] PackLoader:240 - Cannot read IP mode file for STMicroelectronics.FP-SNS-SMARTAG2.1.2.0
2023-10-06 21:05:31,837 [INFO] LogOutputStream:77 - [STDOUT_REDIRECT] 1 : Invalid condition id : UX_CORESTACK_Condition cause : null
2023-10-06 21:05:31,838 [INFO] LogOutputStream:77 - [STDOUT_REDIRECT] 1 : Invalid condition id : UX_CORESTACK_Condition cause : null
2023-10-06 21:05:31,839 [INFO] LogOutputStream:77 - [STDOUT_REDIRECT] 1 : Invalid condition id : UX_CORESTACK_Condition cause : null
2023-10-06 21:05:31,840 [INFO] LogOutputStream:77 - [STDOUT_REDIRECT] 1 : Invalid condition id : UX_CORESTACK_Condition cause : null
2023-10-06 21:05:31,841 [INFO] LogOutputStream:77 - [STDOUT_REDIRECT] 1 : Invalid condition id : UX_CORESTACK_Condition cause : null
2023-10-06 21:05:31,843 [WARN] PackLoader:240 - Cannot read IP mode file for STMicroelectronics.X-CUBE-AZRTOS-WL.2.0.0
2023-10-06 21:05:31,851 [WARN] PackLoader:240 - Cannot read IP mode file for WES.I-CUBE-Cesium.1.3.0
2023-10-06 21:05:31,854 [WARN] PackLoader:240 - Cannot read IP mode file for STMicroelectronics.X-CUBE-BLE2.3.3.0
2023-10-06 21:05:31,861 [WARN] PackLoader:240 - Cannot read IP mode file for STMicroelectronics.X-CUBE-DISPLAY.2.2.0
2023-10-06 21:05:31,871 [WARN] PackLoader:240 - Cannot read IP mode file for STMicroelectronics.X-CUBE-TOF1.3.2.0
2023-10-06 21:05:31,879 [WARN] PackLoader:240 - Cannot read IP mode file for STMicroelectronics.X-CUBE-TOUCHGFX.4.21.0
2023-10-06 21:05:31,940 [WARN] PackLoader:240 - Cannot read IP mode file for STMicroelectronics.X-CUBE-MEMS1.9.4.0
2023-10-06 21:05:32,102 [WARN] PackLoader:240 - Cannot read IP mode file for STMicroelectronics.X-CUBE-AI.7.3.0
2023-10-06 21:05:32,119 [WARN] PackLoader:240 - Cannot read IP mode file for STMicroelectronics.X-CUBE-ALGOBUILD.1.3.0
2023-10-06 21:05:32,142 [WARN] PackLoader:240 - Cannot read IP mode file for STMicroelectronics.X-CUBE-AZRTOS-G0.1.1.0
2023-10-06 21:05:32,152 [WARN] PackLoader:240 - Cannot read IP mode file for STMicroelectronics.X-CUBE-NFC4.3.0.0
2023-10-06 21:05:32,158 [WARN] PackLoader:240 - Cannot read IP mode file for STMicroelectronics.X-CUBE-BLEMGR.1.3.0
2023-10-06 21:05:32,164 [WARN] PackLoader:240 - Cannot read IP mode file for STMicroelectronics.FP-ATR-SIGFOX1.3.2.0
2023-10-06 21:05:32,203 [WARN] PackLoader:240 - Cannot read IP mode file for SEGGER.I-CUBE-embOS.1.3.1
2023-10-06 21:05:32,260 [WARN] PackLoader:240 - Cannot read IP mode file for SEGGER.I-CUBE-embOS.1.3.0
2023-10-06 21:05:32,309 [WARN] PackLoader:240 - Cannot read IP mode file for STMicroelectronics.X-CUBE-GNSS1.6.0.0
2023-10-06 21:05:32,345 [WARN] PackLoader:240 - Cannot read IP mode file for STMicroelectronics.X-CUBE-AZRTOS-F4.1.1.0
2023-10-06 21:05:32,373 [WARN] PackLoader:240 - Cannot read IP mode file for STMicroelectronics.X-CUBE-AZRTOS-L5.2.0.0
2023-10-06 21:05:32,410 [WARN] PackLoader:240 - Cannot read IP mode file for STMicroelectronics.X-CUBE-MEMS1.9.6.0
2023-10-06 21:05:32,525 [WARN] PackLoader:240 - Cannot read IP mode file for ITTIA_DB.I-CUBE-ITTIADB.8.8.0
2023-10-06 21:05:32,533 [WARN] PackLoader:240 - Cannot read IP mode file for emotas.I-CUBE-CANOPEN.1.1.3
2023-10-06 21:05:32,539 [WARN] PackLoader:240 - Cannot read IP mode file for STMicroelectronics.X-CUBE-BLEMGR.2.0.0
2023-10-06 21:05:32,547 [WARN] PackLoader:240 - Cannot read IP mode file for STMicroelectronics.X-CUBE-NFC4.2.0.5
2023-10-06 21:05:32,569 [WARN] ConditionMgr:438 - getConditionDescription Invalid condition id : UX DEVICE CLASS RTOS Condition cause : null
2023-10-06 21:05:32,569 [WARN] ConditionMgr:438 - getConditionDescription Invalid condition id : UX DEVICE CLASS RTOS Condition cause : null
2023-10-06 21:05:32,572 [WARN] PackLoader:240 - Cannot read IP mode file for STMicroelectronics.X-CUBE-AZRTOS-H7.3.1.0
2023-10-06 21:05:32,573 [WARN] ConditionMgr:1039 - genDependencies : Invalid condition id : UX DEVICE CLASS RTOS Condition cause : null
2023-10-06 21:05:32,573 [WARN] ConditionMgr:1039 - genDependencies : Invalid condition id : UX DEVICE CLASS RTOS Condition cause : null
2023-10-06 21:05:32,574 [WARN] ConditionMgr:1039 - genDependencies : Invalid condition id : UX DEVICE CLASS RTOS Condition cause : null
2023-10-06 21:05:32,574 [WARN] ConditionMgr:1039 - genDependencies : Invalid condition id : UX DEVICE CLASS RTOS Condition cause : null
2023-10-06 21:05:32,575 [WARN] ConditionMgr:1039 - genDependencies : Invalid condition id : UX DEVICE CLASS RTOS Condition cause : null
2023-10-06 21:05:32,579 [WARN] PackLoader:240 - Cannot read IP mode file for wolfSSL.I-CUBE-wolfSSL.5.5.3
2023-10-06 21:05:32,583 [WARN] PackLoader:240 - Cannot read IP mode file for STMicroelectronics.X-CUBE-NFC7.1.0.1
2023-10-06 21:05:32,587 [WARN] PackLoader:240 - Cannot read IP mode file for STMicroelectronics.X-CUBE-NFC7.1.0.0
2023-10-06 21:05:32,593 [WARN] PackLoader:240 - Cannot read IP mode file for STMicroelectronics.X-CUBE-NFC6.3.0.0
2023-10-06 21:05:32,602 [WARN] PackLoader:240 - Cannot read IP mode file for STMicroelectronics.X-CUBE-EEPRMA1.4.1.0
2023-10-06 21:05:32,608 [WARN] PackLoader:240 - Cannot read IP mode file for STMicroelectronics.X-CUBE-AI.8.1.0
2023-10-06 21:05:32,637 [WARN] ConditionMgr:438 - getConditionDescription Invalid condition id : LAN8742 Phy interface Condition cause : null
2023-10-06 21:05:32,637 [WARN] PackLoader:240 - Cannot read IP mode file for STMicroelectronics.X-CUBE-AZRTOS-L4.2.0.0
2023-10-06 21:05:32,639 [WARN] ConditionMgr:1039 - genDependencies : Invalid condition id : LAN8742 Phy interface Condition cause : null
2023-10-06 21:05:32,639 [WARN] ConditionMgr:1039 - genDependencies : Invalid condition id : LAN8742 Phy interface Condition cause : null
2023-10-06 21:05:32,640 [WARN] ConditionMgr:1039 - genDependencies : Invalid condition id : LAN8742 Phy interface Condition cause : null
2023-10-06 21:05:32,647 [WARN] PackLoader:240 - Cannot read IP mode file for STMicroelectronics.X-CUBE-SFXS2LP1.4.0.0
2023-10-06 21:05:32,676 [WARN] PackLoader:240 - Cannot read IP mode file for STMicroelectronics.X-CUBE-AZRTOS-H7.3.0.0
2023-10-06 21:05:32,685 [WARN] PackLoader:240 - Cannot read IP mode file for STMicroelectronics.X-CUBE-ISPU.1.1.0
2023-10-06 21:05:32,693 [WARN] PackLoader:240 - Cannot read IP mode file for RoweBots.I-CUBE-UNISONRTOS.5.5.0-4
2023-10-06 21:05:32,710 [WARN] ConditionMgr:438 - getConditionDescription Invalid condition id : UX DEVICE CLASS RTOS Condition cause : null
2023-10-06 21:05:32,710 [WARN] ConditionMgr:438 - getConditionDescription Invalid condition id : UX DEVICE CLASS RTOS Condition cause : null
2023-10-06 21:05:32,716 [WARN] PackLoader:240 - Cannot read IP mode file for STMicroelectronics.X-CUBE-AZRTOS-WB.2.0.0
2023-10-06 21:05:32,716 [WARN] ConditionMgr:1039 - genDependencies : Invalid condition id : UX DEVICE CLASS RTOS Condition cause : null
2023-10-06 21:05:32,716 [WARN] ConditionMgr:1039 - genDependencies : Invalid condition id : UX DEVICE CLASS RTOS Condition cause : null
2023-10-06 21:05:32,718 [WARN] ConditionMgr:1039 - genDependencies : Invalid condition id : UX DEVICE CLASS RTOS Condition cause : null
2023-10-06 21:05:32,718 [WARN] ConditionMgr:1039 - genDependencies : Invalid condition id : UX DEVICE CLASS RTOS Condition cause : null
2023-10-06 21:05:32,718 [WARN] ConditionMgr:1039 - genDependencies : Invalid condition id : UX DEVICE CLASS RTOS Condition cause : null
2023-10-06 21:05:32,735 [WARN] PackLoader:240 - Cannot read IP mode file for STMicroelectronics.X-CUBE-AZRTOS-L5.1.1.0
2023-10-06 21:05:32,749 [WARN] PackLoader:240 - Cannot read IP mode file for STMicroelectronics.X-CUBE-SUBG2.5.0.0
2023-10-06 21:05:32,763 [WARN] PackLoader:240 - Cannot read IP mode file for STMicroelectronics.X-CUBE-TOF1.3.3.1
2023-10-06 21:05:32,783 [WARN] PackLoader:240 - Cannot read IP mode file for STMicroelectronics.X-CUBE-AZRTOS-G4.2.0.0
2023-10-06 21:05:32,791 [WARN] PackLoader:240 - Cannot read IP mode file for STMicroelectronics.FP-ATR-ASTRA1.1.1.1
2023-10-06 21:05:32,799 [WARN] PackLoader:240 - Cannot read IP mode file for STMicroelectronics.X-CUBE-AZRTOS-G4.1.0.0
2023-10-06 21:05:32,811 [WARN] PackLoader:240 - Cannot read IP mode file for STMicroelectronics.X-CUBE-AZRTOS-L4.1.0.0
2023-10-06 21:05:32,817 [WARN] PackLoader:240 - Cannot read IP mode file for STMicroelectronics.X-CUBE-FREERTOS.1.1.0
2023-10-06 21:05:32,831 [WARN] PackLoader:240 - Cannot read IP mode file for STMicroelectronics.X-CUBE-AZRTOS-WL.1.0.0
2023-10-06 21:05:32,840 [WARN] PackLoader:240 - Cannot read IP mode file for portGmbH.I-Cube-SoM-uGOAL.1.1.0
2023-10-06 21:05:32,843 [WARN] PackLoader:240 - Cannot read IP mode file for STMicroelectronics.X-CUBE-ALS.1.0.1
2023-10-06 21:05:32,853 [WARN] PackLoader:240 - Cannot read IP mode file for STMicroelectronics.X-CUBE-AZRTOS-WB.1.1.0
2023-10-06 21:05:32,858 [WARN] PackLoader:240 - Cannot read IP mode file for STMicroelectronics.FP-ATR-ASTRA1.2.0.0
2023-10-06 21:05:32,859 [INFO] ThirdParty:978 - Integrity check success = true
2023-10-06 21:05:32,860 [INFO] IntegrityCheckThread:100 - exiting critical section [integrity check]
2023-10-06 21:05:32,860 [INFO] IntegrityCheckThread:103 - End integrity checks thread
2023-10-06 21:05:51,471 [ERROR] LogOutputStream:75 - [STDERR_REDIRECT] SLF4J: Failed to load class "org.slf4j.impl.StaticLoggerBinder".
2023-10-06 21:05:51,471 [ERROR] LogOutputStream:75 - [STDERR_REDIRECT] SLF4J: Defaulting to no-operation (NOP) logger implementation
2023-10-06 21:05:51,472 [ERROR] LogOutputStream:75 - [STDERR_REDIRECT] SLF4J: See http://www.slf4j.org/codes.html#StaticLoggerBinder for further details.
2023-10-06 23:09:07,498 [ERROR] LogOutputStream:75 - [STDERR_REDIRECT] 
