2023-12-05 15:30:53,491 [INFO] Activator:176 - 


2023-12-05 15:30:53,491 [INFO] Activator:177 - !SESSION log4j initialized
2023-12-05 15:30:55,480 [INFO] LogOutputStream:77 - [STDOUT_REDIRECT] 
2023-12-05 15:31:01,436 [INFO] ApplicationProperties:184 - Using Application install path: D:\ST\STM32CubeIDE_1.13.2\STM32CubeIDE\plugins\com.st.stm32cube.common.mx_6.9.2.202309101412
2023-12-05 15:31:01,452 [INFO] DbMcusXml:78 - Set database path to: D:\ST\STM32CubeIDE_1.13.2\STM32CubeIDE\plugins\com.st.stm32cube.common.mx_6.9.2.202309101412\\db\/mcu/
2023-12-05 15:31:01,454 [INFO] ApiDb:274 - Set plugin database path to: D:\ST\STM32CubeIDE_1.13.2\STM32CubeIDE\plugins\com.st.stm32cube.common.mx_6.9.2.202309101412\\db\/plugins/boardmanager/
2023-12-05 15:31:01,454 [WARN] ApiDb:259 - Overriding images path with different value:  => D:\ST\STM32CubeIDE_1.13.2\STM32CubeIDE\plugins\com.st.stm32cube.common.mx_6.9.2.202309101412\\db\/plugins/mcufinder/images/
2023-12-05 15:31:01,461 [INFO] ApiDb:250 - Set database path to: C:\Users\ayome\.stmcufinder\plugins\mcufinder//mcu/
2023-12-05 15:31:01,463 [INFO] DbMcusAds:125 - Set database path to: C:\Users\ayome\.stmcufinder\plugins\mcufinder//mcu/
2023-12-05 15:31:01,465 [INFO] CrossReferenceDbSqlite:203 - Set database path to: C:\Users\ayome\.stmcufinder\plugins\mcufinder//mcu/cs/
2023-12-05 15:31:01,566 [INFO] RulesReader:64 - Compatibility file has been processed (293 Rules)
2023-12-05 15:31:01,636 [INFO] DbMcusXml:78 - Set database path to: D:\ST\STM32CubeIDE_1.13.2\STM32CubeIDE\plugins\com.st.stm32cube.common.mx_6.9.2.202309101412\\db\/mcu/
2023-12-05 15:31:01,636 [INFO] ApiDb:274 - Set plugin database path to: D:\ST\STM32CubeIDE_1.13.2\STM32CubeIDE\plugins\com.st.stm32cube.common.mx_6.9.2.202309101412\\db\/plugins/boardmanager/
2023-12-05 15:31:01,636 [INFO] ApiDb:261 - Set plugin images path to: D:\ST\STM32CubeIDE_1.13.2\STM32CubeIDE\plugins\com.st.stm32cube.common.mx_6.9.2.202309101412\\db\/plugins/mcufinder/images/
2023-12-05 15:31:01,636 [WARN] DbFile:41 - Overriding database path with different value: C:\Users\ayome\.stmcufinder\plugins\mcufinder/ => C:\Users\ayome\.stmcufinder\plugins\mcufinder
2023-12-05 15:31:01,636 [INFO] ApiDb:250 - Set database path to: C:\Users\ayome\.stmcufinder\plugins\mcufinder//mcu/
2023-12-05 15:31:01,636 [WARN] DbFile:41 - Overriding database path with different value: C:\Users\ayome\.stmcufinder\plugins\mcufinder/ => C:\Users\ayome\.stmcufinder\plugins\mcufinder
2023-12-05 15:31:01,636 [INFO] DbMcusAds:125 - Set database path to: C:\Users\ayome\.stmcufinder\plugins\mcufinder//mcu/
2023-12-05 15:31:01,636 [WARN] DbFile:41 - Overriding database path with different value: C:\Users\ayome\.stmcufinder\plugins\mcufinder/ => C:\Users\ayome\.stmcufinder\plugins\mcufinder
2023-12-05 15:31:01,637 [WARN] DbFile:41 - Overriding database path with different value: C:\Users\ayome\.stmcufinder\plugins\mcufinder/ => C:\Users\ayome\.stmcufinder\plugins\mcufinder
2023-12-05 15:31:01,637 [INFO] CrossReferenceDbSqlite:203 - Set database path to: C:\Users\ayome\.stmcufinder\plugins\mcufinder//mcu/cs/
2023-12-05 15:31:01,702 [INFO] MainPanel:262 - HeapMemory: 268435456
2023-12-05 15:31:01,765 [INFO] DbMcusXml:78 - Set database path to: D:\ST\STM32CubeIDE_1.13.2\STM32CubeIDE\plugins\com.st.stm32cube.common.mx_6.9.2.202309101412\\db\/mcu/
2023-12-05 15:31:01,765 [INFO] ApiDb:274 - Set plugin database path to: D:\ST\STM32CubeIDE_1.13.2\STM32CubeIDE\plugins\com.st.stm32cube.common.mx_6.9.2.202309101412\\db\/plugins/boardmanager/
2023-12-05 15:31:01,765 [INFO] ApiDb:261 - Set plugin images path to: D:\ST\STM32CubeIDE_1.13.2\STM32CubeIDE\plugins\com.st.stm32cube.common.mx_6.9.2.202309101412\\db\/plugins/mcufinder/images/
2023-12-05 15:31:01,765 [WARN] DbFile:41 - Overriding database path with different value: C:\Users\ayome\.stmcufinder\plugins\mcufinder/ => C:\Users\ayome\.stmcufinder\plugins\mcufinder
2023-12-05 15:31:01,766 [INFO] ApiDb:250 - Set database path to: C:\Users\ayome\.stmcufinder\plugins\mcufinder//mcu/
2023-12-05 15:31:01,766 [WARN] DbFile:41 - Overriding database path with different value: C:\Users\ayome\.stmcufinder\plugins\mcufinder/ => C:\Users\ayome\.stmcufinder\plugins\mcufinder
2023-12-05 15:31:01,766 [INFO] DbMcusAds:125 - Set database path to: C:\Users\ayome\.stmcufinder\plugins\mcufinder//mcu/
2023-12-05 15:31:01,766 [WARN] DbFile:41 - Overriding database path with different value: C:\Users\ayome\.stmcufinder\plugins\mcufinder/ => C:\Users\ayome\.stmcufinder\plugins\mcufinder
2023-12-05 15:31:01,766 [WARN] DbFile:41 - Overriding database path with different value: C:\Users\ayome\.stmcufinder\plugins\mcufinder/ => C:\Users\ayome\.stmcufinder\plugins\mcufinder
2023-12-05 15:31:01,766 [INFO] CrossReferenceDbSqlite:203 - Set database path to: C:\Users\ayome\.stmcufinder\plugins\mcufinder//mcu/cs/
2023-12-05 15:31:01,781 [INFO] ApplicationProperties:184 - Using Application install path: D:\ST\STM32CubeIDE_1.13.2\STM32CubeIDE\plugins\com.st.stm32cube.common.mx_6.9.2.202309101412
2023-12-05 15:31:01,782 [INFO] PluginManage:196 - Search for loadable plugins [exclusion list=, ]
2023-12-05 15:31:01,784 [INFO] PluginManage:310 - Check plugin analytics
2023-12-05 15:31:06,440 [INFO] AnalyticsPlugin:253 - Accepted Software Licenses: 
2023-12-05 15:31:06,440 [INFO] AnalyticsPlugin:255 - Accepted CMSIS Pack Licenses: STMicroelectronics.X-CUBE-MEMS1.9.6.0
2023-12-05 15:31:06,440 [INFO] AnalyticsPlugin:257 - Accepted Firmware Licenses: 
2023-12-05 15:31:06,440 [INFO] PluginManage:359 - Loaded plugin analytics (category:tool,tabindex:-1)
2023-12-05 15:31:06,440 [INFO] PluginManage:310 - Check plugin cadmodel
2023-12-05 15:31:06,448 [INFO] CADModel:105 - Init CAD model plugin
2023-12-05 15:31:06,448 [INFO] PluginManage:359 - Loaded plugin cadmodel (category:power,tabindex:5)
2023-12-05 15:31:06,451 [INFO] PluginManage:310 - Check plugin clock
2023-12-05 15:31:06,451 [INFO] PluginManage:359 - Loaded plugin clock (category:base,tabindex:2)
2023-12-05 15:31:06,459 [INFO] PluginManage:310 - Check plugin ddr
2023-12-05 15:31:06,461 [INFO] PluginManage:359 - Loaded plugin ddr (category:tool,tabindex:6)
2023-12-05 15:31:06,461 [INFO] PluginManage:310 - Check plugin filemanager
2023-12-05 15:31:06,557 [INFO] PluginManage:359 - Loaded plugin filemanager (category:base,tabindex:10)
2023-12-05 15:31:06,572 [INFO] PluginManage:310 - Check plugin ipmanager
2023-12-05 15:31:06,579 [INFO] PluginManage:359 - Loaded plugin ipmanager (category:base,tabindex:5)
2023-12-05 15:31:06,579 [INFO] PluginManage:310 - Check plugin lpbam
2023-12-05 15:31:06,579 [INFO] PluginManage:359 - Loaded plugin lpbam (category:base,tabindex:0)
2023-12-05 15:31:06,579 [INFO] PluginManage:310 - Check plugin memorymap
2023-12-05 15:31:06,595 [INFO] PluginManage:359 - Loaded plugin memorymap (category:base,tabindex:4)
2023-12-05 15:31:06,595 [INFO] PluginManage:310 - Check plugin pinoutandconfiguration
2023-12-05 15:31:06,595 [INFO] PluginManage:359 - Loaded plugin pinoutandconfiguration (category:base,tabindex:1)
2023-12-05 15:31:06,595 [INFO] PluginManage:310 - Check plugin pinoutconfig
2023-12-05 15:31:06,710 [WARN] SupportedApi:132 - Cannot load RTOS API schema: s4s-elt-must-match.1: The content of 'definitions' must match (annotation?, (simpleType | complexType)?, (unique | key | keyref)*)). A problem was found starting at: attribute.
2023-12-05 15:31:06,826 [INFO] PluginManage:359 - Loaded plugin pinoutconfig (category:base,tabindex:0)
2023-12-05 15:31:06,826 [INFO] PluginManage:310 - Check plugin power
2023-12-05 15:31:06,842 [INFO] PluginManage:359 - Loaded plugin power (category:power,tabindex:4)
2023-12-05 15:31:06,842 [INFO] PluginManage:310 - Check plugin projectmanager
2023-12-05 15:31:06,854 [INFO] PluginManage:359 - Loaded plugin projectmanager (category:projectmanager,tabindex:3)
2023-12-05 15:31:06,854 [INFO] PluginManage:310 - Check plugin thirdparty
2023-12-05 15:31:06,942 [INFO] PluginManage:359 - Loaded plugin thirdparty (category:base,tabindex:-1)
2023-12-05 15:31:06,942 [WARN] IntegrityCheckThread:84 - waiting for thirdparty lock release [integrity check]
2023-12-05 15:31:06,942 [INFO] PluginManage:310 - Check plugin tools
2023-12-05 15:31:06,949 [INFO] IntegrityCheckThread:86 - entering critical section [integrity check]
2023-12-05 15:31:06,949 [INFO] ThirdPartyUpdaterWithRetryManager:70 - Updater plugin not ready yet. [1/15]
2023-12-05 15:31:06,949 [INFO] PluginManage:359 - Loaded plugin tools (category:base,tabindex:7)
2023-12-05 15:31:06,949 [INFO] PluginManage:310 - Check plugin tutovideos
2023-12-05 15:31:07,080 [INFO] PluginManage:359 - Loaded plugin tutovideos (category:base,tabindex:-1)
2023-12-05 15:31:07,080 [INFO] PluginManage:310 - Check plugin updater
2023-12-05 15:31:07,080 [INFO] PluginManage:359 - Loaded plugin updater (category:base,tabindex:12)
2023-12-05 15:31:07,080 [INFO] PluginManage:310 - Check plugin userauth
2023-12-05 15:31:07,095 [INFO] UserAuth:113 - Init User Auth plugin
2023-12-05 15:31:07,095 [INFO] PluginManage:359 - Loaded plugin userauth (category:base,tabindex:14)
2023-12-05 15:31:07,095 [INFO] PluginManage:283 - PluginManage : Loaded plugins [17]
2023-12-05 15:31:07,252 [INFO] PinOutPanel:1499 - setPackage(No Configuration,No Configuration)
2023-12-05 15:31:07,351 [INFO] CADModel:165 - CPN selected for project level
2023-12-05 15:31:07,351 [INFO] CADModel:114 - Register for checkConnection events
2023-12-05 15:31:07,367 [INFO] IPUIPlugin:80 - create IPUIPlugin
2023-12-05 15:31:07,367 [INFO] PluginManager:220 - loadIPPluginJar : add adc
2023-12-05 15:31:07,367 [INFO] IPUIPlugin:80 - create IPUIPlugin
2023-12-05 15:31:07,367 [INFO] PluginManager:220 - loadIPPluginJar : add aes
2023-12-05 15:31:07,367 [INFO] IPUIPlugin:80 - create IPUIPlugin
2023-12-05 15:31:07,367 [INFO] PluginManager:220 - loadIPPluginJar : add can
2023-12-05 15:31:07,367 [INFO] IPUIPlugin:80 - create IPUIPlugin
2023-12-05 15:31:07,367 [INFO] PluginManager:220 - loadIPPluginJar : add comp
2023-12-05 15:31:07,380 [INFO] IPUIPlugin:80 - create IPUIPlugin
2023-12-05 15:31:07,380 [INFO] PluginManager:220 - loadIPPluginJar : add cryp
2023-12-05 15:31:07,380 [INFO] IPUIPlugin:80 - create IPUIPlugin
2023-12-05 15:31:07,380 [INFO] PluginManager:220 - loadIPPluginJar : add dfsdm
2023-12-05 15:31:07,380 [INFO] IPUIPlugin:80 - create IPUIPlugin
2023-12-05 15:31:07,380 [INFO] PluginManager:220 - loadIPPluginJar : add dma
2023-12-05 15:31:07,380 [INFO] IPUIPlugin:80 - create IPUIPlugin
2023-12-05 15:31:07,380 [INFO] PluginManager:220 - loadIPPluginJar : add dma3
2023-12-05 15:31:07,380 [INFO] IPUIPlugin:80 - create IPUIPlugin
2023-12-05 15:31:07,380 [INFO] PluginManager:220 - loadIPPluginJar : add fatfs
2023-12-05 15:31:07,380 [INFO] IPUIPlugin:80 - create IPUIPlugin
2023-12-05 15:31:07,380 [INFO] PluginManager:220 - loadIPPluginJar : add fmc
2023-12-05 15:31:07,396 [INFO] IPUIPlugin:80 - create IPUIPlugin
2023-12-05 15:31:07,396 [INFO] PluginManager:220 - loadIPPluginJar : add freertos
2023-12-05 15:31:07,396 [INFO] IPUIPlugin:80 - create IPUIPlugin
2023-12-05 15:31:07,396 [INFO] PluginManager:220 - loadIPPluginJar : add genericplugin
2023-12-05 15:31:07,396 [INFO] IPUIPlugin:80 - create IPUIPlugin
2023-12-05 15:31:07,396 [INFO] PluginManager:220 - loadIPPluginJar : add gfxmmu
2023-12-05 15:31:07,396 [INFO] IPUIPlugin:80 - create IPUIPlugin
2023-12-05 15:31:07,396 [INFO] PluginManager:220 - loadIPPluginJar : add gic
2023-12-05 15:31:07,396 [INFO] IPUIPlugin:80 - create IPUIPlugin
2023-12-05 15:31:07,396 [INFO] PluginManager:220 - loadIPPluginJar : add gpio
2023-12-05 15:31:07,411 [INFO] IPUIPlugin:80 - create IPUIPlugin
2023-12-05 15:31:07,411 [INFO] PluginManager:220 - loadIPPluginJar : add gtzc
2023-12-05 15:31:07,411 [INFO] IPUIPlugin:80 - create IPUIPlugin
2023-12-05 15:31:07,411 [INFO] PluginManager:220 - loadIPPluginJar : add hash
2023-12-05 15:31:07,411 [INFO] IPUIPlugin:80 - create IPUIPlugin
2023-12-05 15:31:07,411 [INFO] PluginManager:220 - loadIPPluginJar : add i2c
2023-12-05 15:31:07,411 [INFO] IPUIPlugin:80 - create IPUIPlugin
2023-12-05 15:31:07,411 [INFO] PluginManager:220 - loadIPPluginJar : add i2s
2023-12-05 15:31:07,411 [INFO] IPUIPlugin:80 - create IPUIPlugin
2023-12-05 15:31:07,411 [INFO] PluginManager:220 - loadIPPluginJar : add i3c
2023-12-05 15:31:07,411 [INFO] IPUIPlugin:80 - create IPUIPlugin
2023-12-05 15:31:07,411 [INFO] PluginManager:220 - loadIPPluginJar : add ipddr
2023-12-05 15:31:07,427 [INFO] IPUIPlugin:80 - create IPUIPlugin
2023-12-05 15:31:07,427 [INFO] PluginManager:220 - loadIPPluginJar : add linkedlist
2023-12-05 15:31:07,427 [INFO] IPUIPlugin:80 - create IPUIPlugin
2023-12-05 15:31:07,427 [INFO] PluginManager:220 - loadIPPluginJar : add lorawan
2023-12-05 15:31:07,427 [INFO] IPUIPlugin:80 - create IPUIPlugin
2023-12-05 15:31:07,427 [INFO] PluginManager:220 - loadIPPluginJar : add ltdc
2023-12-05 15:31:07,427 [INFO] IPUIPlugin:80 - create IPUIPlugin
2023-12-05 15:31:07,427 [INFO] PluginManager:220 - loadIPPluginJar : add mdma
2023-12-05 15:31:07,427 [INFO] IPUIPlugin:80 - create IPUIPlugin
2023-12-05 15:31:07,427 [INFO] PluginManager:220 - loadIPPluginJar : add nvic
2023-12-05 15:31:07,427 [INFO] IPUIPlugin:80 - create IPUIPlugin
2023-12-05 15:31:07,427 [INFO] PluginManager:220 - loadIPPluginJar : add opamp
2023-12-05 15:31:07,443 [INFO] IPUIPlugin:80 - create IPUIPlugin
2023-12-05 15:31:07,443 [INFO] PluginManager:220 - loadIPPluginJar : add openamp
2023-12-05 15:31:07,443 [INFO] IPUIPlugin:80 - create IPUIPlugin
2023-12-05 15:31:07,443 [INFO] PluginManager:220 - loadIPPluginJar : add pdm2pcm
2023-12-05 15:31:07,443 [INFO] IPUIPlugin:80 - create IPUIPlugin
2023-12-05 15:31:07,443 [INFO] PluginManager:220 - loadIPPluginJar : add plateformsettings
2023-12-05 15:31:07,443 [INFO] IPUIPlugin:80 - create IPUIPlugin
2023-12-05 15:31:07,443 [INFO] PluginManager:220 - loadIPPluginJar : add quadspi
2023-12-05 15:31:07,443 [INFO] IPUIPlugin:80 - create IPUIPlugin
2023-12-05 15:31:07,443 [INFO] PluginManager:220 - loadIPPluginJar : add resmgrutility
2023-12-05 15:31:07,458 [INFO] IPUIPlugin:80 - create IPUIPlugin
2023-12-05 15:31:07,458 [INFO] PluginManager:220 - loadIPPluginJar : add sai
2023-12-05 15:31:07,458 [INFO] IPUIPlugin:80 - create IPUIPlugin
2023-12-05 15:31:07,458 [INFO] PluginManager:220 - loadIPPluginJar : add spi
2023-12-05 15:31:07,458 [INFO] IPUIPlugin:80 - create IPUIPlugin
2023-12-05 15:31:07,458 [INFO] PluginManager:220 - loadIPPluginJar : add stm32_wpan
2023-12-05 15:31:07,458 [INFO] IPUIPlugin:80 - create IPUIPlugin
2023-12-05 15:31:07,458 [INFO] PluginManager:220 - loadIPPluginJar : add tim
2023-12-05 15:31:07,458 [INFO] IPUIPlugin:80 - create IPUIPlugin
2023-12-05 15:31:07,458 [INFO] PluginManager:220 - loadIPPluginJar : add touchsensing
2023-12-05 15:31:07,458 [INFO] IPUIPlugin:80 - create IPUIPlugin
2023-12-05 15:31:07,458 [INFO] PluginManager:220 - loadIPPluginJar : add tracer_emb
2023-12-05 15:31:07,458 [INFO] IPUIPlugin:80 - create IPUIPlugin
2023-12-05 15:31:07,458 [INFO] PluginManager:220 - loadIPPluginJar : add ts
2023-12-05 15:31:07,474 [INFO] IPUIPlugin:80 - create IPUIPlugin
2023-12-05 15:31:07,474 [INFO] PluginManager:220 - loadIPPluginJar : add tsc
2023-12-05 15:31:07,474 [INFO] IPUIPlugin:80 - create IPUIPlugin
2023-12-05 15:31:07,474 [INFO] PluginManager:220 - loadIPPluginJar : add ucpd
2023-12-05 15:31:07,474 [INFO] IPUIPlugin:80 - create IPUIPlugin
2023-12-05 15:31:07,474 [INFO] PluginManager:220 - loadIPPluginJar : add usart
2023-12-05 15:31:07,474 [INFO] IPUIPlugin:80 - create IPUIPlugin
2023-12-05 15:31:07,480 [INFO] PluginManager:220 - loadIPPluginJar : add usbx
2023-12-05 15:31:07,592 [INFO] CADModel:165 - CPN selected for project level
2023-12-05 15:31:07,592 [INFO] CADModel:114 - Register for checkConnection events
2023-12-05 15:31:07,592 [FATAL] Updater:308 - Updater called before beeing initialized
2023-12-05 15:31:07,592 [ERROR] CADModel:125 - Updater not yet initialized, retry later 
2023-12-05 15:31:07,682 [INFO] CADModel:165 - CPN selected for project level
2023-12-05 15:31:07,682 [INFO] CADModel:114 - Register for checkConnection events
2023-12-05 15:31:07,682 [FATAL] Updater:308 - Updater called before beeing initialized
2023-12-05 15:31:07,682 [ERROR] CADModel:125 - Updater not yet initialized, retry later 
2023-12-05 15:31:07,682 [FATAL] Updater:308 - Updater called before beeing initialized
2023-12-05 15:31:07,760 [FATAL] Updater:308 - Updater called before beeing initialized
2023-12-05 15:31:07,760 [INFO] DbMcusAds:53 - JSON generation date=Wed Nov 29 11:52:38 CET 2023 (1701255158764)
2023-12-05 15:31:07,760 [FATAL] Updater:308 - Updater called before beeing initialized
2023-12-05 15:31:07,780 [WARN] DetailPanel:346 - Failed to get advertising image, set to default
2023-12-05 15:31:07,858 [FATAL] Updater:308 - Updater called before beeing initialized
2023-12-05 15:31:07,858 [FATAL] Updater:308 - Updater called before beeing initialized
2023-12-05 15:31:07,858 [FATAL] Updater:308 - Updater called before beeing initialized
2023-12-05 15:31:07,858 [WARN] DetailPanel:346 - Failed to get advertising image, set to default
2023-12-05 15:31:07,858 [FATAL] Updater:308 - Updater called before beeing initialized
2023-12-05 15:31:07,896 [ERROR] Updater:1120 - MainUpdater not yet initialized. External WinMGr cannot be set.
2023-12-05 15:31:07,896 [INFO] Updater:1056 - Updater Version found : 6.9.2
2023-12-05 15:31:07,912 [INFO] ApplicationProperties:184 - Using Application install path: D:\ST\STM32CubeIDE_1.13.2\STM32CubeIDE\plugins\com.st.stm32cube.common.mx_6.9.2.202309101412
2023-12-05 15:31:08,012 [INFO] MainUpdater:2868 - connection check result : 10
2023-12-05 15:31:08,012 [INFO] MainUpdater:285 - Updater Check For Update Now.
2023-12-05 15:31:08,012 [INFO] MicroXplorer:498 - Change Database Version : DB.6.0.92
2023-12-05 15:31:08,012 [INFO] McuFinderGlobals:63 - Set McuFinder mode to 2 (CubeIDE integrated)
2023-12-05 15:31:08,012 [INFO] UserAuth:179 - activating auth plugin
2023-12-05 15:31:08,012 [INFO] UserAuth:393 - Internet connection configuration mode: 1
2023-12-05 15:31:08,028 [INFO] JxBrowserEngine:151 - Initiate JxBrowser Engine with user profile folder
2023-12-05 15:31:08,163 [INFO] CheckServerUpdateThread:120 - End of CheckServer Thread
2023-12-05 15:31:08,473 [INFO] WebApp:157 - Instantiating new browser for Auth
2023-12-05 15:31:08,900 [INFO] WebApp:753 - Register for checkConnection events
2023-12-05 15:31:08,900 [INFO] WebApp:390 - Apply proxy settings
2023-12-05 15:31:08,900 [INFO] WebApp:475 - Chromium requires no authentication
2023-12-05 15:31:08,905 [INFO] WebApp:418 - Direct internet connection detected
2023-12-05 15:31:09,013 [INFO] WebApp:188 - Starting web application
2023-12-05 15:31:09,013 [INFO] WebApp:520 - Web application path used D:\ST\STM32CubeIDE_1.13.2\STM32CubeIDE\plugins\com.st.stm32cube.common.mx_6.9.2.202309101412\db\plugins\mcufinder\reactClient1\index.html
2023-12-05 15:31:10,090 [WARN] PackLoader:240 - Cannot read IP mode file for STMicroelectronics.X-CUBE-SMBUS.2.1.0
2023-12-05 15:31:10,115 [WARN] PackLoader:240 - Cannot read IP mode file for STMicroelectronics.X-CUBE-AZRTOS-F7.1.1.0
2023-12-05 15:31:10,123 [WARN] PackLoader:240 - Cannot read IP mode file for STMicroelectronics.FP-SNS-MOTENV1.4.3.2
2023-12-05 15:31:10,130 [WARN] PackLoader:240 - Cannot read IP mode file for STMicroelectronics.X-CUBE-BLE1.6.2.4
2023-12-05 15:31:10,134 [WARN] PackLoader:240 - Cannot read IP mode file for STMicroelectronics.FP-SNS-FLIGHT1.5.0.2
2023-12-05 15:31:10,141 [WARN] PackLoader:240 - Cannot read IP mode file for STMicroelectronics.X-CUBE-DISPLAY.3.0.0
2023-12-05 15:31:10,147 [WARN] PackLoader:240 - Cannot read IP mode file for STMicroelectronics.X-CUBE-BLE1.7.0.0
2023-12-05 15:31:10,151 [WARN] PackLoader:240 - Cannot read IP mode file for STMicroelectronics.X-CUBE-TOUCHGFX.4.22.0
2023-12-05 15:31:10,153 [WARN] PackLoader:240 - Cannot read IP mode file for STMicroelectronics.X-CUBE-TOUCHGFX.4.22.1
2023-12-05 15:31:10,157 [WARN] PackLoader:240 - Cannot read IP mode file for STMicroelectronics.FP-SNS-SMARTAG2.1.2.0
2023-12-05 15:31:10,165 [INFO] LogOutputStream:77 - [STDOUT_REDIRECT] 1 : Invalid condition id : UX_CORESTACK_Condition cause : null
2023-12-05 15:31:10,166 [INFO] LogOutputStream:77 - [STDOUT_REDIRECT] 1 : Invalid condition id : UX_CORESTACK_Condition cause : null
2023-12-05 15:31:10,168 [INFO] LogOutputStream:77 - [STDOUT_REDIRECT] 1 : Invalid condition id : UX_CORESTACK_Condition cause : null
2023-12-05 15:31:10,169 [INFO] LogOutputStream:77 - [STDOUT_REDIRECT] 1 : Invalid condition id : UX_CORESTACK_Condition cause : null
2023-12-05 15:31:10,170 [INFO] LogOutputStream:77 - [STDOUT_REDIRECT] 1 : Invalid condition id : UX_CORESTACK_Condition cause : null
2023-12-05 15:31:10,173 [WARN] PackLoader:240 - Cannot read IP mode file for STMicroelectronics.X-CUBE-AZRTOS-WL.2.0.0
2023-12-05 15:31:10,181 [WARN] PackLoader:240 - Cannot read IP mode file for WES.I-CUBE-Cesium.1.3.0
2023-12-05 15:31:10,185 [WARN] PackLoader:240 - Cannot read IP mode file for STMicroelectronics.X-CUBE-BLE2.3.3.0
2023-12-05 15:31:10,190 [WARN] PackLoader:240 - Cannot read IP mode file for STMicroelectronics.X-CUBE-DISPLAY.2.2.0
2023-12-05 15:31:10,199 [WARN] PackLoader:240 - Cannot read IP mode file for STMicroelectronics.X-CUBE-TOF1.3.2.0
2023-12-05 15:31:10,207 [WARN] PackLoader:240 - Cannot read IP mode file for STMicroelectronics.X-CUBE-TOUCHGFX.4.21.0
2023-12-05 15:31:10,244 [WARN] PackLoader:240 - Cannot read IP mode file for STMicroelectronics.X-CUBE-MEMS1.9.4.0
2023-12-05 15:31:10,390 [WARN] PackLoader:240 - Cannot read IP mode file for STMicroelectronics.X-CUBE-AI.7.3.0
2023-12-05 15:31:10,395 [WARN] PackLoader:240 - Cannot read IP mode file for STMicroelectronics.X-CUBE-ALGOBUILD.1.3.0
2023-12-05 15:31:10,406 [WARN] PackLoader:240 - Cannot read IP mode file for STMicroelectronics.X-CUBE-AZRTOS-G0.1.1.0
2023-12-05 15:31:10,411 [WARN] PackLoader:240 - Cannot read IP mode file for STMicroelectronics.X-CUBE-NFC4.3.0.0
2023-12-05 15:31:10,417 [WARN] PackLoader:240 - Cannot read IP mode file for STMicroelectronics.X-CUBE-BLEMGR.3.0.0
2023-12-05 15:31:10,423 [WARN] PackLoader:240 - Cannot read IP mode file for STMicroelectronics.X-CUBE-BLEMGR.1.3.0
2023-12-05 15:31:10,426 [WARN] PackLoader:240 - Cannot read IP mode file for STMicroelectronics.FP-ATR-SIGFOX1.3.2.0
2023-12-05 15:31:10,447 [WARN] PackLoader:240 - Cannot read IP mode file for SEGGER.I-CUBE-embOS.1.3.1
2023-12-05 15:31:10,496 [WARN] PackLoader:240 - Cannot read IP mode file for SEGGER.I-CUBE-embOS.1.3.0
2023-12-05 15:31:10,523 [WARN] PackLoader:240 - Cannot read IP mode file for STMicroelectronics.X-CUBE-GNSS1.6.0.0
2023-12-05 15:31:10,534 [WARN] PackLoader:240 - Cannot read IP mode file for STMicroelectronics.X-CUBE-AZRTOS-F4.1.1.0
2023-12-05 15:31:10,547 [WARN] PackLoader:240 - Cannot read IP mode file for STMicroelectronics.X-CUBE-AZRTOS-L5.2.0.0
2023-12-05 15:31:10,574 [WARN] PackLoader:240 - Cannot read IP mode file for STMicroelectronics.X-CUBE-MEMS1.9.6.0
2023-12-05 15:31:10,809 [WARN] PackLoader:240 - Cannot read IP mode file for STMicroelectronics.X-CUBE-EEPRMA1.4.2.0
2023-12-05 15:31:10,814 [WARN] PackLoader:240 - Cannot read IP mode file for ITTIA_DB.I-CUBE-ITTIADB.8.8.0
2023-12-05 15:31:10,818 [WARN] PackLoader:240 - Cannot read IP mode file for emotas.I-CUBE-CANOPEN.1.1.3
2023-12-05 15:31:10,823 [WARN] PackLoader:240 - Cannot read IP mode file for STMicroelectronics.X-CUBE-BLEMGR.2.0.0
2023-12-05 15:31:10,827 [WARN] PackLoader:240 - Cannot read IP mode file for STMicroelectronics.X-CUBE-NFC4.2.0.5
2023-12-05 15:31:10,840 [WARN] ConditionMgr:438 - getConditionDescription Invalid condition id : UX DEVICE CLASS RTOS Condition cause : null
2023-12-05 15:31:10,840 [WARN] ConditionMgr:438 - getConditionDescription Invalid condition id : UX DEVICE CLASS RTOS Condition cause : null
2023-12-05 15:31:10,842 [WARN] PackLoader:240 - Cannot read IP mode file for STMicroelectronics.X-CUBE-AZRTOS-H7.3.1.0
2023-12-05 15:31:10,843 [WARN] ConditionMgr:1039 - genDependencies : Invalid condition id : UX DEVICE CLASS RTOS Condition cause : null
2023-12-05 15:31:10,843 [WARN] ConditionMgr:1039 - genDependencies : Invalid condition id : UX DEVICE CLASS RTOS Condition cause : null
2023-12-05 15:31:10,844 [WARN] ConditionMgr:1039 - genDependencies : Invalid condition id : UX DEVICE CLASS RTOS Condition cause : null
2023-12-05 15:31:10,844 [WARN] ConditionMgr:1039 - genDependencies : Invalid condition id : UX DEVICE CLASS RTOS Condition cause : null
2023-12-05 15:31:10,844 [WARN] ConditionMgr:1039 - genDependencies : Invalid condition id : UX DEVICE CLASS RTOS Condition cause : null
2023-12-05 15:31:10,848 [WARN] PackLoader:240 - Cannot read IP mode file for wolfSSL.I-CUBE-wolfSSL.5.5.3
2023-12-05 15:31:10,854 [WARN] PackLoader:240 - Cannot read IP mode file for STMicroelectronics.X-CUBE-NFC7.1.0.1
2023-12-05 15:31:10,857 [WARN] PackLoader:240 - Cannot read IP mode file for STMicroelectronics.X-CUBE-NFC7.1.0.0
2023-12-05 15:31:10,863 [WARN] PackLoader:240 - Cannot read IP mode file for STMicroelectronics.X-CUBE-NFC6.3.0.0
2023-12-05 15:31:10,867 [WARN] PackLoader:240 - Cannot read IP mode file for STMicroelectronics.X-CUBE-EEPRMA1.4.1.0
2023-12-05 15:31:10,870 [WARN] PackLoader:240 - Cannot read IP mode file for STMicroelectronics.X-CUBE-AI.8.1.0
2023-12-05 15:31:10,882 [WARN] ConditionMgr:438 - getConditionDescription Invalid condition id : LAN8742 Phy interface Condition cause : null
2023-12-05 15:31:10,882 [WARN] PackLoader:240 - Cannot read IP mode file for STMicroelectronics.X-CUBE-AZRTOS-L4.2.0.0
2023-12-05 15:31:10,883 [WARN] ConditionMgr:1039 - genDependencies : Invalid condition id : LAN8742 Phy interface Condition cause : null
2023-12-05 15:31:10,883 [WARN] ConditionMgr:1039 - genDependencies : Invalid condition id : LAN8742 Phy interface Condition cause : null
2023-12-05 15:31:10,883 [WARN] ConditionMgr:1039 - genDependencies : Invalid condition id : LAN8742 Phy interface Condition cause : null
2023-12-05 15:31:10,888 [WARN] PackLoader:240 - Cannot read IP mode file for STMicroelectronics.X-CUBE-SFXS2LP1.4.0.0
2023-12-05 15:31:10,902 [WARN] PackLoader:240 - Cannot read IP mode file for STMicroelectronics.X-CUBE-AZRTOS-H7.3.0.0
2023-12-05 15:31:10,906 [WARN] PackLoader:240 - Cannot read IP mode file for STMicroelectronics.X-CUBE-ISPU.1.1.0
2023-12-05 15:31:10,911 [WARN] PackLoader:240 - Cannot read IP mode file for RoweBots.I-CUBE-UNISONRTOS.5.5.0-4
2023-12-05 15:31:10,920 [WARN] ConditionMgr:438 - getConditionDescription Invalid condition id : UX DEVICE CLASS RTOS Condition cause : null
2023-12-05 15:31:10,920 [WARN] ConditionMgr:438 - getConditionDescription Invalid condition id : UX DEVICE CLASS RTOS Condition cause : null
2023-12-05 15:31:10,922 [WARN] PackLoader:240 - Cannot read IP mode file for STMicroelectronics.X-CUBE-AZRTOS-WB.2.0.0
2023-12-05 15:31:10,922 [WARN] ConditionMgr:1039 - genDependencies : Invalid condition id : UX DEVICE CLASS RTOS Condition cause : null
2023-12-05 15:31:10,922 [WARN] ConditionMgr:1039 - genDependencies : Invalid condition id : UX DEVICE CLASS RTOS Condition cause : null
2023-12-05 15:31:10,923 [WARN] ConditionMgr:1039 - genDependencies : Invalid condition id : UX DEVICE CLASS RTOS Condition cause : null
2023-12-05 15:31:10,923 [WARN] ConditionMgr:1039 - genDependencies : Invalid condition id : UX DEVICE CLASS RTOS Condition cause : null
2023-12-05 15:31:10,923 [WARN] ConditionMgr:1039 - genDependencies : Invalid condition id : UX DEVICE CLASS RTOS Condition cause : null
2023-12-05 15:31:10,933 [WARN] PackLoader:240 - Cannot read IP mode file for STMicroelectronics.X-CUBE-AZRTOS-L5.1.1.0
2023-12-05 15:31:10,941 [WARN] PackLoader:240 - Cannot read IP mode file for STMicroelectronics.X-CUBE-SUBG2.5.0.0
2023-12-05 15:31:10,950 [WARN] PackLoader:240 - Cannot read IP mode file for STMicroelectronics.X-CUBE-TOF1.3.3.1
2023-12-05 15:31:10,964 [WARN] PackLoader:240 - Cannot read IP mode file for STMicroelectronics.X-CUBE-AZRTOS-G4.2.0.0
2023-12-05 15:31:10,967 [WARN] PackLoader:240 - Cannot read IP mode file for STMicroelectronics.FP-ATR-ASTRA1.1.1.1
2023-12-05 15:31:10,975 [WARN] PackLoader:240 - Cannot read IP mode file for Infineon.AIROC-Wi-Fi-Bluetooth-STM32.1.5.1
2023-12-05 15:31:10,980 [WARN] PackLoader:240 - Cannot read IP mode file for STMicroelectronics.FP-SNS-MOTENVWB1.1.3.1
2023-12-05 15:31:10,988 [WARN] PackLoader:240 - Cannot read IP mode file for STMicroelectronics.X-CUBE-AZRTOS-G4.1.0.0
2023-12-05 15:31:10,999 [WARN] PackLoader:240 - Cannot read IP mode file for STMicroelectronics.X-CUBE-AZRTOS-L4.1.0.0
2023-12-05 15:31:11,003 [WARN] PackLoader:240 - Cannot read IP mode file for STMicroelectronics.X-CUBE-ISPU.2.0.0
2023-12-05 15:31:11,030 [WARN] PackLoader:240 - Cannot read IP mode file for STMicroelectronics.X-CUBE-MEMS1.10.0.0
2023-12-05 15:31:11,097 [WARN] PackLoader:240 - Cannot read IP mode file for STMicroelectronics.X-CUBE-FREERTOS.1.1.0
2023-12-05 15:31:11,104 [WARN] PackLoader:240 - Cannot read IP mode file for STMicroelectronics.X-CUBE-AZRTOS-WL.1.0.0
2023-12-05 15:31:11,109 [WARN] PackLoader:240 - Cannot read IP mode file for portGmbH.I-Cube-SoM-uGOAL.1.1.0
2023-12-05 15:31:11,112 [WARN] PackLoader:240 - Cannot read IP mode file for STMicroelectronics.X-CUBE-ALS.1.0.1
2023-12-05 15:31:11,120 [WARN] PackLoader:240 - Cannot read IP mode file for STMicroelectronics.X-CUBE-AZRTOS-WB.1.1.0
2023-12-05 15:31:11,123 [WARN] PackLoader:240 - Cannot read IP mode file for STMicroelectronics.FP-ATR-ASTRA1.2.0.0
2023-12-05 15:31:11,131 [WARN] PackLoader:240 - Cannot read IP mode file for STMicroelectronics.X-CUBE-TOF1.3.4.0
2023-12-05 15:31:11,148 [WARN] PackLoader:240 - Cannot read IP mode file for STMicroelectronics.X-CUBE-AZRTOS-H7.3.2.0
2023-12-05 15:31:11,150 [INFO] ThirdParty:978 - Integrity check success = true
2023-12-05 15:31:11,150 [INFO] IntegrityCheckThread:100 - exiting critical section [integrity check]
2023-12-05 15:31:11,150 [INFO] IntegrityCheckThread:103 - End integrity checks thread
2023-12-05 15:31:25,073 [ERROR] LogOutputStream:75 - [STDERR_REDIRECT] 
