2024-02-02 13:45:34,725 [INFO] Activator:176 - 


2024-02-02 13:45:34,725 [INFO] Activator:177 - !SESSION log4j initialized
2024-02-02 13:45:37,330 [INFO] LogOutputStream:77 - [STDOUT_REDIRECT] 
2024-02-02 13:45:43,658 [INFO] ApplicationProperties:184 - Using Application install path: D:\STM32CubeIDE_1.13.2\STM32CubeIDE\plugins\com.st.stm32cube.common.mx_6.9.2.202309101412
2024-02-02 13:45:43,672 [INFO] DbMcusXml:78 - Set database path to: D:\STM32CubeIDE_1.13.2\STM32CubeIDE\plugins\com.st.stm32cube.common.mx_6.9.2.202309101412\\db\/mcu/
2024-02-02 13:45:43,672 [INFO] ApiDb:274 - Set plugin database path to: D:\STM32CubeIDE_1.13.2\STM32CubeIDE\plugins\com.st.stm32cube.common.mx_6.9.2.202309101412\\db\/plugins/boardmanager/
2024-02-02 13:45:43,673 [WARN] ApiDb:259 - Overriding images path with different value:  => D:\STM32CubeIDE_1.13.2\STM32CubeIDE\plugins\com.st.stm32cube.common.mx_6.9.2.202309101412\\db\/plugins/mcufinder/images/
2024-02-02 13:45:43,684 [INFO] ApiDb:250 - Set database path to: C:\Users\ayome\.stmcufinder\plugins\mcufinder//mcu/
2024-02-02 13:45:43,685 [INFO] DbMcusAds:125 - Set database path to: C:\Users\ayome\.stmcufinder\plugins\mcufinder//mcu/
2024-02-02 13:45:43,686 [INFO] CrossReferenceDbSqlite:203 - Set database path to: C:\Users\ayome\.stmcufinder\plugins\mcufinder//mcu/cs/
2024-02-02 13:45:43,777 [INFO] RulesReader:64 - Compatibility file has been processed (293 Rules)
2024-02-02 13:45:43,847 [INFO] DbMcusXml:78 - Set database path to: D:\STM32CubeIDE_1.13.2\STM32CubeIDE\plugins\com.st.stm32cube.common.mx_6.9.2.202309101412\\db\/mcu/
2024-02-02 13:45:43,847 [INFO] ApiDb:274 - Set plugin database path to: D:\STM32CubeIDE_1.13.2\STM32CubeIDE\plugins\com.st.stm32cube.common.mx_6.9.2.202309101412\\db\/plugins/boardmanager/
2024-02-02 13:45:43,848 [INFO] ApiDb:261 - Set plugin images path to: D:\STM32CubeIDE_1.13.2\STM32CubeIDE\plugins\com.st.stm32cube.common.mx_6.9.2.202309101412\\db\/plugins/mcufinder/images/
2024-02-02 13:45:43,848 [WARN] DbFile:41 - Overriding database path with different value: C:\Users\ayome\.stmcufinder\plugins\mcufinder/ => C:\Users\ayome\.stmcufinder\plugins\mcufinder
2024-02-02 13:45:43,848 [INFO] ApiDb:250 - Set database path to: C:\Users\ayome\.stmcufinder\plugins\mcufinder//mcu/
2024-02-02 13:45:43,848 [WARN] DbFile:41 - Overriding database path with different value: C:\Users\ayome\.stmcufinder\plugins\mcufinder/ => C:\Users\ayome\.stmcufinder\plugins\mcufinder
2024-02-02 13:45:43,848 [INFO] DbMcusAds:125 - Set database path to: C:\Users\ayome\.stmcufinder\plugins\mcufinder//mcu/
2024-02-02 13:45:43,848 [WARN] DbFile:41 - Overriding database path with different value: C:\Users\ayome\.stmcufinder\plugins\mcufinder/ => C:\Users\ayome\.stmcufinder\plugins\mcufinder
2024-02-02 13:45:43,848 [WARN] DbFile:41 - Overriding database path with different value: C:\Users\ayome\.stmcufinder\plugins\mcufinder/ => C:\Users\ayome\.stmcufinder\plugins\mcufinder
2024-02-02 13:45:43,848 [INFO] CrossReferenceDbSqlite:203 - Set database path to: C:\Users\ayome\.stmcufinder\plugins\mcufinder//mcu/cs/
2024-02-02 13:45:43,909 [INFO] MainPanel:262 - HeapMemory: 268435456
2024-02-02 13:45:43,983 [INFO] DbMcusXml:78 - Set database path to: D:\STM32CubeIDE_1.13.2\STM32CubeIDE\plugins\com.st.stm32cube.common.mx_6.9.2.202309101412\\db\/mcu/
2024-02-02 13:45:43,983 [INFO] ApiDb:274 - Set plugin database path to: D:\STM32CubeIDE_1.13.2\STM32CubeIDE\plugins\com.st.stm32cube.common.mx_6.9.2.202309101412\\db\/plugins/boardmanager/
2024-02-02 13:45:43,983 [INFO] ApiDb:261 - Set plugin images path to: D:\STM32CubeIDE_1.13.2\STM32CubeIDE\plugins\com.st.stm32cube.common.mx_6.9.2.202309101412\\db\/plugins/mcufinder/images/
2024-02-02 13:45:43,983 [WARN] DbFile:41 - Overriding database path with different value: C:\Users\ayome\.stmcufinder\plugins\mcufinder/ => C:\Users\ayome\.stmcufinder\plugins\mcufinder
2024-02-02 13:45:43,983 [INFO] ApiDb:250 - Set database path to: C:\Users\ayome\.stmcufinder\plugins\mcufinder//mcu/
2024-02-02 13:45:43,983 [WARN] DbFile:41 - Overriding database path with different value: C:\Users\ayome\.stmcufinder\plugins\mcufinder/ => C:\Users\ayome\.stmcufinder\plugins\mcufinder
2024-02-02 13:45:43,983 [INFO] DbMcusAds:125 - Set database path to: C:\Users\ayome\.stmcufinder\plugins\mcufinder//mcu/
2024-02-02 13:45:43,983 [WARN] DbFile:41 - Overriding database path with different value: C:\Users\ayome\.stmcufinder\plugins\mcufinder/ => C:\Users\ayome\.stmcufinder\plugins\mcufinder
2024-02-02 13:45:43,983 [WARN] DbFile:41 - Overriding database path with different value: C:\Users\ayome\.stmcufinder\plugins\mcufinder/ => C:\Users\ayome\.stmcufinder\plugins\mcufinder
2024-02-02 13:45:43,984 [INFO] CrossReferenceDbSqlite:203 - Set database path to: C:\Users\ayome\.stmcufinder\plugins\mcufinder//mcu/cs/
2024-02-02 13:45:43,999 [INFO] ApplicationProperties:184 - Using Application install path: D:\STM32CubeIDE_1.13.2\STM32CubeIDE\plugins\com.st.stm32cube.common.mx_6.9.2.202309101412
2024-02-02 13:45:44,000 [INFO] PluginManage:196 - Search for loadable plugins [exclusion list=, ]
2024-02-02 13:45:44,002 [INFO] PluginManage:310 - Check plugin analytics
2024-02-02 13:45:48,672 [INFO] AnalyticsPlugin:253 - Accepted Software Licenses: 
2024-02-02 13:45:48,673 [INFO] AnalyticsPlugin:255 - Accepted CMSIS Pack Licenses: STMicroelectronics.X-CUBE-MEMS1.9.6.0
2024-02-02 13:45:48,673 [INFO] AnalyticsPlugin:257 - Accepted Firmware Licenses: 
2024-02-02 13:45:48,675 [INFO] PluginManage:359 - Loaded plugin analytics (category:tool,tabindex:-1)
2024-02-02 13:45:48,676 [INFO] PluginManage:310 - Check plugin cadmodel
2024-02-02 13:45:48,689 [INFO] CADModel:105 - Init CAD model plugin
2024-02-02 13:45:48,689 [INFO] PluginManage:359 - Loaded plugin cadmodel (category:power,tabindex:5)
2024-02-02 13:45:48,690 [INFO] PluginManage:310 - Check plugin clock
2024-02-02 13:45:48,710 [INFO] PluginManage:359 - Loaded plugin clock (category:base,tabindex:2)
2024-02-02 13:45:48,710 [INFO] PluginManage:310 - Check plugin ddr
2024-02-02 13:45:48,713 [INFO] PluginManage:359 - Loaded plugin ddr (category:tool,tabindex:6)
2024-02-02 13:45:48,713 [INFO] PluginManage:310 - Check plugin filemanager
2024-02-02 13:45:48,841 [INFO] PluginManage:359 - Loaded plugin filemanager (category:base,tabindex:10)
2024-02-02 13:45:48,841 [INFO] PluginManage:310 - Check plugin ipmanager
2024-02-02 13:45:48,848 [INFO] PluginManage:359 - Loaded plugin ipmanager (category:base,tabindex:5)
2024-02-02 13:45:48,848 [INFO] PluginManage:310 - Check plugin lpbam
2024-02-02 13:45:48,862 [INFO] PluginManage:359 - Loaded plugin lpbam (category:base,tabindex:0)
2024-02-02 13:45:48,862 [INFO] PluginManage:310 - Check plugin memorymap
2024-02-02 13:45:48,882 [INFO] PluginManage:359 - Loaded plugin memorymap (category:base,tabindex:4)
2024-02-02 13:45:48,882 [INFO] PluginManage:310 - Check plugin pinoutandconfiguration
2024-02-02 13:45:48,895 [INFO] PluginManage:359 - Loaded plugin pinoutandconfiguration (category:base,tabindex:1)
2024-02-02 13:45:48,895 [INFO] PluginManage:310 - Check plugin pinoutconfig
2024-02-02 13:45:48,999 [WARN] SupportedApi:132 - Cannot load RTOS API schema: s4s-elt-must-match.1: The content of 'definitions' must match (annotation?, (simpleType | complexType)?, (unique | key | keyref)*)). A problem was found starting at: attribute.
2024-02-02 13:45:49,109 [INFO] PluginManage:359 - Loaded plugin pinoutconfig (category:base,tabindex:0)
2024-02-02 13:45:49,109 [INFO] PluginManage:310 - Check plugin power
2024-02-02 13:45:49,125 [INFO] PluginManage:359 - Loaded plugin power (category:power,tabindex:4)
2024-02-02 13:45:49,125 [INFO] PluginManage:310 - Check plugin projectmanager
2024-02-02 13:45:49,136 [INFO] PluginManage:359 - Loaded plugin projectmanager (category:projectmanager,tabindex:3)
2024-02-02 13:45:49,136 [INFO] PluginManage:310 - Check plugin thirdparty
2024-02-02 13:45:49,361 [INFO] PluginManage:359 - Loaded plugin thirdparty (category:base,tabindex:-1)
2024-02-02 13:45:49,361 [INFO] PluginManage:310 - Check plugin tools
2024-02-02 13:45:49,361 [WARN] IntegrityCheckThread:84 - waiting for thirdparty lock release [integrity check]
2024-02-02 13:45:49,361 [INFO] IntegrityCheckThread:86 - entering critical section [integrity check]
2024-02-02 13:45:49,362 [INFO] ThirdPartyUpdaterWithRetryManager:70 - Updater plugin not ready yet. [1/15]
2024-02-02 13:45:49,390 [INFO] PluginManage:359 - Loaded plugin tools (category:base,tabindex:7)
2024-02-02 13:45:49,391 [INFO] PluginManage:310 - Check plugin tutovideos
2024-02-02 13:45:49,542 [INFO] PluginManage:359 - Loaded plugin tutovideos (category:base,tabindex:-1)
2024-02-02 13:45:49,542 [INFO] PluginManage:310 - Check plugin updater
2024-02-02 13:45:49,551 [INFO] PluginManage:359 - Loaded plugin updater (category:base,tabindex:12)
2024-02-02 13:45:49,551 [INFO] PluginManage:310 - Check plugin userauth
2024-02-02 13:45:49,556 [INFO] UserAuth:113 - Init User Auth plugin
2024-02-02 13:45:49,556 [INFO] PluginManage:359 - Loaded plugin userauth (category:base,tabindex:14)
2024-02-02 13:45:49,556 [INFO] PluginManage:283 - PluginManage : Loaded plugins [17]
2024-02-02 13:45:49,734 [INFO] PinOutPanel:1499 - setPackage(No Configuration,No Configuration)
2024-02-02 13:45:49,827 [INFO] CADModel:165 - CPN selected for project level
2024-02-02 13:45:49,827 [INFO] CADModel:114 - Register for checkConnection events
2024-02-02 13:45:49,848 [INFO] IPUIPlugin:80 - create IPUIPlugin
2024-02-02 13:45:49,848 [INFO] PluginManager:220 - loadIPPluginJar : add adc
2024-02-02 13:45:49,876 [INFO] IPUIPlugin:80 - create IPUIPlugin
2024-02-02 13:45:49,876 [INFO] PluginManager:220 - loadIPPluginJar : add aes
2024-02-02 13:45:49,908 [INFO] IPUIPlugin:80 - create IPUIPlugin
2024-02-02 13:45:49,908 [INFO] PluginManager:220 - loadIPPluginJar : add can
2024-02-02 13:45:49,925 [INFO] IPUIPlugin:80 - create IPUIPlugin
2024-02-02 13:45:49,925 [INFO] PluginManager:220 - loadIPPluginJar : add comp
2024-02-02 13:45:49,951 [INFO] IPUIPlugin:80 - create IPUIPlugin
2024-02-02 13:45:49,951 [INFO] PluginManager:220 - loadIPPluginJar : add cryp
2024-02-02 13:45:49,973 [INFO] IPUIPlugin:80 - create IPUIPlugin
2024-02-02 13:45:49,973 [INFO] PluginManager:220 - loadIPPluginJar : add dfsdm
2024-02-02 13:45:49,984 [INFO] IPUIPlugin:80 - create IPUIPlugin
2024-02-02 13:45:49,985 [INFO] PluginManager:220 - loadIPPluginJar : add dma
2024-02-02 13:45:50,019 [INFO] IPUIPlugin:80 - create IPUIPlugin
2024-02-02 13:45:50,019 [INFO] PluginManager:220 - loadIPPluginJar : add dma3
2024-02-02 13:45:50,034 [INFO] IPUIPlugin:80 - create IPUIPlugin
2024-02-02 13:45:50,034 [INFO] PluginManager:220 - loadIPPluginJar : add fatfs
2024-02-02 13:45:50,069 [INFO] IPUIPlugin:80 - create IPUIPlugin
2024-02-02 13:45:50,070 [INFO] PluginManager:220 - loadIPPluginJar : add fmc
2024-02-02 13:45:50,083 [INFO] IPUIPlugin:80 - create IPUIPlugin
2024-02-02 13:45:50,083 [INFO] PluginManager:220 - loadIPPluginJar : add freertos
2024-02-02 13:45:50,101 [INFO] IPUIPlugin:80 - create IPUIPlugin
2024-02-02 13:45:50,101 [INFO] PluginManager:220 - loadIPPluginJar : add genericplugin
2024-02-02 13:45:50,186 [INFO] IPUIPlugin:80 - create IPUIPlugin
2024-02-02 13:45:50,186 [INFO] PluginManager:220 - loadIPPluginJar : add gfxmmu
2024-02-02 13:45:50,291 [INFO] IPUIPlugin:80 - create IPUIPlugin
2024-02-02 13:45:50,291 [INFO] PluginManager:220 - loadIPPluginJar : add gic
2024-02-02 13:45:50,300 [INFO] IPUIPlugin:80 - create IPUIPlugin
2024-02-02 13:45:50,301 [INFO] PluginManager:220 - loadIPPluginJar : add gpio
2024-02-02 13:45:50,371 [INFO] IPUIPlugin:80 - create IPUIPlugin
2024-02-02 13:45:50,371 [INFO] PluginManager:220 - loadIPPluginJar : add gtzc
2024-02-02 13:45:50,396 [INFO] IPUIPlugin:80 - create IPUIPlugin
2024-02-02 13:45:50,396 [INFO] PluginManager:220 - loadIPPluginJar : add hash
2024-02-02 13:45:50,436 [INFO] IPUIPlugin:80 - create IPUIPlugin
2024-02-02 13:45:50,436 [INFO] PluginManager:220 - loadIPPluginJar : add i2c
2024-02-02 13:45:50,467 [INFO] IPUIPlugin:80 - create IPUIPlugin
2024-02-02 13:45:50,467 [INFO] PluginManager:220 - loadIPPluginJar : add i2s
2024-02-02 13:45:50,498 [INFO] IPUIPlugin:80 - create IPUIPlugin
2024-02-02 13:45:50,498 [INFO] PluginManager:220 - loadIPPluginJar : add i3c
2024-02-02 13:45:50,575 [INFO] IPUIPlugin:80 - create IPUIPlugin
2024-02-02 13:45:50,575 [INFO] PluginManager:220 - loadIPPluginJar : add ipddr
2024-02-02 13:45:50,645 [INFO] IPUIPlugin:80 - create IPUIPlugin
2024-02-02 13:45:50,645 [INFO] PluginManager:220 - loadIPPluginJar : add linkedlist
2024-02-02 13:45:50,673 [INFO] IPUIPlugin:80 - create IPUIPlugin
2024-02-02 13:45:50,673 [INFO] PluginManager:220 - loadIPPluginJar : add lorawan
2024-02-02 13:45:50,699 [INFO] IPUIPlugin:80 - create IPUIPlugin
2024-02-02 13:45:50,699 [INFO] PluginManager:220 - loadIPPluginJar : add ltdc
2024-02-02 13:45:50,711 [INFO] IPUIPlugin:80 - create IPUIPlugin
2024-02-02 13:45:50,711 [INFO] PluginManager:220 - loadIPPluginJar : add mdma
2024-02-02 13:45:50,720 [INFO] IPUIPlugin:80 - create IPUIPlugin
2024-02-02 13:45:50,720 [INFO] PluginManager:220 - loadIPPluginJar : add nvic
2024-02-02 13:45:50,746 [INFO] IPUIPlugin:80 - create IPUIPlugin
2024-02-02 13:45:50,746 [INFO] PluginManager:220 - loadIPPluginJar : add opamp
2024-02-02 13:45:50,791 [INFO] IPUIPlugin:80 - create IPUIPlugin
2024-02-02 13:45:50,791 [INFO] PluginManager:220 - loadIPPluginJar : add openamp
2024-02-02 13:45:50,822 [INFO] IPUIPlugin:80 - create IPUIPlugin
2024-02-02 13:45:50,822 [INFO] PluginManager:220 - loadIPPluginJar : add pdm2pcm
2024-02-02 13:45:50,833 [INFO] IPUIPlugin:80 - create IPUIPlugin
2024-02-02 13:45:50,835 [INFO] PluginManager:220 - loadIPPluginJar : add plateformsettings
2024-02-02 13:45:50,852 [INFO] IPUIPlugin:80 - create IPUIPlugin
2024-02-02 13:45:50,852 [INFO] PluginManager:220 - loadIPPluginJar : add quadspi
2024-02-02 13:45:50,862 [INFO] IPUIPlugin:80 - create IPUIPlugin
2024-02-02 13:45:50,862 [INFO] PluginManager:220 - loadIPPluginJar : add resmgrutility
2024-02-02 13:45:50,900 [INFO] IPUIPlugin:80 - create IPUIPlugin
2024-02-02 13:45:50,900 [INFO] PluginManager:220 - loadIPPluginJar : add sai
2024-02-02 13:45:50,931 [INFO] IPUIPlugin:80 - create IPUIPlugin
2024-02-02 13:45:50,931 [INFO] PluginManager:220 - loadIPPluginJar : add spi
2024-02-02 13:45:50,972 [INFO] IPUIPlugin:80 - create IPUIPlugin
2024-02-02 13:45:50,973 [INFO] PluginManager:220 - loadIPPluginJar : add stm32_wpan
2024-02-02 13:45:50,989 [INFO] IPUIPlugin:80 - create IPUIPlugin
2024-02-02 13:45:50,989 [INFO] PluginManager:220 - loadIPPluginJar : add tim
2024-02-02 13:45:51,029 [INFO] IPUIPlugin:80 - create IPUIPlugin
2024-02-02 13:45:51,029 [INFO] PluginManager:220 - loadIPPluginJar : add touchsensing
2024-02-02 13:45:51,045 [INFO] IPUIPlugin:80 - create IPUIPlugin
2024-02-02 13:45:51,045 [INFO] PluginManager:220 - loadIPPluginJar : add tracer_emb
2024-02-02 13:45:51,062 [INFO] IPUIPlugin:80 - create IPUIPlugin
2024-02-02 13:45:51,062 [INFO] PluginManager:220 - loadIPPluginJar : add ts
2024-02-02 13:45:51,080 [INFO] IPUIPlugin:80 - create IPUIPlugin
2024-02-02 13:45:51,080 [INFO] PluginManager:220 - loadIPPluginJar : add tsc
2024-02-02 13:45:51,097 [INFO] IPUIPlugin:80 - create IPUIPlugin
2024-02-02 13:45:51,097 [INFO] PluginManager:220 - loadIPPluginJar : add ucpd
2024-02-02 13:45:51,132 [INFO] IPUIPlugin:80 - create IPUIPlugin
2024-02-02 13:45:51,133 [INFO] PluginManager:220 - loadIPPluginJar : add usart
2024-02-02 13:45:51,169 [INFO] IPUIPlugin:80 - create IPUIPlugin
2024-02-02 13:45:51,170 [INFO] PluginManager:220 - loadIPPluginJar : add usbx
2024-02-02 13:45:51,290 [INFO] CADModel:165 - CPN selected for project level
2024-02-02 13:45:51,290 [INFO] CADModel:114 - Register for checkConnection events
2024-02-02 13:45:51,291 [FATAL] Updater:308 - Updater called before beeing initialized
2024-02-02 13:45:51,291 [ERROR] CADModel:125 - Updater not yet initialized, retry later 
2024-02-02 13:45:51,412 [INFO] CADModel:165 - CPN selected for project level
2024-02-02 13:45:51,412 [INFO] CADModel:114 - Register for checkConnection events
2024-02-02 13:45:51,412 [FATAL] Updater:308 - Updater called before beeing initialized
2024-02-02 13:45:51,412 [ERROR] CADModel:125 - Updater not yet initialized, retry later 
2024-02-02 13:45:51,416 [FATAL] Updater:308 - Updater called before beeing initialized
2024-02-02 13:45:51,496 [FATAL] Updater:308 - Updater called before beeing initialized
2024-02-02 13:45:51,505 [INFO] DbMcusAds:53 - JSON generation date=Wed Nov 29 11:52:38 CET 2023 (1701255158764)
2024-02-02 13:45:51,505 [FATAL] Updater:308 - Updater called before beeing initialized
2024-02-02 13:45:51,567 [WARN] DetailPanel:346 - Failed to get advertising image, set to default
2024-02-02 13:45:51,643 [FATAL] Updater:308 - Updater called before beeing initialized
2024-02-02 13:45:51,645 [FATAL] Updater:308 - Updater called before beeing initialized
2024-02-02 13:45:51,645 [FATAL] Updater:308 - Updater called before beeing initialized
2024-02-02 13:45:51,645 [WARN] DetailPanel:346 - Failed to get advertising image, set to default
2024-02-02 13:45:51,646 [FATAL] Updater:308 - Updater called before beeing initialized
2024-02-02 13:45:51,689 [ERROR] Updater:1120 - MainUpdater not yet initialized. External WinMGr cannot be set.
2024-02-02 13:45:51,698 [INFO] Updater:1056 - Updater Version found : 6.9.2
2024-02-02 13:45:51,711 [INFO] ApplicationProperties:184 - Using Application install path: D:\STM32CubeIDE_1.13.2\STM32CubeIDE\plugins\com.st.stm32cube.common.mx_6.9.2.202309101412
2024-02-02 13:45:51,893 [INFO] MainUpdater:2868 - connection check result : 10
2024-02-02 13:45:51,894 [INFO] MainUpdater:3562 - Updater definition file requires update
2024-02-02 13:45:51,894 [INFO] MainUpdater:285 - Updater Check For Update Now.
2024-02-02 13:45:51,895 [INFO] MicroXplorer:498 - Change Database Version : DB.6.0.92
2024-02-02 13:45:51,907 [INFO] McuFinderGlobals:63 - Set McuFinder mode to 2 (CubeIDE integrated)
2024-02-02 13:45:51,907 [INFO] UserAuth:179 - activating auth plugin
2024-02-02 13:45:51,909 [INFO] UserAuth:393 - Internet connection configuration mode: 1
2024-02-02 13:45:51,915 [INFO] ServerAccessManage:473 - Download File updaters.zip
2024-02-02 13:45:51,928 [INFO] JxBrowserEngine:151 - Initiate JxBrowser Engine with user profile folder
2024-02-02 13:45:51,962 [INFO] FileExtend:240 - Unzip File : updaters.zip
2024-02-02 13:45:51,962 [INFO] FileExtend:255 - Standard Zip Deflate
2024-02-02 13:45:52,212 [INFO] ServerAccessManage:473 - Download File PacksControlFlags.xml
2024-02-02 13:45:52,269 [INFO] ServerAccessManage:473 - Download File cubemx.pidx
2024-02-02 13:45:52,365 [WARN] MainUpdater:1189 - Updater busy. Cannot search thirdparties
2024-02-02 13:45:52,365 [INFO] ThirdPartyUpdaterWithRetryManager:96 - Updater plugin is busy. [1/15]
2024-02-02 13:45:52,802 [INFO] ServerAccessManage:473 - Download File STMicroelectronics.X-CUBE-EEPRMA1.pdsc
2024-02-02 13:45:53,048 [ERROR] ServerAccessManage:1089 - Problem, file not found on Server
2024-02-02 13:45:53,302 [ERROR] ServerAccessManage:1089 - Problem, file not found on Server
2024-02-02 13:45:53,729 [INFO] ServerAccessManage:473 - Download File STMicroelectronics.X-CUBE-TOUCHGFX.pdsc
2024-02-02 13:45:54,756 [INFO] WebApp:157 - Instantiating new browser for Auth
2024-02-02 13:45:55,368 [WARN] MainUpdater:1189 - Updater busy. Cannot search thirdparties
2024-02-02 13:45:55,368 [INFO] ThirdPartyUpdaterWithRetryManager:96 - Updater plugin is busy. [2/15]
2024-02-02 13:45:55,370 [INFO] WebApp:753 - Register for checkConnection events
2024-02-02 13:45:55,371 [INFO] WebApp:390 - Apply proxy settings
2024-02-02 13:45:55,371 [INFO] WebApp:475 - Chromium requires no authentication
2024-02-02 13:45:55,395 [INFO] WebApp:418 - Direct internet connection detected
2024-02-02 13:45:55,426 [WARN] PackLoader:240 - Cannot read IP mode file for STMicroelectronics.X-CUBE-EEPRMA1.5.1.0
2024-02-02 13:45:55,434 [WARN] PackLoader:240 - Cannot read IP mode file for STMicroelectronics.X-CUBE-TOUCHGFX.4.23.0
2024-02-02 13:45:55,434 [INFO] PopulateThirdPartyThread:66 - Ending populate Thread
2024-02-02 13:45:55,435 [INFO] ThirdParty:1030 - CMSIS Pack Vendor :STMicroelectronics X-CUBE-EEPRMA1 5.1.0
2024-02-02 13:45:55,436 [INFO] ThirdParty:1030 - CMSIS Pack Vendor :STMicroelectronics X-CUBE-TOUCHGFX 4.23.0
2024-02-02 13:45:55,436 [INFO] LoadServerUpdatesThread:373 - End of LoadServerUpdate Thread
2024-02-02 13:45:55,533 [INFO] CheckServerUpdateThread:120 - End of CheckServer Thread
2024-02-02 13:45:55,576 [INFO] WebApp:188 - Starting web application
2024-02-02 13:45:55,576 [INFO] WebApp:520 - Web application path used D:\STM32CubeIDE_1.13.2\STM32CubeIDE\plugins\com.st.stm32cube.common.mx_6.9.2.202309101412\db\plugins\mcufinder\reactClient1\index.html
2024-02-02 13:45:58,509 [WARN] PackLoader:240 - Cannot read IP mode file for STMicroelectronics.X-CUBE-SMBUS.2.1.0
2024-02-02 13:45:58,512 [WARN] PackLoader:240 - Cannot read IP mode file for STMicroelectronics.X-CUBE-TOUCHGFX.4.23.0
2024-02-02 13:45:58,541 [WARN] PackLoader:240 - Cannot read IP mode file for STMicroelectronics.X-CUBE-AZRTOS-F7.1.1.0
2024-02-02 13:45:58,556 [WARN] PackLoader:240 - Cannot read IP mode file for STMicroelectronics.FP-SNS-MOTENV1.4.3.2
2024-02-02 13:45:58,569 [WARN] PackLoader:240 - Cannot read IP mode file for STMicroelectronics.X-CUBE-BLE1.6.2.4
2024-02-02 13:45:58,574 [WARN] PackLoader:240 - Cannot read IP mode file for STMicroelectronics.FP-SNS-FLIGHT1.5.0.2
2024-02-02 13:45:58,587 [WARN] PackLoader:240 - Cannot read IP mode file for STMicroelectronics.X-CUBE-DISPLAY.3.0.0
2024-02-02 13:45:58,602 [WARN] PackLoader:240 - Cannot read IP mode file for STMicroelectronics.X-CUBE-BLE1.7.0.0
2024-02-02 13:45:58,611 [WARN] PackLoader:240 - Cannot read IP mode file for STMicroelectronics.X-CUBE-TOUCHGFX.4.22.0
2024-02-02 13:45:58,619 [WARN] PackLoader:240 - Cannot read IP mode file for STMicroelectronics.X-CUBE-TOUCHGFX.4.22.1
2024-02-02 13:45:58,629 [WARN] PackLoader:240 - Cannot read IP mode file for STMicroelectronics.FP-SNS-SMARTAG2.1.2.0
2024-02-02 13:45:58,645 [INFO] LogOutputStream:77 - [STDOUT_REDIRECT] 1 : Invalid condition id : UX_CORESTACK_Condition cause : null
2024-02-02 13:45:58,645 [INFO] LogOutputStream:77 - [STDOUT_REDIRECT] 1 : Invalid condition id : UX_CORESTACK_Condition cause : null
2024-02-02 13:45:58,646 [INFO] LogOutputStream:77 - [STDOUT_REDIRECT] 1 : Invalid condition id : UX_CORESTACK_Condition cause : null
2024-02-02 13:45:58,647 [INFO] LogOutputStream:77 - [STDOUT_REDIRECT] 1 : Invalid condition id : UX_CORESTACK_Condition cause : null
2024-02-02 13:45:58,648 [INFO] LogOutputStream:77 - [STDOUT_REDIRECT] 1 : Invalid condition id : UX_CORESTACK_Condition cause : null
2024-02-02 13:45:58,651 [WARN] PackLoader:240 - Cannot read IP mode file for STMicroelectronics.X-CUBE-AZRTOS-WL.2.0.0
2024-02-02 13:45:58,663 [WARN] PackLoader:240 - Cannot read IP mode file for WES.I-CUBE-Cesium.1.3.0
2024-02-02 13:45:58,673 [WARN] PackLoader:240 - Cannot read IP mode file for STMicroelectronics.X-CUBE-BLE2.3.3.0
2024-02-02 13:45:58,684 [WARN] PackLoader:240 - Cannot read IP mode file for STMicroelectronics.X-CUBE-DISPLAY.2.2.0
2024-02-02 13:45:58,701 [WARN] PackLoader:240 - Cannot read IP mode file for STMicroelectronics.X-CUBE-TOF1.3.2.0
2024-02-02 13:45:58,715 [WARN] PackLoader:240 - Cannot read IP mode file for STMicroelectronics.X-CUBE-TOUCHGFX.4.21.0
2024-02-02 13:45:58,755 [WARN] PackLoader:240 - Cannot read IP mode file for STMicroelectronics.X-CUBE-MEMS1.9.4.0
2024-02-02 13:45:58,864 [WARN] PackLoader:240 - Cannot read IP mode file for STMicroelectronics.X-CUBE-AI.7.3.0
2024-02-02 13:45:58,875 [WARN] PackLoader:240 - Cannot read IP mode file for STMicroelectronics.X-CUBE-ALGOBUILD.1.3.0
2024-02-02 13:45:58,897 [WARN] PackLoader:240 - Cannot read IP mode file for STMicroelectronics.X-CUBE-AZRTOS-G0.1.1.0
2024-02-02 13:45:58,910 [WARN] PackLoader:240 - Cannot read IP mode file for STMicroelectronics.X-CUBE-NFC4.3.0.0
2024-02-02 13:45:58,922 [WARN] PackLoader:240 - Cannot read IP mode file for STMicroelectronics.X-CUBE-BLEMGR.3.0.0
2024-02-02 13:45:58,934 [WARN] PackLoader:240 - Cannot read IP mode file for STMicroelectronics.X-CUBE-BLEMGR.1.3.0
2024-02-02 13:45:58,944 [WARN] PackLoader:240 - Cannot read IP mode file for STMicroelectronics.FP-ATR-SIGFOX1.3.2.0
2024-02-02 13:45:58,948 [WARN] PackLoader:240 - Cannot read IP mode file for STMicroelectronics.X-CUBE-EEPRMA1.5.1.0
2024-02-02 13:45:58,978 [WARN] PackLoader:240 - Cannot read IP mode file for SEGGER.I-CUBE-embOS.1.3.1
2024-02-02 13:45:59,022 [WARN] PackLoader:240 - Cannot read IP mode file for SEGGER.I-CUBE-embOS.1.3.0
2024-02-02 13:45:59,050 [WARN] PackLoader:240 - Cannot read IP mode file for STMicroelectronics.X-CUBE-GNSS1.6.0.0
2024-02-02 13:45:59,070 [WARN] PackLoader:240 - Cannot read IP mode file for STMicroelectronics.X-CUBE-AZRTOS-F4.1.1.0
2024-02-02 13:45:59,091 [WARN] PackLoader:240 - Cannot read IP mode file for STMicroelectronics.X-CUBE-AZRTOS-L5.2.0.0
2024-02-02 13:45:59,128 [WARN] PackLoader:240 - Cannot read IP mode file for STMicroelectronics.X-CUBE-MEMS1.9.6.0
2024-02-02 13:45:59,322 [WARN] PackLoader:240 - Cannot read IP mode file for STMicroelectronics.X-CUBE-EEPRMA1.4.2.0
2024-02-02 13:45:59,331 [WARN] PackLoader:240 - Cannot read IP mode file for ITTIA_DB.I-CUBE-ITTIADB.8.8.0
2024-02-02 13:45:59,342 [WARN] PackLoader:240 - Cannot read IP mode file for emotas.I-CUBE-CANOPEN.1.1.3
2024-02-02 13:45:59,353 [WARN] PackLoader:240 - Cannot read IP mode file for STMicroelectronics.X-CUBE-BLEMGR.2.0.0
2024-02-02 13:45:59,363 [WARN] PackLoader:240 - Cannot read IP mode file for STMicroelectronics.X-CUBE-NFC4.2.0.5
2024-02-02 13:45:59,385 [WARN] ConditionMgr:438 - getConditionDescription Invalid condition id : UX DEVICE CLASS RTOS Condition cause : null
2024-02-02 13:45:59,385 [WARN] ConditionMgr:438 - getConditionDescription Invalid condition id : UX DEVICE CLASS RTOS Condition cause : null
2024-02-02 13:45:59,387 [WARN] PackLoader:240 - Cannot read IP mode file for STMicroelectronics.X-CUBE-AZRTOS-H7.3.1.0
2024-02-02 13:45:59,388 [WARN] ConditionMgr:1039 - genDependencies : Invalid condition id : UX DEVICE CLASS RTOS Condition cause : null
2024-02-02 13:45:59,388 [WARN] ConditionMgr:1039 - genDependencies : Invalid condition id : UX DEVICE CLASS RTOS Condition cause : null
2024-02-02 13:45:59,389 [WARN] ConditionMgr:1039 - genDependencies : Invalid condition id : UX DEVICE CLASS RTOS Condition cause : null
2024-02-02 13:45:59,389 [WARN] ConditionMgr:1039 - genDependencies : Invalid condition id : UX DEVICE CLASS RTOS Condition cause : null
2024-02-02 13:45:59,389 [WARN] ConditionMgr:1039 - genDependencies : Invalid condition id : UX DEVICE CLASS RTOS Condition cause : null
2024-02-02 13:45:59,398 [WARN] PackLoader:240 - Cannot read IP mode file for wolfSSL.I-CUBE-wolfSSL.5.5.3
2024-02-02 13:45:59,407 [WARN] PackLoader:240 - Cannot read IP mode file for STMicroelectronics.X-CUBE-NFC7.1.0.1
2024-02-02 13:45:59,417 [WARN] PackLoader:240 - Cannot read IP mode file for STMicroelectronics.X-CUBE-NFC7.1.0.0
2024-02-02 13:45:59,427 [WARN] PackLoader:240 - Cannot read IP mode file for STMicroelectronics.X-CUBE-NFC6.3.0.0
2024-02-02 13:45:59,437 [WARN] PackLoader:240 - Cannot read IP mode file for STMicroelectronics.X-CUBE-EEPRMA1.4.1.0
2024-02-02 13:45:59,446 [WARN] PackLoader:240 - Cannot read IP mode file for STMicroelectronics.X-CUBE-AI.8.1.0
2024-02-02 13:45:59,466 [WARN] ConditionMgr:438 - getConditionDescription Invalid condition id : LAN8742 Phy interface Condition cause : null
2024-02-02 13:45:59,466 [WARN] PackLoader:240 - Cannot read IP mode file for STMicroelectronics.X-CUBE-AZRTOS-L4.2.0.0
2024-02-02 13:45:59,467 [WARN] ConditionMgr:1039 - genDependencies : Invalid condition id : LAN8742 Phy interface Condition cause : null
2024-02-02 13:45:59,467 [WARN] ConditionMgr:1039 - genDependencies : Invalid condition id : LAN8742 Phy interface Condition cause : null
2024-02-02 13:45:59,467 [WARN] ConditionMgr:1039 - genDependencies : Invalid condition id : LAN8742 Phy interface Condition cause : null
2024-02-02 13:45:59,487 [WARN] PackLoader:240 - Cannot read IP mode file for STMicroelectronics.X-CUBE-SFXS2LP1.4.0.0
2024-02-02 13:45:59,525 [WARN] PackLoader:240 - Cannot read IP mode file for STMicroelectronics.X-CUBE-AZRTOS-H7.3.0.0
2024-02-02 13:45:59,535 [WARN] PackLoader:240 - Cannot read IP mode file for STMicroelectronics.X-CUBE-ISPU.1.1.0
2024-02-02 13:45:59,545 [WARN] PackLoader:240 - Cannot read IP mode file for RoweBots.I-CUBE-UNISONRTOS.5.5.0-4
2024-02-02 13:45:59,562 [WARN] ConditionMgr:438 - getConditionDescription Invalid condition id : UX DEVICE CLASS RTOS Condition cause : null
2024-02-02 13:45:59,563 [WARN] ConditionMgr:438 - getConditionDescription Invalid condition id : UX DEVICE CLASS RTOS Condition cause : null
2024-02-02 13:45:59,564 [WARN] PackLoader:240 - Cannot read IP mode file for STMicroelectronics.X-CUBE-AZRTOS-WB.2.0.0
2024-02-02 13:45:59,564 [WARN] ConditionMgr:1039 - genDependencies : Invalid condition id : UX DEVICE CLASS RTOS Condition cause : null
2024-02-02 13:45:59,564 [WARN] ConditionMgr:1039 - genDependencies : Invalid condition id : UX DEVICE CLASS RTOS Condition cause : null
2024-02-02 13:45:59,564 [WARN] ConditionMgr:1039 - genDependencies : Invalid condition id : UX DEVICE CLASS RTOS Condition cause : null
2024-02-02 13:45:59,565 [WARN] ConditionMgr:1039 - genDependencies : Invalid condition id : UX DEVICE CLASS RTOS Condition cause : null
2024-02-02 13:45:59,565 [WARN] ConditionMgr:1039 - genDependencies : Invalid condition id : UX DEVICE CLASS RTOS Condition cause : null
2024-02-02 13:45:59,583 [WARN] PackLoader:240 - Cannot read IP mode file for STMicroelectronics.X-CUBE-AZRTOS-L5.1.1.0
2024-02-02 13:45:59,597 [WARN] PackLoader:240 - Cannot read IP mode file for STMicroelectronics.X-CUBE-SUBG2.5.0.0
2024-02-02 13:45:59,612 [WARN] PackLoader:240 - Cannot read IP mode file for STMicroelectronics.X-CUBE-TOF1.3.3.1
2024-02-02 13:45:59,632 [WARN] PackLoader:240 - Cannot read IP mode file for STMicroelectronics.X-CUBE-AZRTOS-G4.2.0.0
2024-02-02 13:45:59,642 [WARN] PackLoader:240 - Cannot read IP mode file for STMicroelectronics.FP-ATR-ASTRA1.1.1.1
2024-02-02 13:45:59,657 [WARN] PackLoader:240 - Cannot read IP mode file for Infineon.AIROC-Wi-Fi-Bluetooth-STM32.1.5.1
2024-02-02 13:45:59,662 [WARN] PackLoader:240 - Cannot read IP mode file for STMicroelectronics.FP-SNS-MOTENVWB1.1.3.1
2024-02-02 13:45:59,678 [WARN] PackLoader:240 - Cannot read IP mode file for STMicroelectronics.X-CUBE-AZRTOS-G4.1.0.0
2024-02-02 13:45:59,697 [WARN] PackLoader:240 - Cannot read IP mode file for STMicroelectronics.X-CUBE-AZRTOS-L4.1.0.0
2024-02-02 13:45:59,707 [WARN] PackLoader:240 - Cannot read IP mode file for STMicroelectronics.X-CUBE-ISPU.2.0.0
2024-02-02 13:45:59,738 [WARN] PackLoader:240 - Cannot read IP mode file for STMicroelectronics.X-CUBE-MEMS1.10.0.0
2024-02-02 13:45:59,813 [WARN] PackLoader:240 - Cannot read IP mode file for STMicroelectronics.X-CUBE-FREERTOS.1.1.0
2024-02-02 13:45:59,827 [WARN] PackLoader:240 - Cannot read IP mode file for STMicroelectronics.X-CUBE-AZRTOS-WL.1.0.0
2024-02-02 13:45:59,838 [WARN] PackLoader:240 - Cannot read IP mode file for portGmbH.I-Cube-SoM-uGOAL.1.1.0
2024-02-02 13:45:59,847 [WARN] PackLoader:240 - Cannot read IP mode file for STMicroelectronics.X-CUBE-ALS.1.0.1
2024-02-02 13:45:59,865 [WARN] PackLoader:240 - Cannot read IP mode file for STMicroelectronics.X-CUBE-AZRTOS-WB.1.1.0
2024-02-02 13:45:59,869 [WARN] PackLoader:240 - Cannot read IP mode file for STMicroelectronics.FP-ATR-ASTRA1.2.0.0
2024-02-02 13:45:59,883 [WARN] PackLoader:240 - Cannot read IP mode file for STMicroelectronics.X-CUBE-TOF1.3.4.0
2024-02-02 13:45:59,908 [WARN] PackLoader:240 - Cannot read IP mode file for STMicroelectronics.X-CUBE-AZRTOS-H7.3.2.0
2024-02-02 13:45:59,910 [INFO] ThirdParty:978 - Integrity check success = true
2024-02-02 13:45:59,910 [INFO] IntegrityCheckThread:100 - exiting critical section [integrity check]
2024-02-02 13:45:59,910 [INFO] IntegrityCheckThread:103 - End integrity checks thread
2024-02-02 13:46:16,302 [ERROR] LogOutputStream:75 - [STDERR_REDIRECT] SLF4J: Failed to load class "org.slf4j.impl.StaticLoggerBinder".
2024-02-02 13:46:16,303 [ERROR] LogOutputStream:75 - [STDERR_REDIRECT] SLF4J: Defaulting to no-operation (NOP) logger implementation
2024-02-02 13:46:16,304 [ERROR] LogOutputStream:75 - [STDERR_REDIRECT] SLF4J: See http://www.slf4j.org/codes.html#StaticLoggerBinder for further details.
2024-02-02 13:46:30,952 [INFO] LogOutputStream:77 - [STDOUT_REDIRECT] Unexpected error loading extension: org.eclipse.equinox.p2.metadata.repository.XZedRepository
2024-02-02 13:46:30,955 [ERROR] LogOutputStream:75 - [STDERR_REDIRECT] java.lang.IllegalStateException: Attempt to access stopped agent: org.eclipse.equinox.internal.p2.core.ProvisioningAgent@75691d6
2024-02-02 13:46:30,956 [ERROR] LogOutputStream:75 - [STDERR_REDIRECT] 	at org.eclipse.equinox.internal.p2.core.ProvisioningAgent.checkRunning(ProvisioningAgent.java:86)
2024-02-02 13:46:30,959 [ERROR] LogOutputStream:75 - [STDERR_REDIRECT] 	at org.eclipse.equinox.internal.p2.core.ProvisioningAgent.getService(ProvisioningAgent.java:50)
2024-02-02 13:46:30,960 [ERROR] LogOutputStream:75 - [STDERR_REDIRECT] 	at org.eclipse.equinox.p2.core.IProvisioningAgent.getService(IProvisioningAgent.java:86)
2024-02-02 13:46:30,962 [ERROR] LogOutputStream:75 - [STDERR_REDIRECT] 	at org.eclipse.equinox.internal.p2.metadata.repository.LocalMetadataRepository.publishRepositoryReferences(LocalMetadataRepository.java:178)
2024-02-02 13:46:30,964 [ERROR] LogOutputStream:75 - [STDERR_REDIRECT] 	at org.eclipse.equinox.internal.p2.metadata.repository.LocalMetadataRepository.initialize(LocalMetadataRepository.java:171)
2024-02-02 13:46:30,966 [ERROR] LogOutputStream:75 - [STDERR_REDIRECT] 	at org.eclipse.equinox.internal.p2.metadata.repository.MetadataRepositoryIO$Parser$RepositoryHandler.finished(MetadataRepositoryIO.java:334)
2024-02-02 13:46:30,967 [ERROR] LogOutputStream:75 - [STDERR_REDIRECT] 	at org.eclipse.equinox.internal.p2.persistence.XMLParser$AbstractHandler.endElement(XMLParser.java:174)
2024-02-02 13:46:30,969 [ERROR] LogOutputStream:75 - [STDERR_REDIRECT] 	at java.xml/com.sun.org.apache.xerces.internal.parsers.AbstractSAXParser.endElement(AbstractSAXParser.java:618)
2024-02-02 13:46:30,971 [ERROR] LogOutputStream:75 - [STDERR_REDIRECT] 	at java.xml/com.sun.org.apache.xerces.internal.impl.XMLDocumentFragmentScannerImpl.scanEndElement(XMLDocumentFragmentScannerImpl.java:1728)
2024-02-02 13:46:30,973 [ERROR] LogOutputStream:75 - [STDERR_REDIRECT] 	at java.xml/com.sun.org.apache.xerces.internal.impl.XMLDocumentFragmentScannerImpl$FragmentContentDriver.next(XMLDocumentFragmentScannerImpl.java:2899)
2024-02-02 13:46:30,975 [ERROR] LogOutputStream:75 - [STDERR_REDIRECT] 	at java.xml/com.sun.org.apache.xerces.internal.impl.XMLDocumentScannerImpl.next(XMLDocumentScannerImpl.java:605)
2024-02-02 13:46:30,976 [ERROR] LogOutputStream:75 - [STDERR_REDIRECT] 	at java.xml/com.sun.org.apache.xerces.internal.impl.XMLNSDocumentScannerImpl.next(XMLNSDocumentScannerImpl.java:112)
2024-02-02 13:46:30,978 [ERROR] LogOutputStream:75 - [STDERR_REDIRECT] 	at java.xml/com.sun.org.apache.xerces.internal.impl.XMLDocumentFragmentScannerImpl.scanDocument(XMLDocumentFragmentScannerImpl.java:542)
2024-02-02 13:46:30,980 [ERROR] LogOutputStream:75 - [STDERR_REDIRECT] 	at java.xml/com.sun.org.apache.xerces.internal.parsers.XML11Configuration.parse(XML11Configuration.java:889)
2024-02-02 13:46:30,982 [ERROR] LogOutputStream:75 - [STDERR_REDIRECT] 	at java.xml/com.sun.org.apache.xerces.internal.parsers.XML11Configuration.parse(XML11Configuration.java:825)
2024-02-02 13:46:30,983 [ERROR] LogOutputStream:75 - [STDERR_REDIRECT] 	at java.xml/com.sun.org.apache.xerces.internal.parsers.XMLParser.parse(XMLParser.java:141)
2024-02-02 13:46:30,985 [ERROR] LogOutputStream:75 - [STDERR_REDIRECT] 	at java.xml/com.sun.org.apache.xerces.internal.parsers.AbstractSAXParser.parse(AbstractSAXParser.java:1224)
2024-02-02 13:46:30,987 [ERROR] LogOutputStream:75 - [STDERR_REDIRECT] 	at java.xml/com.sun.org.apache.xerces.internal.jaxp.SAXParserImpl$JAXPSAXParser.parse(SAXParserImpl.java:637)
