2023-12-05 15:26:29,826 [INFO] Activator:176 - 


2023-12-05 15:26:29,826 [INFO] Activator:177 - !SESSION log4j initialized
2023-12-05 15:26:31,829 [INFO] LogOutputStream:77 - [STDOUT_REDIRECT] 
2023-12-05 15:26:37,910 [INFO] ApplicationProperties:184 - Using Application install path: D:\ST\STM32CubeIDE_1.13.2\STM32CubeIDE\plugins\com.st.stm32cube.common.mx_6.9.2.202309101412
2023-12-05 15:26:37,917 [INFO] DbMcusXml:78 - Set database path to: D:\ST\STM32CubeIDE_1.13.2\STM32CubeIDE\plugins\com.st.stm32cube.common.mx_6.9.2.202309101412\\db\/mcu/
2023-12-05 15:26:37,917 [INFO] ApiDb:274 - Set plugin database path to: D:\ST\STM32CubeIDE_1.13.2\STM32CubeIDE\plugins\com.st.stm32cube.common.mx_6.9.2.202309101412\\db\/plugins/boardmanager/
2023-12-05 15:26:37,933 [WARN] ApiDb:259 - Overriding images path with different value:  => D:\ST\STM32CubeIDE_1.13.2\STM32CubeIDE\plugins\com.st.stm32cube.common.mx_6.9.2.202309101412\\db\/plugins/mcufinder/images/
2023-12-05 15:26:37,933 [INFO] ApiDb:250 - Set database path to: C:\Users\ayome\.stmcufinder\plugins\mcufinder//mcu/
2023-12-05 15:26:37,933 [INFO] DbMcusAds:125 - Set database path to: C:\Users\ayome\.stmcufinder\plugins\mcufinder//mcu/
2023-12-05 15:26:37,933 [INFO] CrossReferenceDbSqlite:203 - Set database path to: C:\Users\ayome\.stmcufinder\plugins\mcufinder//mcu/cs/
2023-12-05 15:26:38,017 [INFO] RulesReader:64 - Compatibility file has been processed (293 Rules)
2023-12-05 15:26:38,080 [INFO] DbMcusXml:78 - Set database path to: D:\ST\STM32CubeIDE_1.13.2\STM32CubeIDE\plugins\com.st.stm32cube.common.mx_6.9.2.202309101412\\db\/mcu/
2023-12-05 15:26:38,080 [INFO] ApiDb:274 - Set plugin database path to: D:\ST\STM32CubeIDE_1.13.2\STM32CubeIDE\plugins\com.st.stm32cube.common.mx_6.9.2.202309101412\\db\/plugins/boardmanager/
2023-12-05 15:26:38,080 [INFO] ApiDb:261 - Set plugin images path to: D:\ST\STM32CubeIDE_1.13.2\STM32CubeIDE\plugins\com.st.stm32cube.common.mx_6.9.2.202309101412\\db\/plugins/mcufinder/images/
2023-12-05 15:26:38,080 [WARN] DbFile:41 - Overriding database path with different value: C:\Users\ayome\.stmcufinder\plugins\mcufinder/ => C:\Users\ayome\.stmcufinder\plugins\mcufinder
2023-12-05 15:26:38,080 [INFO] ApiDb:250 - Set database path to: C:\Users\ayome\.stmcufinder\plugins\mcufinder//mcu/
2023-12-05 15:26:38,080 [WARN] DbFile:41 - Overriding database path with different value: C:\Users\ayome\.stmcufinder\plugins\mcufinder/ => C:\Users\ayome\.stmcufinder\plugins\mcufinder
2023-12-05 15:26:38,080 [INFO] DbMcusAds:125 - Set database path to: C:\Users\ayome\.stmcufinder\plugins\mcufinder//mcu/
2023-12-05 15:26:38,080 [WARN] DbFile:41 - Overriding database path with different value: C:\Users\ayome\.stmcufinder\plugins\mcufinder/ => C:\Users\ayome\.stmcufinder\plugins\mcufinder
2023-12-05 15:26:38,080 [WARN] DbFile:41 - Overriding database path with different value: C:\Users\ayome\.stmcufinder\plugins\mcufinder/ => C:\Users\ayome\.stmcufinder\plugins\mcufinder
2023-12-05 15:26:38,080 [INFO] CrossReferenceDbSqlite:203 - Set database path to: C:\Users\ayome\.stmcufinder\plugins\mcufinder//mcu/cs/
2023-12-05 15:26:38,149 [INFO] MainPanel:262 - HeapMemory: 268435456
2023-12-05 15:26:38,196 [INFO] DbMcusXml:78 - Set database path to: D:\ST\STM32CubeIDE_1.13.2\STM32CubeIDE\plugins\com.st.stm32cube.common.mx_6.9.2.202309101412\\db\/mcu/
2023-12-05 15:26:38,196 [INFO] ApiDb:274 - Set plugin database path to: D:\ST\STM32CubeIDE_1.13.2\STM32CubeIDE\plugins\com.st.stm32cube.common.mx_6.9.2.202309101412\\db\/plugins/boardmanager/
2023-12-05 15:26:38,196 [INFO] ApiDb:261 - Set plugin images path to: D:\ST\STM32CubeIDE_1.13.2\STM32CubeIDE\plugins\com.st.stm32cube.common.mx_6.9.2.202309101412\\db\/plugins/mcufinder/images/
2023-12-05 15:26:38,196 [WARN] DbFile:41 - Overriding database path with different value: C:\Users\ayome\.stmcufinder\plugins\mcufinder/ => C:\Users\ayome\.stmcufinder\plugins\mcufinder
2023-12-05 15:26:38,196 [INFO] ApiDb:250 - Set database path to: C:\Users\ayome\.stmcufinder\plugins\mcufinder//mcu/
2023-12-05 15:26:38,196 [WARN] DbFile:41 - Overriding database path with different value: C:\Users\ayome\.stmcufinder\plugins\mcufinder/ => C:\Users\ayome\.stmcufinder\plugins\mcufinder
2023-12-05 15:26:38,196 [INFO] DbMcusAds:125 - Set database path to: C:\Users\ayome\.stmcufinder\plugins\mcufinder//mcu/
2023-12-05 15:26:38,196 [WARN] DbFile:41 - Overriding database path with different value: C:\Users\ayome\.stmcufinder\plugins\mcufinder/ => C:\Users\ayome\.stmcufinder\plugins\mcufinder
2023-12-05 15:26:38,196 [WARN] DbFile:41 - Overriding database path with different value: C:\Users\ayome\.stmcufinder\plugins\mcufinder/ => C:\Users\ayome\.stmcufinder\plugins\mcufinder
2023-12-05 15:26:38,196 [INFO] CrossReferenceDbSqlite:203 - Set database path to: C:\Users\ayome\.stmcufinder\plugins\mcufinder//mcu/cs/
2023-12-05 15:26:38,218 [INFO] ApplicationProperties:184 - Using Application install path: D:\ST\STM32CubeIDE_1.13.2\STM32CubeIDE\plugins\com.st.stm32cube.common.mx_6.9.2.202309101412
2023-12-05 15:26:38,218 [INFO] PluginManage:196 - Search for loadable plugins [exclusion list=, ]
2023-12-05 15:26:38,218 [INFO] PluginManage:310 - Check plugin analytics
2023-12-05 15:26:42,892 [INFO] AnalyticsPlugin:253 - Accepted Software Licenses: 
2023-12-05 15:26:42,892 [INFO] AnalyticsPlugin:255 - Accepted CMSIS Pack Licenses: STMicroelectronics.X-CUBE-MEMS1.9.6.0
2023-12-05 15:26:42,892 [INFO] AnalyticsPlugin:257 - Accepted Firmware Licenses: 
2023-12-05 15:26:42,892 [INFO] PluginManage:359 - Loaded plugin analytics (category:tool,tabindex:-1)
2023-12-05 15:26:42,892 [INFO] PluginManage:310 - Check plugin cadmodel
2023-12-05 15:26:42,907 [INFO] CADModel:105 - Init CAD model plugin
2023-12-05 15:26:42,907 [INFO] PluginManage:359 - Loaded plugin cadmodel (category:power,tabindex:5)
2023-12-05 15:26:42,907 [INFO] PluginManage:310 - Check plugin clock
2023-12-05 15:26:42,907 [INFO] PluginManage:359 - Loaded plugin clock (category:base,tabindex:2)
2023-12-05 15:26:42,907 [INFO] PluginManage:310 - Check plugin ddr
2023-12-05 15:26:42,907 [INFO] PluginManage:359 - Loaded plugin ddr (category:tool,tabindex:6)
2023-12-05 15:26:42,907 [INFO] PluginManage:310 - Check plugin filemanager
2023-12-05 15:26:43,008 [INFO] PluginManage:359 - Loaded plugin filemanager (category:base,tabindex:10)
2023-12-05 15:26:43,008 [INFO] PluginManage:310 - Check plugin ipmanager
2023-12-05 15:26:43,031 [INFO] PluginManage:359 - Loaded plugin ipmanager (category:base,tabindex:5)
2023-12-05 15:26:43,031 [INFO] PluginManage:310 - Check plugin lpbam
2023-12-05 15:26:43,031 [INFO] PluginManage:359 - Loaded plugin lpbam (category:base,tabindex:0)
2023-12-05 15:26:43,031 [INFO] PluginManage:310 - Check plugin memorymap
2023-12-05 15:26:43,046 [INFO] PluginManage:359 - Loaded plugin memorymap (category:base,tabindex:4)
2023-12-05 15:26:43,046 [INFO] PluginManage:310 - Check plugin pinoutandconfiguration
2023-12-05 15:26:43,046 [INFO] PluginManage:359 - Loaded plugin pinoutandconfiguration (category:base,tabindex:1)
2023-12-05 15:26:43,046 [INFO] PluginManage:310 - Check plugin pinoutconfig
2023-12-05 15:26:43,131 [WARN] SupportedApi:132 - Cannot load RTOS API schema: s4s-elt-must-match.1: The content of 'definitions' must match (annotation?, (simpleType | complexType)?, (unique | key | keyref)*)). A problem was found starting at: attribute.
2023-12-05 15:26:43,278 [INFO] PluginManage:359 - Loaded plugin pinoutconfig (category:base,tabindex:0)
2023-12-05 15:26:43,278 [INFO] PluginManage:310 - Check plugin power
2023-12-05 15:26:43,294 [INFO] PluginManage:359 - Loaded plugin power (category:power,tabindex:4)
2023-12-05 15:26:43,294 [INFO] PluginManage:310 - Check plugin projectmanager
2023-12-05 15:26:43,309 [INFO] PluginManage:359 - Loaded plugin projectmanager (category:projectmanager,tabindex:3)
2023-12-05 15:26:43,309 [INFO] PluginManage:310 - Check plugin thirdparty
2023-12-05 15:26:43,410 [INFO] PluginManage:359 - Loaded plugin thirdparty (category:base,tabindex:-1)
2023-12-05 15:26:43,413 [INFO] PluginManage:310 - Check plugin tools
2023-12-05 15:26:43,410 [WARN] IntegrityCheckThread:84 - waiting for thirdparty lock release [integrity check]
2023-12-05 15:26:43,413 [INFO] IntegrityCheckThread:86 - entering critical section [integrity check]
2023-12-05 15:26:43,413 [INFO] ThirdPartyUpdaterWithRetryManager:70 - Updater plugin not ready yet. [1/15]
2023-12-05 15:26:43,413 [INFO] PluginManage:359 - Loaded plugin tools (category:base,tabindex:7)
2023-12-05 15:26:43,413 [INFO] PluginManage:310 - Check plugin tutovideos
2023-12-05 15:26:43,547 [INFO] PluginManage:359 - Loaded plugin tutovideos (category:base,tabindex:-1)
2023-12-05 15:26:43,547 [INFO] PluginManage:310 - Check plugin updater
2023-12-05 15:26:43,563 [INFO] PluginManage:359 - Loaded plugin updater (category:base,tabindex:12)
2023-12-05 15:26:43,563 [INFO] PluginManage:310 - Check plugin userauth
2023-12-05 15:26:43,563 [INFO] UserAuth:113 - Init User Auth plugin
2023-12-05 15:26:43,563 [INFO] PluginManage:359 - Loaded plugin userauth (category:base,tabindex:14)
2023-12-05 15:26:43,563 [INFO] PluginManage:283 - PluginManage : Loaded plugins [17]
2023-12-05 15:26:43,732 [INFO] PinOutPanel:1499 - setPackage(No Configuration,No Configuration)
2023-12-05 15:26:43,805 [INFO] CADModel:165 - CPN selected for project level
2023-12-05 15:26:43,805 [INFO] CADModel:114 - Register for checkConnection events
2023-12-05 15:26:43,832 [INFO] IPUIPlugin:80 - create IPUIPlugin
2023-12-05 15:26:43,832 [INFO] PluginManager:220 - loadIPPluginJar : add adc
2023-12-05 15:26:43,832 [INFO] IPUIPlugin:80 - create IPUIPlugin
2023-12-05 15:26:43,832 [INFO] PluginManager:220 - loadIPPluginJar : add aes
2023-12-05 15:26:43,832 [INFO] IPUIPlugin:80 - create IPUIPlugin
2023-12-05 15:26:43,832 [INFO] PluginManager:220 - loadIPPluginJar : add can
2023-12-05 15:26:43,832 [INFO] IPUIPlugin:80 - create IPUIPlugin
2023-12-05 15:26:43,832 [INFO] PluginManager:220 - loadIPPluginJar : add comp
2023-12-05 15:26:43,832 [INFO] IPUIPlugin:80 - create IPUIPlugin
2023-12-05 15:26:43,832 [INFO] PluginManager:220 - loadIPPluginJar : add cryp
2023-12-05 15:26:43,832 [INFO] IPUIPlugin:80 - create IPUIPlugin
2023-12-05 15:26:43,832 [INFO] PluginManager:220 - loadIPPluginJar : add dfsdm
2023-12-05 15:26:43,832 [INFO] IPUIPlugin:80 - create IPUIPlugin
2023-12-05 15:26:43,832 [INFO] PluginManager:220 - loadIPPluginJar : add dma
2023-12-05 15:26:43,848 [INFO] IPUIPlugin:80 - create IPUIPlugin
2023-12-05 15:26:43,848 [INFO] PluginManager:220 - loadIPPluginJar : add dma3
2023-12-05 15:26:43,848 [INFO] IPUIPlugin:80 - create IPUIPlugin
2023-12-05 15:26:43,848 [INFO] PluginManager:220 - loadIPPluginJar : add fatfs
2023-12-05 15:26:43,848 [INFO] IPUIPlugin:80 - create IPUIPlugin
2023-12-05 15:26:43,848 [INFO] PluginManager:220 - loadIPPluginJar : add fmc
2023-12-05 15:26:43,848 [INFO] IPUIPlugin:80 - create IPUIPlugin
2023-12-05 15:26:43,848 [INFO] PluginManager:220 - loadIPPluginJar : add freertos
2023-12-05 15:26:43,848 [INFO] IPUIPlugin:80 - create IPUIPlugin
2023-12-05 15:26:43,848 [INFO] PluginManager:220 - loadIPPluginJar : add genericplugin
2023-12-05 15:26:43,848 [INFO] IPUIPlugin:80 - create IPUIPlugin
2023-12-05 15:26:43,848 [INFO] PluginManager:220 - loadIPPluginJar : add gfxmmu
2023-12-05 15:26:43,864 [INFO] IPUIPlugin:80 - create IPUIPlugin
2023-12-05 15:26:43,864 [INFO] PluginManager:220 - loadIPPluginJar : add gic
2023-12-05 15:26:43,864 [INFO] IPUIPlugin:80 - create IPUIPlugin
2023-12-05 15:26:43,864 [INFO] PluginManager:220 - loadIPPluginJar : add gpio
2023-12-05 15:26:43,864 [INFO] IPUIPlugin:80 - create IPUIPlugin
2023-12-05 15:26:43,864 [INFO] PluginManager:220 - loadIPPluginJar : add gtzc
2023-12-05 15:26:43,864 [INFO] IPUIPlugin:80 - create IPUIPlugin
2023-12-05 15:26:43,864 [INFO] PluginManager:220 - loadIPPluginJar : add hash
2023-12-05 15:26:43,864 [INFO] IPUIPlugin:80 - create IPUIPlugin
2023-12-05 15:26:43,864 [INFO] PluginManager:220 - loadIPPluginJar : add i2c
2023-12-05 15:26:43,864 [INFO] IPUIPlugin:80 - create IPUIPlugin
2023-12-05 15:26:43,864 [INFO] PluginManager:220 - loadIPPluginJar : add i2s
2023-12-05 15:26:43,864 [INFO] IPUIPlugin:80 - create IPUIPlugin
2023-12-05 15:26:43,864 [INFO] PluginManager:220 - loadIPPluginJar : add i3c
2023-12-05 15:26:43,864 [INFO] IPUIPlugin:80 - create IPUIPlugin
2023-12-05 15:26:43,864 [INFO] PluginManager:220 - loadIPPluginJar : add ipddr
2023-12-05 15:26:43,879 [INFO] IPUIPlugin:80 - create IPUIPlugin
2023-12-05 15:26:43,879 [INFO] PluginManager:220 - loadIPPluginJar : add linkedlist
2023-12-05 15:26:43,879 [INFO] IPUIPlugin:80 - create IPUIPlugin
2023-12-05 15:26:43,879 [INFO] PluginManager:220 - loadIPPluginJar : add lorawan
2023-12-05 15:26:43,879 [INFO] IPUIPlugin:80 - create IPUIPlugin
2023-12-05 15:26:43,879 [INFO] PluginManager:220 - loadIPPluginJar : add ltdc
2023-12-05 15:26:43,879 [INFO] IPUIPlugin:80 - create IPUIPlugin
2023-12-05 15:26:43,879 [INFO] PluginManager:220 - loadIPPluginJar : add mdma
2023-12-05 15:26:43,879 [INFO] IPUIPlugin:80 - create IPUIPlugin
2023-12-05 15:26:43,895 [INFO] PluginManager:220 - loadIPPluginJar : add nvic
2023-12-05 15:26:43,895 [INFO] IPUIPlugin:80 - create IPUIPlugin
2023-12-05 15:26:43,895 [INFO] PluginManager:220 - loadIPPluginJar : add opamp
2023-12-05 15:26:43,895 [INFO] IPUIPlugin:80 - create IPUIPlugin
2023-12-05 15:26:43,895 [INFO] PluginManager:220 - loadIPPluginJar : add openamp
2023-12-05 15:26:43,895 [INFO] IPUIPlugin:80 - create IPUIPlugin
2023-12-05 15:26:43,895 [INFO] PluginManager:220 - loadIPPluginJar : add pdm2pcm
2023-12-05 15:26:43,895 [INFO] IPUIPlugin:80 - create IPUIPlugin
2023-12-05 15:26:43,895 [INFO] PluginManager:220 - loadIPPluginJar : add plateformsettings
2023-12-05 15:26:43,895 [INFO] IPUIPlugin:80 - create IPUIPlugin
2023-12-05 15:26:43,895 [INFO] PluginManager:220 - loadIPPluginJar : add quadspi
2023-12-05 15:26:43,910 [INFO] IPUIPlugin:80 - create IPUIPlugin
2023-12-05 15:26:43,910 [INFO] PluginManager:220 - loadIPPluginJar : add resmgrutility
2023-12-05 15:26:43,910 [INFO] IPUIPlugin:80 - create IPUIPlugin
2023-12-05 15:26:43,910 [INFO] PluginManager:220 - loadIPPluginJar : add sai
2023-12-05 15:26:43,910 [INFO] IPUIPlugin:80 - create IPUIPlugin
2023-12-05 15:26:43,910 [INFO] PluginManager:220 - loadIPPluginJar : add spi
2023-12-05 15:26:43,910 [INFO] IPUIPlugin:80 - create IPUIPlugin
2023-12-05 15:26:43,910 [INFO] PluginManager:220 - loadIPPluginJar : add stm32_wpan
2023-12-05 15:26:43,910 [INFO] IPUIPlugin:80 - create IPUIPlugin
2023-12-05 15:26:43,910 [INFO] PluginManager:220 - loadIPPluginJar : add tim
2023-12-05 15:26:43,910 [INFO] IPUIPlugin:80 - create IPUIPlugin
2023-12-05 15:26:43,910 [INFO] PluginManager:220 - loadIPPluginJar : add touchsensing
2023-12-05 15:26:43,910 [INFO] IPUIPlugin:80 - create IPUIPlugin
2023-12-05 15:26:43,910 [INFO] PluginManager:220 - loadIPPluginJar : add tracer_emb
2023-12-05 15:26:43,926 [INFO] IPUIPlugin:80 - create IPUIPlugin
2023-12-05 15:26:43,926 [INFO] PluginManager:220 - loadIPPluginJar : add ts
2023-12-05 15:26:43,926 [INFO] IPUIPlugin:80 - create IPUIPlugin
2023-12-05 15:26:43,926 [INFO] PluginManager:220 - loadIPPluginJar : add tsc
2023-12-05 15:26:43,926 [INFO] IPUIPlugin:80 - create IPUIPlugin
2023-12-05 15:26:43,926 [INFO] PluginManager:220 - loadIPPluginJar : add ucpd
2023-12-05 15:26:43,926 [INFO] IPUIPlugin:80 - create IPUIPlugin
2023-12-05 15:26:43,926 [INFO] PluginManager:220 - loadIPPluginJar : add usart
2023-12-05 15:26:43,933 [INFO] IPUIPlugin:80 - create IPUIPlugin
2023-12-05 15:26:43,933 [INFO] PluginManager:220 - loadIPPluginJar : add usbx
2023-12-05 15:26:44,041 [INFO] CADModel:165 - CPN selected for project level
2023-12-05 15:26:44,041 [INFO] CADModel:114 - Register for checkConnection events
2023-12-05 15:26:44,041 [FATAL] Updater:308 - Updater called before beeing initialized
2023-12-05 15:26:44,041 [ERROR] CADModel:125 - Updater not yet initialized, retry later 
2023-12-05 15:26:44,135 [INFO] CADModel:165 - CPN selected for project level
2023-12-05 15:26:44,135 [INFO] CADModel:114 - Register for checkConnection events
2023-12-05 15:26:44,135 [FATAL] Updater:308 - Updater called before beeing initialized
2023-12-05 15:26:44,135 [ERROR] CADModel:125 - Updater not yet initialized, retry later 
2023-12-05 15:26:44,135 [FATAL] Updater:308 - Updater called before beeing initialized
2023-12-05 15:26:44,213 [FATAL] Updater:308 - Updater called before beeing initialized
2023-12-05 15:26:44,213 [INFO] DbMcusAds:53 - JSON generation date=Wed Nov 29 11:52:38 CET 2023 (1701255158764)
2023-12-05 15:26:44,213 [FATAL] Updater:308 - Updater called before beeing initialized
2023-12-05 15:26:44,233 [WARN] DetailPanel:346 - Failed to get advertising image, set to default
2023-12-05 15:26:44,312 [FATAL] Updater:308 - Updater called before beeing initialized
2023-12-05 15:26:44,312 [FATAL] Updater:308 - Updater called before beeing initialized
2023-12-05 15:26:44,312 [FATAL] Updater:308 - Updater called before beeing initialized
2023-12-05 15:26:44,312 [WARN] DetailPanel:346 - Failed to get advertising image, set to default
2023-12-05 15:26:44,312 [FATAL] Updater:308 - Updater called before beeing initialized
2023-12-05 15:26:44,349 [ERROR] Updater:1120 - MainUpdater not yet initialized. External WinMGr cannot be set.
2023-12-05 15:26:44,349 [INFO] Updater:1056 - Updater Version found : 6.9.2
2023-12-05 15:26:44,365 [INFO] ApplicationProperties:184 - Using Application install path: D:\ST\STM32CubeIDE_1.13.2\STM32CubeIDE\plugins\com.st.stm32cube.common.mx_6.9.2.202309101412
2023-12-05 15:26:44,450 [INFO] MainUpdater:2868 - connection check result : 10
2023-12-05 15:26:44,450 [INFO] MainUpdater:285 - Updater Check For Update Now.
2023-12-05 15:26:44,450 [INFO] MicroXplorer:498 - Change Database Version : DB.6.0.92
2023-12-05 15:26:44,465 [INFO] McuFinderGlobals:63 - Set McuFinder mode to 2 (CubeIDE integrated)
2023-12-05 15:26:44,465 [INFO] UserAuth:179 - activating auth plugin
2023-12-05 15:26:44,465 [INFO] UserAuth:393 - Internet connection configuration mode: 1
2023-12-05 15:26:44,474 [INFO] JxBrowserEngine:151 - Initiate JxBrowser Engine with user profile folder
2023-12-05 15:26:44,628 [INFO] CheckServerUpdateThread:120 - End of CheckServer Thread
2023-12-05 15:26:44,965 [INFO] WebApp:157 - Instantiating new browser for Auth
2023-12-05 15:26:45,375 [INFO] WebApp:753 - Register for checkConnection events
2023-12-05 15:26:45,375 [INFO] WebApp:390 - Apply proxy settings
2023-12-05 15:26:45,375 [INFO] WebApp:475 - Chromium requires no authentication
2023-12-05 15:26:45,381 [INFO] WebApp:418 - Direct internet connection detected
2023-12-05 15:26:45,523 [INFO] WebApp:188 - Starting web application
2023-12-05 15:26:45,523 [INFO] WebApp:520 - Web application path used D:\ST\STM32CubeIDE_1.13.2\STM32CubeIDE\plugins\com.st.stm32cube.common.mx_6.9.2.202309101412\db\plugins\mcufinder\reactClient1\index.html
2023-12-05 15:26:46,735 [WARN] PackLoader:240 - Cannot read IP mode file for STMicroelectronics.X-CUBE-SMBUS.2.1.0
2023-12-05 15:26:46,763 [WARN] PackLoader:240 - Cannot read IP mode file for STMicroelectronics.X-CUBE-AZRTOS-F7.1.1.0
2023-12-05 15:26:46,774 [WARN] PackLoader:240 - Cannot read IP mode file for STMicroelectronics.FP-SNS-MOTENV1.4.3.2
2023-12-05 15:26:46,783 [WARN] PackLoader:240 - Cannot read IP mode file for STMicroelectronics.X-CUBE-BLE1.6.2.4
2023-12-05 15:26:46,788 [WARN] PackLoader:240 - Cannot read IP mode file for STMicroelectronics.FP-SNS-FLIGHT1.5.0.2
2023-12-05 15:26:46,796 [WARN] PackLoader:240 - Cannot read IP mode file for STMicroelectronics.X-CUBE-DISPLAY.3.0.0
2023-12-05 15:26:46,807 [WARN] PackLoader:240 - Cannot read IP mode file for STMicroelectronics.X-CUBE-BLE1.7.0.0
2023-12-05 15:26:46,812 [WARN] PackLoader:240 - Cannot read IP mode file for STMicroelectronics.X-CUBE-TOUCHGFX.4.22.0
2023-12-05 15:26:46,816 [WARN] PackLoader:240 - Cannot read IP mode file for STMicroelectronics.X-CUBE-TOUCHGFX.4.22.1
2023-12-05 15:26:46,859 [WARN] PackLoader:240 - Cannot read IP mode file for STMicroelectronics.FP-SNS-SMARTAG2.1.2.0
2023-12-05 15:26:46,882 [INFO] LogOutputStream:77 - [STDOUT_REDIRECT] 1 : Invalid condition id : UX_CORESTACK_Condition cause : null
2023-12-05 15:26:46,882 [INFO] LogOutputStream:77 - [STDOUT_REDIRECT] 1 : Invalid condition id : UX_CORESTACK_Condition cause : null
2023-12-05 15:26:46,884 [INFO] LogOutputStream:77 - [STDOUT_REDIRECT] 1 : Invalid condition id : UX_CORESTACK_Condition cause : null
2023-12-05 15:26:46,885 [INFO] LogOutputStream:77 - [STDOUT_REDIRECT] 1 : Invalid condition id : UX_CORESTACK_Condition cause : null
2023-12-05 15:26:46,886 [INFO] LogOutputStream:77 - [STDOUT_REDIRECT] 1 : Invalid condition id : UX_CORESTACK_Condition cause : null
2023-12-05 15:26:46,891 [WARN] PackLoader:240 - Cannot read IP mode file for STMicroelectronics.X-CUBE-AZRTOS-WL.2.0.0
2023-12-05 15:26:46,904 [WARN] PackLoader:240 - Cannot read IP mode file for WES.I-CUBE-Cesium.1.3.0
2023-12-05 15:26:46,911 [WARN] PackLoader:240 - Cannot read IP mode file for STMicroelectronics.X-CUBE-BLE2.3.3.0
2023-12-05 15:26:46,917 [WARN] PackLoader:240 - Cannot read IP mode file for STMicroelectronics.X-CUBE-DISPLAY.2.2.0
2023-12-05 15:26:46,965 [WARN] PackLoader:240 - Cannot read IP mode file for STMicroelectronics.X-CUBE-TOF1.3.2.0
2023-12-05 15:26:46,975 [WARN] PackLoader:240 - Cannot read IP mode file for STMicroelectronics.X-CUBE-TOUCHGFX.4.21.0
2023-12-05 15:26:47,023 [WARN] PackLoader:240 - Cannot read IP mode file for STMicroelectronics.X-CUBE-MEMS1.9.4.0
2023-12-05 15:32:16,069 [INFO] Activator:176 - 


2023-12-05 15:32:16,071 [INFO] Activator:177 - !SESSION log4j initialized
2023-12-05 15:32:18,532 [INFO] LogOutputStream:77 - [STDOUT_REDIRECT] 
2023-12-05 15:32:24,790 [INFO] ApplicationProperties:184 - Using Application install path: D:\ST\STM32CubeIDE_1.13.2\STM32CubeIDE\plugins\com.st.stm32cube.common.mx_6.9.2.202309101412
2023-12-05 15:32:24,805 [INFO] DbMcusXml:78 - Set database path to: D:\ST\STM32CubeIDE_1.13.2\STM32CubeIDE\plugins\com.st.stm32cube.common.mx_6.9.2.202309101412\\db\/mcu/
2023-12-05 15:32:24,805 [INFO] ApiDb:274 - Set plugin database path to: D:\ST\STM32CubeIDE_1.13.2\STM32CubeIDE\plugins\com.st.stm32cube.common.mx_6.9.2.202309101412\\db\/plugins/boardmanager/
2023-12-05 15:32:24,805 [WARN] ApiDb:259 - Overriding images path with different value:  => D:\ST\STM32CubeIDE_1.13.2\STM32CubeIDE\plugins\com.st.stm32cube.common.mx_6.9.2.202309101412\\db\/plugins/mcufinder/images/
2023-12-05 15:32:24,821 [INFO] ApiDb:250 - Set database path to: C:\Users\ayome\.stmcufinder\plugins\mcufinder//mcu/
2023-12-05 15:32:24,821 [INFO] DbMcusAds:125 - Set database path to: C:\Users\ayome\.stmcufinder\plugins\mcufinder//mcu/
2023-12-05 15:32:24,821 [INFO] CrossReferenceDbSqlite:203 - Set database path to: C:\Users\ayome\.stmcufinder\plugins\mcufinder//mcu/cs/
2023-12-05 15:32:24,906 [INFO] RulesReader:64 - Compatibility file has been processed (293 Rules)
2023-12-05 15:32:24,975 [INFO] DbMcusXml:78 - Set database path to: D:\ST\STM32CubeIDE_1.13.2\STM32CubeIDE\plugins\com.st.stm32cube.common.mx_6.9.2.202309101412\\db\/mcu/
2023-12-05 15:32:24,975 [INFO] ApiDb:274 - Set plugin database path to: D:\ST\STM32CubeIDE_1.13.2\STM32CubeIDE\plugins\com.st.stm32cube.common.mx_6.9.2.202309101412\\db\/plugins/boardmanager/
2023-12-05 15:32:24,975 [INFO] ApiDb:261 - Set plugin images path to: D:\ST\STM32CubeIDE_1.13.2\STM32CubeIDE\plugins\com.st.stm32cube.common.mx_6.9.2.202309101412\\db\/plugins/mcufinder/images/
2023-12-05 15:32:24,975 [WARN] DbFile:41 - Overriding database path with different value: C:\Users\ayome\.stmcufinder\plugins\mcufinder/ => C:\Users\ayome\.stmcufinder\plugins\mcufinder
2023-12-05 15:32:24,975 [INFO] ApiDb:250 - Set database path to: C:\Users\ayome\.stmcufinder\plugins\mcufinder//mcu/
2023-12-05 15:32:24,975 [WARN] DbFile:41 - Overriding database path with different value: C:\Users\ayome\.stmcufinder\plugins\mcufinder/ => C:\Users\ayome\.stmcufinder\plugins\mcufinder
2023-12-05 15:32:24,975 [INFO] DbMcusAds:125 - Set database path to: C:\Users\ayome\.stmcufinder\plugins\mcufinder//mcu/
2023-12-05 15:32:24,975 [WARN] DbFile:41 - Overriding database path with different value: C:\Users\ayome\.stmcufinder\plugins\mcufinder/ => C:\Users\ayome\.stmcufinder\plugins\mcufinder
2023-12-05 15:32:24,975 [WARN] DbFile:41 - Overriding database path with different value: C:\Users\ayome\.stmcufinder\plugins\mcufinder/ => C:\Users\ayome\.stmcufinder\plugins\mcufinder
2023-12-05 15:32:24,975 [INFO] CrossReferenceDbSqlite:203 - Set database path to: C:\Users\ayome\.stmcufinder\plugins\mcufinder//mcu/cs/
2023-12-05 15:32:25,022 [INFO] MainPanel:262 - HeapMemory: 268435456
2023-12-05 15:32:25,097 [INFO] DbMcusXml:78 - Set database path to: D:\ST\STM32CubeIDE_1.13.2\STM32CubeIDE\plugins\com.st.stm32cube.common.mx_6.9.2.202309101412\\db\/mcu/
2023-12-05 15:32:25,097 [INFO] ApiDb:274 - Set plugin database path to: D:\ST\STM32CubeIDE_1.13.2\STM32CubeIDE\plugins\com.st.stm32cube.common.mx_6.9.2.202309101412\\db\/plugins/boardmanager/
2023-12-05 15:32:25,097 [INFO] ApiDb:261 - Set plugin images path to: D:\ST\STM32CubeIDE_1.13.2\STM32CubeIDE\plugins\com.st.stm32cube.common.mx_6.9.2.202309101412\\db\/plugins/mcufinder/images/
2023-12-05 15:32:25,098 [WARN] DbFile:41 - Overriding database path with different value: C:\Users\ayome\.stmcufinder\plugins\mcufinder/ => C:\Users\ayome\.stmcufinder\plugins\mcufinder
2023-12-05 15:32:25,098 [INFO] ApiDb:250 - Set database path to: C:\Users\ayome\.stmcufinder\plugins\mcufinder//mcu/
2023-12-05 15:32:25,098 [WARN] DbFile:41 - Overriding database path with different value: C:\Users\ayome\.stmcufinder\plugins\mcufinder/ => C:\Users\ayome\.stmcufinder\plugins\mcufinder
2023-12-05 15:32:25,098 [INFO] DbMcusAds:125 - Set database path to: C:\Users\ayome\.stmcufinder\plugins\mcufinder//mcu/
2023-12-05 15:32:25,098 [WARN] DbFile:41 - Overriding database path with different value: C:\Users\ayome\.stmcufinder\plugins\mcufinder/ => C:\Users\ayome\.stmcufinder\plugins\mcufinder
2023-12-05 15:32:25,098 [WARN] DbFile:41 - Overriding database path with different value: C:\Users\ayome\.stmcufinder\plugins\mcufinder/ => C:\Users\ayome\.stmcufinder\plugins\mcufinder
2023-12-05 15:32:25,098 [INFO] CrossReferenceDbSqlite:203 - Set database path to: C:\Users\ayome\.stmcufinder\plugins\mcufinder//mcu/cs/
2023-12-05 15:32:25,114 [INFO] ApplicationProperties:184 - Using Application install path: D:\ST\STM32CubeIDE_1.13.2\STM32CubeIDE\plugins\com.st.stm32cube.common.mx_6.9.2.202309101412
2023-12-05 15:32:25,115 [INFO] PluginManage:196 - Search for loadable plugins [exclusion list=, ]
2023-12-05 15:32:25,116 [INFO] PluginManage:310 - Check plugin analytics
2023-12-05 15:32:29,788 [INFO] AnalyticsPlugin:253 - Accepted Software Licenses: 
2023-12-05 15:32:29,788 [INFO] AnalyticsPlugin:255 - Accepted CMSIS Pack Licenses: STMicroelectronics.X-CUBE-MEMS1.9.6.0
2023-12-05 15:32:29,788 [INFO] AnalyticsPlugin:257 - Accepted Firmware Licenses: 
2023-12-05 15:32:29,788 [INFO] PluginManage:359 - Loaded plugin analytics (category:tool,tabindex:-1)
2023-12-05 15:32:29,788 [INFO] PluginManage:310 - Check plugin cadmodel
2023-12-05 15:32:29,788 [INFO] CADModel:105 - Init CAD model plugin
2023-12-05 15:32:29,788 [INFO] PluginManage:359 - Loaded plugin cadmodel (category:power,tabindex:5)
2023-12-05 15:32:29,788 [INFO] PluginManage:310 - Check plugin clock
2023-12-05 15:32:29,804 [INFO] PluginManage:359 - Loaded plugin clock (category:base,tabindex:2)
2023-12-05 15:32:29,804 [INFO] PluginManage:310 - Check plugin ddr
2023-12-05 15:32:29,804 [INFO] PluginManage:359 - Loaded plugin ddr (category:tool,tabindex:6)
2023-12-05 15:32:29,804 [INFO] PluginManage:310 - Check plugin filemanager
2023-12-05 15:32:29,904 [INFO] PluginManage:359 - Loaded plugin filemanager (category:base,tabindex:10)
2023-12-05 15:32:29,904 [INFO] PluginManage:310 - Check plugin ipmanager
2023-12-05 15:32:29,904 [INFO] PluginManage:359 - Loaded plugin ipmanager (category:base,tabindex:5)
2023-12-05 15:32:29,904 [INFO] PluginManage:310 - Check plugin lpbam
2023-12-05 15:32:29,904 [INFO] PluginManage:359 - Loaded plugin lpbam (category:base,tabindex:0)
2023-12-05 15:32:29,904 [INFO] PluginManage:310 - Check plugin memorymap
2023-12-05 15:32:29,920 [INFO] PluginManage:359 - Loaded plugin memorymap (category:base,tabindex:4)
2023-12-05 15:32:29,920 [INFO] PluginManage:310 - Check plugin pinoutandconfiguration
2023-12-05 15:32:29,920 [INFO] PluginManage:359 - Loaded plugin pinoutandconfiguration (category:base,tabindex:1)
2023-12-05 15:32:29,920 [INFO] PluginManage:310 - Check plugin pinoutconfig
2023-12-05 15:32:30,004 [WARN] SupportedApi:132 - Cannot load RTOS API schema: s4s-elt-must-match.1: The content of 'definitions' must match (annotation?, (simpleType | complexType)?, (unique | key | keyref)*)). A problem was found starting at: attribute.
2023-12-05 15:32:30,136 [INFO] PluginManage:359 - Loaded plugin pinoutconfig (category:base,tabindex:0)
2023-12-05 15:32:30,136 [INFO] PluginManage:310 - Check plugin power
2023-12-05 15:32:30,136 [INFO] PluginManage:359 - Loaded plugin power (category:power,tabindex:4)
2023-12-05 15:32:30,136 [INFO] PluginManage:310 - Check plugin projectmanager
2023-12-05 15:32:30,155 [INFO] PluginManage:359 - Loaded plugin projectmanager (category:projectmanager,tabindex:3)
2023-12-05 15:32:30,155 [INFO] PluginManage:310 - Check plugin thirdparty
2023-12-05 15:32:30,236 [INFO] PluginManage:359 - Loaded plugin thirdparty (category:base,tabindex:-1)
2023-12-05 15:32:30,236 [WARN] IntegrityCheckThread:84 - waiting for thirdparty lock release [integrity check]
2023-12-05 15:32:30,236 [INFO] PluginManage:310 - Check plugin tools
2023-12-05 15:32:30,252 [INFO] IntegrityCheckThread:86 - entering critical section [integrity check]
2023-12-05 15:32:30,252 [INFO] ThirdPartyUpdaterWithRetryManager:70 - Updater plugin not ready yet. [1/15]
2023-12-05 15:32:30,252 [INFO] PluginManage:359 - Loaded plugin tools (category:base,tabindex:7)
2023-12-05 15:32:30,252 [INFO] PluginManage:310 - Check plugin tutovideos
2023-12-05 15:32:30,389 [INFO] PluginManage:359 - Loaded plugin tutovideos (category:base,tabindex:-1)
2023-12-05 15:32:30,389 [INFO] PluginManage:310 - Check plugin updater
2023-12-05 15:32:30,406 [INFO] PluginManage:359 - Loaded plugin updater (category:base,tabindex:12)
2023-12-05 15:32:30,406 [INFO] PluginManage:310 - Check plugin userauth
2023-12-05 15:32:30,406 [INFO] UserAuth:113 - Init User Auth plugin
2023-12-05 15:32:30,406 [INFO] PluginManage:359 - Loaded plugin userauth (category:base,tabindex:14)
2023-12-05 15:32:30,406 [INFO] PluginManage:283 - PluginManage : Loaded plugins [17]
2023-12-05 15:32:30,574 [INFO] PinOutPanel:1499 - setPackage(No Configuration,No Configuration)
2023-12-05 15:32:30,657 [INFO] CADModel:165 - CPN selected for project level
2023-12-05 15:32:30,657 [INFO] CADModel:114 - Register for checkConnection events
2023-12-05 15:32:30,674 [INFO] IPUIPlugin:80 - create IPUIPlugin
2023-12-05 15:32:30,674 [INFO] PluginManager:220 - loadIPPluginJar : add adc
2023-12-05 15:32:30,674 [INFO] IPUIPlugin:80 - create IPUIPlugin
2023-12-05 15:32:30,674 [INFO] PluginManager:220 - loadIPPluginJar : add aes
2023-12-05 15:32:30,674 [INFO] IPUIPlugin:80 - create IPUIPlugin
2023-12-05 15:32:30,674 [INFO] PluginManager:220 - loadIPPluginJar : add can
2023-12-05 15:32:30,674 [INFO] IPUIPlugin:80 - create IPUIPlugin
2023-12-05 15:32:30,674 [INFO] PluginManager:220 - loadIPPluginJar : add comp
2023-12-05 15:32:30,674 [INFO] IPUIPlugin:80 - create IPUIPlugin
2023-12-05 15:32:30,674 [INFO] PluginManager:220 - loadIPPluginJar : add cryp
2023-12-05 15:32:30,674 [INFO] IPUIPlugin:80 - create IPUIPlugin
2023-12-05 15:32:30,674 [INFO] PluginManager:220 - loadIPPluginJar : add dfsdm
2023-12-05 15:32:30,689 [INFO] IPUIPlugin:80 - create IPUIPlugin
2023-12-05 15:32:30,689 [INFO] PluginManager:220 - loadIPPluginJar : add dma
2023-12-05 15:32:30,689 [INFO] IPUIPlugin:80 - create IPUIPlugin
2023-12-05 15:32:30,689 [INFO] PluginManager:220 - loadIPPluginJar : add dma3
2023-12-05 15:32:30,689 [INFO] IPUIPlugin:80 - create IPUIPlugin
2023-12-05 15:32:30,689 [INFO] PluginManager:220 - loadIPPluginJar : add fatfs
2023-12-05 15:32:30,689 [INFO] IPUIPlugin:80 - create IPUIPlugin
2023-12-05 15:32:30,689 [INFO] PluginManager:220 - loadIPPluginJar : add fmc
2023-12-05 15:32:30,689 [INFO] IPUIPlugin:80 - create IPUIPlugin
2023-12-05 15:32:30,689 [INFO] PluginManager:220 - loadIPPluginJar : add freertos
2023-12-05 15:32:30,705 [INFO] IPUIPlugin:80 - create IPUIPlugin
2023-12-05 15:32:30,705 [INFO] PluginManager:220 - loadIPPluginJar : add genericplugin
2023-12-05 15:32:30,705 [INFO] IPUIPlugin:80 - create IPUIPlugin
2023-12-05 15:32:30,705 [INFO] PluginManager:220 - loadIPPluginJar : add gfxmmu
2023-12-05 15:32:30,705 [INFO] IPUIPlugin:80 - create IPUIPlugin
2023-12-05 15:32:30,705 [INFO] PluginManager:220 - loadIPPluginJar : add gic
2023-12-05 15:32:30,705 [INFO] IPUIPlugin:80 - create IPUIPlugin
2023-12-05 15:32:30,705 [INFO] PluginManager:220 - loadIPPluginJar : add gpio
2023-12-05 15:32:30,705 [INFO] IPUIPlugin:80 - create IPUIPlugin
2023-12-05 15:32:30,705 [INFO] PluginManager:220 - loadIPPluginJar : add gtzc
2023-12-05 15:32:30,705 [INFO] IPUIPlugin:80 - create IPUIPlugin
2023-12-05 15:32:30,705 [INFO] PluginManager:220 - loadIPPluginJar : add hash
2023-12-05 15:32:30,705 [INFO] IPUIPlugin:80 - create IPUIPlugin
2023-12-05 15:32:30,705 [INFO] PluginManager:220 - loadIPPluginJar : add i2c
2023-12-05 15:32:30,721 [INFO] IPUIPlugin:80 - create IPUIPlugin
2023-12-05 15:32:30,721 [INFO] PluginManager:220 - loadIPPluginJar : add i2s
2023-12-05 15:32:30,721 [INFO] IPUIPlugin:80 - create IPUIPlugin
2023-12-05 15:32:30,721 [INFO] PluginManager:220 - loadIPPluginJar : add i3c
2023-12-05 15:32:30,721 [INFO] IPUIPlugin:80 - create IPUIPlugin
2023-12-05 15:32:30,721 [INFO] PluginManager:220 - loadIPPluginJar : add ipddr
2023-12-05 15:32:30,721 [INFO] IPUIPlugin:80 - create IPUIPlugin
2023-12-05 15:32:30,721 [INFO] PluginManager:220 - loadIPPluginJar : add linkedlist
2023-12-05 15:32:30,721 [INFO] IPUIPlugin:80 - create IPUIPlugin
2023-12-05 15:32:30,721 [INFO] PluginManager:220 - loadIPPluginJar : add lorawan
2023-12-05 15:32:30,721 [INFO] IPUIPlugin:80 - create IPUIPlugin
2023-12-05 15:32:30,721 [INFO] PluginManager:220 - loadIPPluginJar : add ltdc
2023-12-05 15:32:30,736 [INFO] IPUIPlugin:80 - create IPUIPlugin
2023-12-05 15:32:30,736 [INFO] PluginManager:220 - loadIPPluginJar : add mdma
2023-12-05 15:32:30,736 [INFO] IPUIPlugin:80 - create IPUIPlugin
2023-12-05 15:32:30,736 [INFO] PluginManager:220 - loadIPPluginJar : add nvic
2023-12-05 15:32:30,736 [INFO] IPUIPlugin:80 - create IPUIPlugin
2023-12-05 15:32:30,736 [INFO] PluginManager:220 - loadIPPluginJar : add opamp
2023-12-05 15:32:30,736 [INFO] IPUIPlugin:80 - create IPUIPlugin
2023-12-05 15:32:30,736 [INFO] PluginManager:220 - loadIPPluginJar : add openamp
2023-12-05 15:32:30,736 [INFO] IPUIPlugin:80 - create IPUIPlugin
2023-12-05 15:32:30,736 [INFO] PluginManager:220 - loadIPPluginJar : add pdm2pcm
2023-12-05 15:32:30,752 [INFO] IPUIPlugin:80 - create IPUIPlugin
2023-12-05 15:32:30,752 [INFO] PluginManager:220 - loadIPPluginJar : add plateformsettings
2023-12-05 15:32:30,752 [INFO] IPUIPlugin:80 - create IPUIPlugin
2023-12-05 15:32:30,752 [INFO] PluginManager:220 - loadIPPluginJar : add quadspi
2023-12-05 15:32:30,752 [INFO] IPUIPlugin:80 - create IPUIPlugin
2023-12-05 15:32:30,752 [INFO] PluginManager:220 - loadIPPluginJar : add resmgrutility
2023-12-05 15:32:30,752 [INFO] IPUIPlugin:80 - create IPUIPlugin
2023-12-05 15:32:30,752 [INFO] PluginManager:220 - loadIPPluginJar : add sai
2023-12-05 15:32:30,752 [INFO] IPUIPlugin:80 - create IPUIPlugin
2023-12-05 15:32:30,752 [INFO] PluginManager:220 - loadIPPluginJar : add spi
2023-12-05 15:32:30,752 [INFO] IPUIPlugin:80 - create IPUIPlugin
2023-12-05 15:32:30,767 [INFO] PluginManager:220 - loadIPPluginJar : add stm32_wpan
2023-12-05 15:32:30,767 [INFO] IPUIPlugin:80 - create IPUIPlugin
2023-12-05 15:32:30,767 [INFO] PluginManager:220 - loadIPPluginJar : add tim
2023-12-05 15:32:30,767 [INFO] IPUIPlugin:80 - create IPUIPlugin
2023-12-05 15:32:30,767 [INFO] PluginManager:220 - loadIPPluginJar : add touchsensing
2023-12-05 15:32:30,767 [INFO] IPUIPlugin:80 - create IPUIPlugin
2023-12-05 15:32:30,767 [INFO] PluginManager:220 - loadIPPluginJar : add tracer_emb
2023-12-05 15:32:30,767 [INFO] IPUIPlugin:80 - create IPUIPlugin
2023-12-05 15:32:30,767 [INFO] PluginManager:220 - loadIPPluginJar : add ts
2023-12-05 15:32:30,774 [INFO] IPUIPlugin:80 - create IPUIPlugin
2023-12-05 15:32:30,774 [INFO] PluginManager:220 - loadIPPluginJar : add tsc
2023-12-05 15:32:30,774 [INFO] IPUIPlugin:80 - create IPUIPlugin
2023-12-05 15:32:30,774 [INFO] PluginManager:220 - loadIPPluginJar : add ucpd
2023-12-05 15:32:30,774 [INFO] IPUIPlugin:80 - create IPUIPlugin
2023-12-05 15:32:30,774 [INFO] PluginManager:220 - loadIPPluginJar : add usart
2023-12-05 15:32:30,774 [INFO] IPUIPlugin:80 - create IPUIPlugin
2023-12-05 15:32:30,774 [INFO] PluginManager:220 - loadIPPluginJar : add usbx
2023-12-05 15:32:30,889 [INFO] CADModel:165 - CPN selected for project level
2023-12-05 15:32:30,889 [INFO] CADModel:114 - Register for checkConnection events
2023-12-05 15:32:30,889 [FATAL] Updater:308 - Updater called before beeing initialized
2023-12-05 15:32:30,889 [ERROR] CADModel:125 - Updater not yet initialized, retry later 
2023-12-05 15:32:30,988 [INFO] CADModel:165 - CPN selected for project level
2023-12-05 15:32:30,988 [INFO] CADModel:114 - Register for checkConnection events
2023-12-05 15:32:30,988 [FATAL] Updater:308 - Updater called before beeing initialized
2023-12-05 15:32:30,988 [ERROR] CADModel:125 - Updater not yet initialized, retry later 
2023-12-05 15:32:30,988 [FATAL] Updater:308 - Updater called before beeing initialized
2023-12-05 15:32:31,066 [FATAL] Updater:308 - Updater called before beeing initialized
2023-12-05 15:32:31,075 [INFO] DbMcusAds:53 - JSON generation date=Wed Nov 29 11:52:38 CET 2023 (1701255158764)
2023-12-05 15:32:31,075 [FATAL] Updater:308 - Updater called before beeing initialized
2023-12-05 15:32:31,091 [WARN] DetailPanel:346 - Failed to get advertising image, set to default
2023-12-05 15:32:31,175 [FATAL] Updater:308 - Updater called before beeing initialized
2023-12-05 15:32:31,175 [FATAL] Updater:308 - Updater called before beeing initialized
2023-12-05 15:32:31,175 [FATAL] Updater:308 - Updater called before beeing initialized
2023-12-05 15:32:31,175 [WARN] DetailPanel:346 - Failed to get advertising image, set to default
2023-12-05 15:32:31,175 [FATAL] Updater:308 - Updater called before beeing initialized
2023-12-05 15:32:31,207 [ERROR] Updater:1120 - MainUpdater not yet initialized. External WinMGr cannot be set.
2023-12-05 15:32:31,207 [INFO] Updater:1056 - Updater Version found : 6.9.2
2023-12-05 15:32:31,222 [INFO] ApplicationProperties:184 - Using Application install path: D:\ST\STM32CubeIDE_1.13.2\STM32CubeIDE\plugins\com.st.stm32cube.common.mx_6.9.2.202309101412
2023-12-05 15:32:31,307 [INFO] MainUpdater:2868 - connection check result : 10
2023-12-05 15:32:31,307 [INFO] MainUpdater:285 - Updater Check For Update Now.
2023-12-05 15:32:31,307 [INFO] MicroXplorer:498 - Change Database Version : DB.6.0.92
2023-12-05 15:32:31,307 [INFO] McuFinderGlobals:63 - Set McuFinder mode to 2 (CubeIDE integrated)
2023-12-05 15:32:31,307 [INFO] UserAuth:179 - activating auth plugin
2023-12-05 15:32:31,323 [INFO] UserAuth:393 - Internet connection configuration mode: 1
2023-12-05 15:32:31,323 [INFO] JxBrowserEngine:151 - Initiate JxBrowser Engine with user profile folder
2023-12-05 15:32:31,469 [INFO] CheckServerUpdateThread:120 - End of CheckServer Thread
2023-12-05 15:32:31,839 [INFO] WebApp:157 - Instantiating new browser for Auth
2023-12-05 15:32:32,302 [INFO] WebApp:753 - Register for checkConnection events
2023-12-05 15:32:32,302 [INFO] WebApp:390 - Apply proxy settings
2023-12-05 15:32:32,303 [INFO] WebApp:475 - Chromium requires no authentication
2023-12-05 15:32:32,308 [INFO] WebApp:418 - Direct internet connection detected
2023-12-05 15:32:32,444 [INFO] WebApp:188 - Starting web application
2023-12-05 15:32:32,444 [INFO] WebApp:520 - Web application path used D:\ST\STM32CubeIDE_1.13.2\STM32CubeIDE\plugins\com.st.stm32cube.common.mx_6.9.2.202309101412\db\plugins\mcufinder\reactClient1\index.html
2023-12-05 15:32:33,397 [WARN] PackLoader:240 - Cannot read IP mode file for STMicroelectronics.X-CUBE-SMBUS.2.1.0
2023-12-05 15:32:33,428 [WARN] PackLoader:240 - Cannot read IP mode file for STMicroelectronics.X-CUBE-AZRTOS-F7.1.1.0
2023-12-05 15:32:33,439 [WARN] PackLoader:240 - Cannot read IP mode file for STMicroelectronics.FP-SNS-MOTENV1.4.3.2
2023-12-05 15:32:33,484 [WARN] PackLoader:240 - Cannot read IP mode file for STMicroelectronics.X-CUBE-BLE1.6.2.4
2023-12-05 15:32:33,489 [WARN] PackLoader:240 - Cannot read IP mode file for STMicroelectronics.FP-SNS-FLIGHT1.5.0.2
2023-12-05 15:32:33,496 [WARN] PackLoader:240 - Cannot read IP mode file for STMicroelectronics.X-CUBE-DISPLAY.3.0.0
2023-12-05 15:32:33,504 [WARN] PackLoader:240 - Cannot read IP mode file for STMicroelectronics.X-CUBE-BLE1.7.0.0
2023-12-05 15:32:33,509 [WARN] PackLoader:240 - Cannot read IP mode file for STMicroelectronics.X-CUBE-TOUCHGFX.4.22.0
2023-12-05 15:32:33,511 [WARN] PackLoader:240 - Cannot read IP mode file for STMicroelectronics.X-CUBE-TOUCHGFX.4.22.1
2023-12-05 15:32:33,515 [WARN] PackLoader:240 - Cannot read IP mode file for STMicroelectronics.FP-SNS-SMARTAG2.1.2.0
2023-12-05 15:32:33,524 [INFO] LogOutputStream:77 - [STDOUT_REDIRECT] 1 : Invalid condition id : UX_CORESTACK_Condition cause : null
2023-12-05 15:32:33,525 [INFO] LogOutputStream:77 - [STDOUT_REDIRECT] 1 : Invalid condition id : UX_CORESTACK_Condition cause : null
2023-12-05 15:32:33,527 [INFO] LogOutputStream:77 - [STDOUT_REDIRECT] 1 : Invalid condition id : UX_CORESTACK_Condition cause : null
2023-12-05 15:32:33,528 [INFO] LogOutputStream:77 - [STDOUT_REDIRECT] 1 : Invalid condition id : UX_CORESTACK_Condition cause : null
2023-12-05 15:32:33,529 [INFO] LogOutputStream:77 - [STDOUT_REDIRECT] 1 : Invalid condition id : UX_CORESTACK_Condition cause : null
2023-12-05 15:32:33,532 [WARN] PackLoader:240 - Cannot read IP mode file for STMicroelectronics.X-CUBE-AZRTOS-WL.2.0.0
2023-12-05 15:32:33,543 [WARN] PackLoader:240 - Cannot read IP mode file for WES.I-CUBE-Cesium.1.3.0
2023-12-05 15:32:33,547 [WARN] PackLoader:240 - Cannot read IP mode file for STMicroelectronics.X-CUBE-BLE2.3.3.0
2023-12-05 15:32:33,555 [WARN] PackLoader:240 - Cannot read IP mode file for STMicroelectronics.X-CUBE-DISPLAY.2.2.0
2023-12-05 15:32:33,581 [WARN] PackLoader:240 - Cannot read IP mode file for STMicroelectronics.X-CUBE-TOF1.3.2.0
2023-12-05 15:32:33,597 [WARN] PackLoader:240 - Cannot read IP mode file for STMicroelectronics.X-CUBE-TOUCHGFX.4.21.0
2023-12-05 15:32:33,656 [WARN] PackLoader:240 - Cannot read IP mode file for STMicroelectronics.X-CUBE-MEMS1.9.4.0
2023-12-05 15:32:33,750 [WARN] PackLoader:240 - Cannot read IP mode file for STMicroelectronics.X-CUBE-AI.7.3.0
2023-12-05 15:32:33,755 [WARN] PackLoader:240 - Cannot read IP mode file for STMicroelectronics.X-CUBE-ALGOBUILD.1.3.0
2023-12-05 15:32:33,770 [WARN] PackLoader:240 - Cannot read IP mode file for STMicroelectronics.X-CUBE-AZRTOS-G0.1.1.0
2023-12-05 15:32:33,785 [WARN] PackLoader:240 - Cannot read IP mode file for STMicroelectronics.X-CUBE-NFC4.3.0.0
2023-12-05 15:32:33,793 [WARN] PackLoader:240 - Cannot read IP mode file for STMicroelectronics.X-CUBE-BLEMGR.3.0.0
2023-12-05 15:32:33,799 [WARN] PackLoader:240 - Cannot read IP mode file for STMicroelectronics.X-CUBE-BLEMGR.1.3.0
2023-12-05 15:32:33,803 [WARN] PackLoader:240 - Cannot read IP mode file for STMicroelectronics.FP-ATR-SIGFOX1.3.2.0
2023-12-05 15:32:33,824 [WARN] PackLoader:240 - Cannot read IP mode file for SEGGER.I-CUBE-embOS.1.3.1
2023-12-05 15:32:33,867 [WARN] PackLoader:240 - Cannot read IP mode file for SEGGER.I-CUBE-embOS.1.3.0
2023-12-05 15:32:33,896 [WARN] PackLoader:240 - Cannot read IP mode file for STMicroelectronics.X-CUBE-GNSS1.6.0.0
2023-12-05 15:32:33,908 [WARN] PackLoader:240 - Cannot read IP mode file for STMicroelectronics.X-CUBE-AZRTOS-F4.1.1.0
2023-12-05 15:32:33,925 [WARN] PackLoader:240 - Cannot read IP mode file for STMicroelectronics.X-CUBE-AZRTOS-L5.2.0.0
2023-12-05 15:32:33,952 [WARN] PackLoader:240 - Cannot read IP mode file for STMicroelectronics.X-CUBE-MEMS1.9.6.0
2023-12-05 15:32:34,191 [WARN] PackLoader:240 - Cannot read IP mode file for STMicroelectronics.X-CUBE-EEPRMA1.4.2.0
2023-12-05 15:32:34,195 [WARN] PackLoader:240 - Cannot read IP mode file for ITTIA_DB.I-CUBE-ITTIADB.8.8.0
2023-12-05 15:32:34,199 [WARN] PackLoader:240 - Cannot read IP mode file for emotas.I-CUBE-CANOPEN.1.1.3
2023-12-05 15:32:34,206 [WARN] PackLoader:240 - Cannot read IP mode file for STMicroelectronics.X-CUBE-BLEMGR.2.0.0
2023-12-05 15:32:34,210 [WARN] PackLoader:240 - Cannot read IP mode file for STMicroelectronics.X-CUBE-NFC4.2.0.5
2023-12-05 15:32:34,223 [WARN] ConditionMgr:438 - getConditionDescription Invalid condition id : UX DEVICE CLASS RTOS Condition cause : null
2023-12-05 15:32:34,223 [WARN] ConditionMgr:438 - getConditionDescription Invalid condition id : UX DEVICE CLASS RTOS Condition cause : null
2023-12-05 15:32:34,225 [WARN] PackLoader:240 - Cannot read IP mode file for STMicroelectronics.X-CUBE-AZRTOS-H7.3.1.0
2023-12-05 15:32:34,225 [WARN] ConditionMgr:1039 - genDependencies : Invalid condition id : UX DEVICE CLASS RTOS Condition cause : null
2023-12-05 15:32:34,225 [WARN] ConditionMgr:1039 - genDependencies : Invalid condition id : UX DEVICE CLASS RTOS Condition cause : null
2023-12-05 15:32:34,226 [WARN] ConditionMgr:1039 - genDependencies : Invalid condition id : UX DEVICE CLASS RTOS Condition cause : null
2023-12-05 15:32:34,226 [WARN] ConditionMgr:1039 - genDependencies : Invalid condition id : UX DEVICE CLASS RTOS Condition cause : null
2023-12-05 15:32:34,226 [WARN] ConditionMgr:1039 - genDependencies : Invalid condition id : UX DEVICE CLASS RTOS Condition cause : null
2023-12-05 15:32:34,230 [WARN] PackLoader:240 - Cannot read IP mode file for wolfSSL.I-CUBE-wolfSSL.5.5.3
2023-12-05 15:32:34,233 [WARN] PackLoader:240 - Cannot read IP mode file for STMicroelectronics.X-CUBE-NFC7.1.0.1
2023-12-05 15:32:34,236 [WARN] PackLoader:240 - Cannot read IP mode file for STMicroelectronics.X-CUBE-NFC7.1.0.0
2023-12-05 15:32:34,241 [WARN] PackLoader:240 - Cannot read IP mode file for STMicroelectronics.X-CUBE-NFC6.3.0.0
2023-12-05 15:32:34,245 [WARN] PackLoader:240 - Cannot read IP mode file for STMicroelectronics.X-CUBE-EEPRMA1.4.1.0
2023-12-05 15:32:34,248 [WARN] PackLoader:240 - Cannot read IP mode file for STMicroelectronics.X-CUBE-AI.8.1.0
2023-12-05 15:32:34,260 [WARN] ConditionMgr:438 - getConditionDescription Invalid condition id : LAN8742 Phy interface Condition cause : null
2023-12-05 15:32:34,260 [WARN] PackLoader:240 - Cannot read IP mode file for STMicroelectronics.X-CUBE-AZRTOS-L4.2.0.0
2023-12-05 15:32:34,261 [WARN] ConditionMgr:1039 - genDependencies : Invalid condition id : LAN8742 Phy interface Condition cause : null
2023-12-05 15:32:34,261 [WARN] ConditionMgr:1039 - genDependencies : Invalid condition id : LAN8742 Phy interface Condition cause : null
2023-12-05 15:32:34,261 [WARN] ConditionMgr:1039 - genDependencies : Invalid condition id : LAN8742 Phy interface Condition cause : null
2023-12-05 15:32:34,267 [WARN] PackLoader:240 - Cannot read IP mode file for STMicroelectronics.X-CUBE-SFXS2LP1.4.0.0
2023-12-05 15:32:34,280 [WARN] PackLoader:240 - Cannot read IP mode file for STMicroelectronics.X-CUBE-AZRTOS-H7.3.0.0
2023-12-05 15:32:34,284 [WARN] PackLoader:240 - Cannot read IP mode file for STMicroelectronics.X-CUBE-ISPU.1.1.0
2023-12-05 15:32:34,289 [WARN] PackLoader:240 - Cannot read IP mode file for RoweBots.I-CUBE-UNISONRTOS.5.5.0-4
2023-12-05 15:32:34,298 [WARN] ConditionMgr:438 - getConditionDescription Invalid condition id : UX DEVICE CLASS RTOS Condition cause : null
2023-12-05 15:32:34,299 [WARN] ConditionMgr:438 - getConditionDescription Invalid condition id : UX DEVICE CLASS RTOS Condition cause : null
2023-12-05 15:32:34,300 [WARN] PackLoader:240 - Cannot read IP mode file for STMicroelectronics.X-CUBE-AZRTOS-WB.2.0.0
2023-12-05 15:32:34,300 [WARN] ConditionMgr:1039 - genDependencies : Invalid condition id : UX DEVICE CLASS RTOS Condition cause : null
2023-12-05 15:32:34,300 [WARN] ConditionMgr:1039 - genDependencies : Invalid condition id : UX DEVICE CLASS RTOS Condition cause : null
2023-12-05 15:32:34,301 [WARN] ConditionMgr:1039 - genDependencies : Invalid condition id : UX DEVICE CLASS RTOS Condition cause : null
2023-12-05 15:32:34,301 [WARN] ConditionMgr:1039 - genDependencies : Invalid condition id : UX DEVICE CLASS RTOS Condition cause : null
2023-12-05 15:32:34,301 [WARN] ConditionMgr:1039 - genDependencies : Invalid condition id : UX DEVICE CLASS RTOS Condition cause : null
2023-12-05 15:32:34,310 [WARN] PackLoader:240 - Cannot read IP mode file for STMicroelectronics.X-CUBE-AZRTOS-L5.1.1.0
2023-12-05 15:32:34,318 [WARN] PackLoader:240 - Cannot read IP mode file for STMicroelectronics.X-CUBE-SUBG2.5.0.0
2023-12-05 15:32:34,327 [WARN] PackLoader:240 - Cannot read IP mode file for STMicroelectronics.X-CUBE-TOF1.3.3.1
2023-12-05 15:32:34,341 [WARN] PackLoader:240 - Cannot read IP mode file for STMicroelectronics.X-CUBE-AZRTOS-G4.2.0.0
2023-12-05 15:32:34,345 [WARN] PackLoader:240 - Cannot read IP mode file for STMicroelectronics.FP-ATR-ASTRA1.1.1.1
2023-12-05 15:32:34,353 [WARN] PackLoader:240 - Cannot read IP mode file for Infineon.AIROC-Wi-Fi-Bluetooth-STM32.1.5.1
2023-12-05 15:32:34,358 [WARN] PackLoader:240 - Cannot read IP mode file for STMicroelectronics.FP-SNS-MOTENVWB1.1.3.1
2023-12-05 15:32:34,366 [WARN] PackLoader:240 - Cannot read IP mode file for STMicroelectronics.X-CUBE-AZRTOS-G4.1.0.0
2023-12-05 15:32:34,377 [WARN] PackLoader:240 - Cannot read IP mode file for STMicroelectronics.X-CUBE-AZRTOS-L4.1.0.0
2023-12-05 15:32:34,385 [WARN] PackLoader:240 - Cannot read IP mode file for STMicroelectronics.X-CUBE-ISPU.2.0.0
2023-12-05 15:32:34,410 [WARN] PackLoader:240 - Cannot read IP mode file for STMicroelectronics.X-CUBE-MEMS1.10.0.0
2023-12-05 15:32:34,478 [WARN] PackLoader:240 - Cannot read IP mode file for STMicroelectronics.X-CUBE-FREERTOS.1.1.0
2023-12-05 15:32:34,484 [WARN] PackLoader:240 - Cannot read IP mode file for STMicroelectronics.X-CUBE-AZRTOS-WL.1.0.0
2023-12-05 15:32:34,489 [WARN] PackLoader:240 - Cannot read IP mode file for portGmbH.I-Cube-SoM-uGOAL.1.1.0
2023-12-05 15:32:34,492 [WARN] PackLoader:240 - Cannot read IP mode file for STMicroelectronics.X-CUBE-ALS.1.0.1
2023-12-05 15:32:34,499 [WARN] PackLoader:240 - Cannot read IP mode file for STMicroelectronics.X-CUBE-AZRTOS-WB.1.1.0
2023-12-05 15:32:34,503 [WARN] PackLoader:240 - Cannot read IP mode file for STMicroelectronics.FP-ATR-ASTRA1.2.0.0
2023-12-05 15:32:34,510 [WARN] PackLoader:240 - Cannot read IP mode file for STMicroelectronics.X-CUBE-TOF1.3.4.0
2023-12-05 15:32:34,527 [WARN] PackLoader:240 - Cannot read IP mode file for STMicroelectronics.X-CUBE-AZRTOS-H7.3.2.0
2023-12-05 15:32:34,530 [INFO] ThirdParty:978 - Integrity check success = true
2023-12-05 15:32:34,530 [INFO] IntegrityCheckThread:100 - exiting critical section [integrity check]
2023-12-05 15:32:34,530 [INFO] IntegrityCheckThread:103 - End integrity checks thread
2023-12-05 15:32:52,936 [ERROR] LogOutputStream:75 - [STDERR_REDIRECT] SLF4J: Failed to load class "org.slf4j.impl.StaticLoggerBinder".
2023-12-05 15:32:52,936 [ERROR] LogOutputStream:75 - [STDERR_REDIRECT] SLF4J: Defaulting to no-operation (NOP) logger implementation
2023-12-05 15:32:52,936 [ERROR] LogOutputStream:75 - [STDERR_REDIRECT] SLF4J: See http://www.slf4j.org/codes.html#StaticLoggerBinder for further details.
2023-12-05 15:33:17,497 [ERROR] LogOutputStream:75 - [STDERR_REDIRECT] 
