2023-09-25 21:14:40,712 [INFO] Activator:176 - 


2023-09-25 21:14:40,728 [INFO] Activator:177 - !SESSION log4j initialized
2023-09-25 21:15:08,773 [INFO] LogOutputStream:77 - [STDOUT_REDIRECT] 
2023-09-25 21:16:01,645 [INFO] ApplicationProperties:184 - Using Application install path: C:\ST\STM32CubeIDE_1.13.2\STM32CubeIDE\plugins\com.st.stm32cube.common.mx_6.9.2.202309101412
2023-09-25 21:16:01,672 [INFO] DbMcusXml:78 - Set database path to: C:\ST\STM32CubeIDE_1.13.2\STM32CubeIDE\plugins\com.st.stm32cube.common.mx_6.9.2.202309101412\\db\/mcu/
2023-09-25 21:16:01,673 [INFO] ApiDb:274 - Set plugin database path to: C:\ST\STM32CubeIDE_1.13.2\STM32CubeIDE\plugins\com.st.stm32cube.common.mx_6.9.2.202309101412\\db\/plugins/boardmanager/
2023-09-25 21:16:01,673 [WARN] ApiDb:259 - Overriding images path with different value:  => C:\ST\STM32CubeIDE_1.13.2\STM32CubeIDE\plugins\com.st.stm32cube.common.mx_6.9.2.202309101412\\db\/plugins/mcufinder/images/
2023-09-25 21:16:04,747 [WARN] ApiFinderProperties:113 - C:\Users\ayome\.stmcufinder\plugins\mcufinder\mcu\mcuFinder.mfd doesn't exist
2023-09-25 21:16:04,749 [INFO] ApiDb:250 - Set database path to: C:\Users\ayome\.stmcufinder\plugins\mcufinder//mcu/
2023-09-25 21:16:04,751 [INFO] DbMcusAds:125 - Set database path to: C:\Users\ayome\.stmcufinder\plugins\mcufinder//mcu/
2023-09-25 21:16:04,758 [INFO] CrossReferenceDbSqlite:203 - Set database path to: C:\Users\ayome\.stmcufinder\plugins\mcufinder//mcu/cs/
2023-09-25 21:16:05,152 [INFO] RulesReader:64 - Compatibility file has been processed (293 Rules)
2023-09-25 21:16:09,141 [INFO] DbMcusXml:78 - Set database path to: C:\ST\STM32CubeIDE_1.13.2\STM32CubeIDE\plugins\com.st.stm32cube.common.mx_6.9.2.202309101412\\db\/mcu/
2023-09-25 21:16:09,142 [INFO] ApiDb:274 - Set plugin database path to: C:\ST\STM32CubeIDE_1.13.2\STM32CubeIDE\plugins\com.st.stm32cube.common.mx_6.9.2.202309101412\\db\/plugins/boardmanager/
2023-09-25 21:16:09,142 [INFO] ApiDb:261 - Set plugin images path to: C:\ST\STM32CubeIDE_1.13.2\STM32CubeIDE\plugins\com.st.stm32cube.common.mx_6.9.2.202309101412\\db\/plugins/mcufinder/images/
2023-09-25 21:16:09,143 [WARN] DbFile:41 - Overriding database path with different value: C:\Users\ayome\.stmcufinder\plugins\mcufinder/ => C:\Users\ayome\.stmcufinder\plugins\mcufinder
2023-09-25 21:16:09,143 [INFO] ApiDb:250 - Set database path to: C:\Users\ayome\.stmcufinder\plugins\mcufinder//mcu/
2023-09-25 21:16:09,143 [WARN] DbFile:41 - Overriding database path with different value: C:\Users\ayome\.stmcufinder\plugins\mcufinder/ => C:\Users\ayome\.stmcufinder\plugins\mcufinder
2023-09-25 21:16:09,144 [INFO] DbMcusAds:125 - Set database path to: C:\Users\ayome\.stmcufinder\plugins\mcufinder//mcu/
2023-09-25 21:16:09,144 [WARN] DbFile:41 - Overriding database path with different value: C:\Users\ayome\.stmcufinder\plugins\mcufinder/ => C:\Users\ayome\.stmcufinder\plugins\mcufinder
2023-09-25 21:16:09,144 [WARN] DbFile:41 - Overriding database path with different value: C:\Users\ayome\.stmcufinder\plugins\mcufinder/ => C:\Users\ayome\.stmcufinder\plugins\mcufinder
2023-09-25 21:16:09,144 [INFO] CrossReferenceDbSqlite:203 - Set database path to: C:\Users\ayome\.stmcufinder\plugins\mcufinder//mcu/cs/
2023-09-25 21:16:13,929 [INFO] MainPanel:262 - HeapMemory: 268435456
2023-09-25 21:16:17,456 [INFO] DbMcusXml:78 - Set database path to: C:\ST\STM32CubeIDE_1.13.2\STM32CubeIDE\plugins\com.st.stm32cube.common.mx_6.9.2.202309101412\\db\/mcu/
2023-09-25 21:16:17,457 [INFO] ApiDb:274 - Set plugin database path to: C:\ST\STM32CubeIDE_1.13.2\STM32CubeIDE\plugins\com.st.stm32cube.common.mx_6.9.2.202309101412\\db\/plugins/boardmanager/
2023-09-25 21:16:17,458 [INFO] ApiDb:261 - Set plugin images path to: C:\ST\STM32CubeIDE_1.13.2\STM32CubeIDE\plugins\com.st.stm32cube.common.mx_6.9.2.202309101412\\db\/plugins/mcufinder/images/
2023-09-25 21:16:17,459 [WARN] DbFile:41 - Overriding database path with different value: C:\Users\ayome\.stmcufinder\plugins\mcufinder/ => C:\Users\ayome\.stmcufinder\plugins\mcufinder
2023-09-25 21:16:17,459 [INFO] ApiDb:250 - Set database path to: C:\Users\ayome\.stmcufinder\plugins\mcufinder//mcu/
2023-09-25 21:16:17,460 [WARN] DbFile:41 - Overriding database path with different value: C:\Users\ayome\.stmcufinder\plugins\mcufinder/ => C:\Users\ayome\.stmcufinder\plugins\mcufinder
2023-09-25 21:16:17,460 [INFO] DbMcusAds:125 - Set database path to: C:\Users\ayome\.stmcufinder\plugins\mcufinder//mcu/
2023-09-25 21:16:17,460 [WARN] DbFile:41 - Overriding database path with different value: C:\Users\ayome\.stmcufinder\plugins\mcufinder/ => C:\Users\ayome\.stmcufinder\plugins\mcufinder
2023-09-25 21:16:17,460 [WARN] DbFile:41 - Overriding database path with different value: C:\Users\ayome\.stmcufinder\plugins\mcufinder/ => C:\Users\ayome\.stmcufinder\plugins\mcufinder
2023-09-25 21:16:17,465 [INFO] CrossReferenceDbSqlite:203 - Set database path to: C:\Users\ayome\.stmcufinder\plugins\mcufinder//mcu/cs/
2023-09-25 21:16:17,504 [INFO] ApplicationProperties:184 - Using Application install path: C:\ST\STM32CubeIDE_1.13.2\STM32CubeIDE\plugins\com.st.stm32cube.common.mx_6.9.2.202309101412
2023-09-25 21:16:17,508 [INFO] PluginManage:196 - Search for loadable plugins [exclusion list=, ]
2023-09-25 21:16:17,510 [INFO] PluginManage:310 - Check plugin analytics
2023-09-25 21:16:17,861 [INFO] AnalyticsPlugin:253 - Accepted Software Licenses: 
2023-09-25 21:16:17,862 [INFO] AnalyticsPlugin:255 - Accepted CMSIS Pack Licenses: 
2023-09-25 21:16:17,862 [INFO] AnalyticsPlugin:257 - Accepted Firmware Licenses: 
2023-09-25 21:16:17,867 [INFO] PluginManage:359 - Loaded plugin analytics (category:tool,tabindex:-1)
2023-09-25 21:16:17,868 [INFO] PluginManage:310 - Check plugin cadmodel
2023-09-25 21:16:17,879 [INFO] CADModel:105 - Init CAD model plugin
2023-09-25 21:16:17,879 [INFO] PluginManage:359 - Loaded plugin cadmodel (category:power,tabindex:5)
2023-09-25 21:16:17,879 [INFO] PluginManage:310 - Check plugin clock
2023-09-25 21:16:17,902 [INFO] PluginManage:359 - Loaded plugin clock (category:base,tabindex:2)
2023-09-25 21:16:17,902 [INFO] PluginManage:310 - Check plugin ddr
2023-09-25 21:16:17,907 [INFO] PluginManage:359 - Loaded plugin ddr (category:tool,tabindex:6)
2023-09-25 21:16:17,907 [INFO] PluginManage:310 - Check plugin filemanager
2023-09-25 21:16:18,160 [INFO] PluginManage:359 - Loaded plugin filemanager (category:base,tabindex:10)
2023-09-25 21:16:18,160 [INFO] PluginManage:310 - Check plugin ipmanager
2023-09-25 21:16:18,172 [INFO] PluginManage:359 - Loaded plugin ipmanager (category:base,tabindex:5)
2023-09-25 21:16:18,173 [INFO] PluginManage:310 - Check plugin lpbam
2023-09-25 21:16:18,189 [INFO] PluginManage:359 - Loaded plugin lpbam (category:base,tabindex:0)
2023-09-25 21:16:18,189 [INFO] PluginManage:310 - Check plugin memorymap
2023-09-25 21:16:18,220 [INFO] PluginManage:359 - Loaded plugin memorymap (category:base,tabindex:4)
2023-09-25 21:16:18,221 [INFO] PluginManage:310 - Check plugin pinoutandconfiguration
2023-09-25 21:16:18,238 [INFO] PluginManage:359 - Loaded plugin pinoutandconfiguration (category:base,tabindex:1)
2023-09-25 21:16:18,238 [INFO] PluginManage:310 - Check plugin pinoutconfig
2023-09-25 21:16:18,432 [WARN] SupportedApi:132 - Cannot load RTOS API schema: s4s-elt-must-match.1: The content of 'definitions' must match (annotation?, (simpleType | complexType)?, (unique | key | keyref)*)). A problem was found starting at: attribute.
2023-09-25 21:16:18,698 [INFO] PluginManage:359 - Loaded plugin pinoutconfig (category:base,tabindex:0)
2023-09-25 21:16:18,698 [INFO] PluginManage:310 - Check plugin power
2023-09-25 21:16:18,720 [INFO] PluginManage:359 - Loaded plugin power (category:power,tabindex:4)
2023-09-25 21:16:18,720 [INFO] PluginManage:310 - Check plugin projectmanager
2023-09-25 21:16:18,797 [INFO] PluginManage:359 - Loaded plugin projectmanager (category:projectmanager,tabindex:3)
2023-09-25 21:16:18,798 [INFO] PluginManage:310 - Check plugin thirdparty
2023-09-25 21:16:19,143 [INFO] PluginManage:359 - Loaded plugin thirdparty (category:base,tabindex:-1)
2023-09-25 21:16:19,143 [INFO] PluginManage:310 - Check plugin tools
2023-09-25 21:16:19,152 [WARN] IntegrityCheckThread:84 - waiting for thirdparty lock release [integrity check]
2023-09-25 21:16:19,152 [INFO] IntegrityCheckThread:86 - entering critical section [integrity check]
2023-09-25 21:16:19,153 [INFO] ThirdPartyUpdaterWithRetryManager:70 - Updater plugin not ready yet. [1/15]
2023-09-25 21:16:19,167 [INFO] PluginManage:359 - Loaded plugin tools (category:base,tabindex:7)
2023-09-25 21:16:19,167 [INFO] PluginManage:310 - Check plugin tutovideos
2023-09-25 21:16:19,463 [INFO] PluginManage:359 - Loaded plugin tutovideos (category:base,tabindex:-1)
2023-09-25 21:16:19,463 [INFO] PluginManage:310 - Check plugin updater
2023-09-25 21:16:19,481 [INFO] PluginManage:359 - Loaded plugin updater (category:base,tabindex:12)
2023-09-25 21:16:19,481 [INFO] PluginManage:310 - Check plugin userauth
2023-09-25 21:16:19,489 [INFO] UserAuth:113 - Init User Auth plugin
2023-09-25 21:16:19,489 [INFO] PluginManage:359 - Loaded plugin userauth (category:base,tabindex:14)
2023-09-25 21:16:19,490 [INFO] PluginManage:283 - PluginManage : Loaded plugins [17]
2023-09-25 21:16:19,839 [INFO] PinOutPanel:1499 - setPackage(No Configuration,No Configuration)
2023-09-25 21:16:20,022 [INFO] CADModel:165 - CPN selected for project level
2023-09-25 21:16:20,023 [INFO] CADModel:114 - Register for checkConnection events
2023-09-25 21:16:20,048 [INFO] IPUIPlugin:80 - create IPUIPlugin
2023-09-25 21:16:20,048 [INFO] PluginManager:220 - loadIPPluginJar : add adc
2023-09-25 21:16:20,052 [INFO] IPUIPlugin:80 - create IPUIPlugin
2023-09-25 21:16:20,052 [INFO] PluginManager:220 - loadIPPluginJar : add aes
2023-09-25 21:16:20,057 [INFO] IPUIPlugin:80 - create IPUIPlugin
2023-09-25 21:16:20,057 [INFO] PluginManager:220 - loadIPPluginJar : add can
2023-09-25 21:16:20,060 [INFO] IPUIPlugin:80 - create IPUIPlugin
2023-09-25 21:16:20,060 [INFO] PluginManager:220 - loadIPPluginJar : add comp
2023-09-25 21:16:20,065 [INFO] IPUIPlugin:80 - create IPUIPlugin
2023-09-25 21:16:20,065 [INFO] PluginManager:220 - loadIPPluginJar : add cryp
2023-09-25 21:16:20,069 [INFO] IPUIPlugin:80 - create IPUIPlugin
2023-09-25 21:16:20,070 [INFO] PluginManager:220 - loadIPPluginJar : add dfsdm
2023-09-25 21:16:20,079 [INFO] IPUIPlugin:80 - create IPUIPlugin
2023-09-25 21:16:20,080 [INFO] PluginManager:220 - loadIPPluginJar : add dma
2023-09-25 21:16:20,084 [INFO] IPUIPlugin:80 - create IPUIPlugin
2023-09-25 21:16:20,085 [INFO] PluginManager:220 - loadIPPluginJar : add dma3
2023-09-25 21:16:20,087 [INFO] IPUIPlugin:80 - create IPUIPlugin
2023-09-25 21:16:20,087 [INFO] PluginManager:220 - loadIPPluginJar : add fatfs
2023-09-25 21:16:20,093 [INFO] IPUIPlugin:80 - create IPUIPlugin
2023-09-25 21:16:20,094 [INFO] PluginManager:220 - loadIPPluginJar : add fmc
2023-09-25 21:16:20,102 [INFO] IPUIPlugin:80 - create IPUIPlugin
2023-09-25 21:16:20,102 [INFO] PluginManager:220 - loadIPPluginJar : add freertos
2023-09-25 21:16:20,105 [INFO] IPUIPlugin:80 - create IPUIPlugin
2023-09-25 21:16:20,105 [INFO] PluginManager:220 - loadIPPluginJar : add genericplugin
2023-09-25 21:16:20,109 [INFO] IPUIPlugin:80 - create IPUIPlugin
2023-09-25 21:16:20,109 [INFO] PluginManager:220 - loadIPPluginJar : add gfxmmu
2023-09-25 21:16:20,116 [INFO] IPUIPlugin:80 - create IPUIPlugin
2023-09-25 21:16:20,116 [INFO] PluginManager:220 - loadIPPluginJar : add gic
2023-09-25 21:16:20,122 [INFO] IPUIPlugin:80 - create IPUIPlugin
2023-09-25 21:16:20,122 [INFO] PluginManager:220 - loadIPPluginJar : add gpio
2023-09-25 21:16:20,127 [INFO] IPUIPlugin:80 - create IPUIPlugin
2023-09-25 21:16:20,127 [INFO] PluginManager:220 - loadIPPluginJar : add gtzc
2023-09-25 21:16:20,131 [INFO] IPUIPlugin:80 - create IPUIPlugin
2023-09-25 21:16:20,132 [INFO] PluginManager:220 - loadIPPluginJar : add hash
2023-09-25 21:16:20,136 [INFO] IPUIPlugin:80 - create IPUIPlugin
2023-09-25 21:16:20,136 [INFO] PluginManager:220 - loadIPPluginJar : add i2c
2023-09-25 21:16:20,140 [INFO] IPUIPlugin:80 - create IPUIPlugin
2023-09-25 21:16:20,140 [INFO] PluginManager:220 - loadIPPluginJar : add i2s
2023-09-25 21:16:20,144 [INFO] IPUIPlugin:80 - create IPUIPlugin
2023-09-25 21:16:20,144 [INFO] PluginManager:220 - loadIPPluginJar : add i3c
2023-09-25 21:16:20,149 [INFO] IPUIPlugin:80 - create IPUIPlugin
2023-09-25 21:16:20,149 [INFO] PluginManager:220 - loadIPPluginJar : add ipddr
2023-09-25 21:16:20,159 [INFO] IPUIPlugin:80 - create IPUIPlugin
2023-09-25 21:16:20,159 [INFO] PluginManager:220 - loadIPPluginJar : add linkedlist
2023-09-25 21:16:20,163 [INFO] IPUIPlugin:80 - create IPUIPlugin
2023-09-25 21:16:20,164 [INFO] PluginManager:220 - loadIPPluginJar : add lorawan
2023-09-25 21:16:20,166 [INFO] IPUIPlugin:80 - create IPUIPlugin
2023-09-25 21:16:20,167 [INFO] PluginManager:220 - loadIPPluginJar : add ltdc
2023-09-25 21:16:20,175 [INFO] IPUIPlugin:80 - create IPUIPlugin
2023-09-25 21:16:20,176 [INFO] PluginManager:220 - loadIPPluginJar : add mdma
2023-09-25 21:16:20,182 [INFO] IPUIPlugin:80 - create IPUIPlugin
2023-09-25 21:16:20,182 [INFO] PluginManager:220 - loadIPPluginJar : add nvic
2023-09-25 21:16:20,187 [INFO] IPUIPlugin:80 - create IPUIPlugin
2023-09-25 21:16:20,187 [INFO] PluginManager:220 - loadIPPluginJar : add opamp
2023-09-25 21:16:20,193 [INFO] IPUIPlugin:80 - create IPUIPlugin
2023-09-25 21:16:20,193 [INFO] PluginManager:220 - loadIPPluginJar : add openamp
2023-09-25 21:16:20,199 [INFO] IPUIPlugin:80 - create IPUIPlugin
2023-09-25 21:16:20,199 [INFO] PluginManager:220 - loadIPPluginJar : add pdm2pcm
2023-09-25 21:16:20,208 [INFO] IPUIPlugin:80 - create IPUIPlugin
2023-09-25 21:16:20,212 [INFO] PluginManager:220 - loadIPPluginJar : add plateformsettings
2023-09-25 21:16:20,215 [INFO] IPUIPlugin:80 - create IPUIPlugin
2023-09-25 21:16:20,215 [INFO] PluginManager:220 - loadIPPluginJar : add quadspi
2023-09-25 21:16:20,222 [INFO] IPUIPlugin:80 - create IPUIPlugin
2023-09-25 21:16:20,222 [INFO] PluginManager:220 - loadIPPluginJar : add resmgrutility
2023-09-25 21:16:20,227 [INFO] IPUIPlugin:80 - create IPUIPlugin
2023-09-25 21:16:20,227 [INFO] PluginManager:220 - loadIPPluginJar : add sai
2023-09-25 21:16:20,231 [INFO] IPUIPlugin:80 - create IPUIPlugin
2023-09-25 21:16:20,231 [INFO] PluginManager:220 - loadIPPluginJar : add spi
2023-09-25 21:16:20,238 [INFO] IPUIPlugin:80 - create IPUIPlugin
2023-09-25 21:16:20,238 [INFO] PluginManager:220 - loadIPPluginJar : add stm32_wpan
2023-09-25 21:16:20,241 [INFO] IPUIPlugin:80 - create IPUIPlugin
2023-09-25 21:16:20,242 [INFO] PluginManager:220 - loadIPPluginJar : add tim
2023-09-25 21:16:20,246 [INFO] IPUIPlugin:80 - create IPUIPlugin
2023-09-25 21:16:20,247 [INFO] PluginManager:220 - loadIPPluginJar : add touchsensing
2023-09-25 21:16:20,250 [INFO] IPUIPlugin:80 - create IPUIPlugin
2023-09-25 21:16:20,251 [INFO] PluginManager:220 - loadIPPluginJar : add tracer_emb
2023-09-25 21:16:20,254 [INFO] IPUIPlugin:80 - create IPUIPlugin
2023-09-25 21:16:20,254 [INFO] PluginManager:220 - loadIPPluginJar : add ts
2023-09-25 21:16:20,257 [INFO] IPUIPlugin:80 - create IPUIPlugin
2023-09-25 21:16:20,258 [INFO] PluginManager:220 - loadIPPluginJar : add tsc
2023-09-25 21:16:20,261 [INFO] IPUIPlugin:80 - create IPUIPlugin
2023-09-25 21:16:20,261 [INFO] PluginManager:220 - loadIPPluginJar : add ucpd
2023-09-25 21:16:20,265 [INFO] IPUIPlugin:80 - create IPUIPlugin
2023-09-25 21:16:20,266 [INFO] PluginManager:220 - loadIPPluginJar : add usart
2023-09-25 21:16:20,270 [INFO] IPUIPlugin:80 - create IPUIPlugin
2023-09-25 21:16:20,270 [INFO] PluginManager:220 - loadIPPluginJar : add usbx
2023-09-25 21:16:20,427 [INFO] CADModel:165 - CPN selected for project level
2023-09-25 21:16:20,427 [INFO] CADModel:114 - Register for checkConnection events
2023-09-25 21:16:20,428 [FATAL] Updater:308 - Updater called before beeing initialized
2023-09-25 21:16:20,428 [ERROR] CADModel:125 - Updater not yet initialized, retry later 
2023-09-25 21:16:20,883 [INFO] CADModel:165 - CPN selected for project level
2023-09-25 21:16:20,883 [INFO] CADModel:114 - Register for checkConnection events
2023-09-25 21:16:20,884 [FATAL] Updater:308 - Updater called before beeing initialized
2023-09-25 21:16:20,884 [ERROR] CADModel:125 - Updater not yet initialized, retry later 
2023-09-25 21:16:20,891 [FATAL] Updater:308 - Updater called before beeing initialized
2023-09-25 21:16:21,461 [FATAL] Updater:308 - Updater called before beeing initialized
2023-09-25 21:16:21,472 [INFO] DbMcusAds:53 - JSON generation date=Thu Sep 30 08:55:09 CEST 2021 (1632984909247)
2023-09-25 21:16:21,472 [FATAL] Updater:308 - Updater called before beeing initialized
2023-09-25 21:16:21,634 [WARN] DetailPanel:346 - Failed to get advertising image, set to default
2023-09-25 21:16:21,940 [FATAL] Updater:308 - Updater called before beeing initialized
2023-09-25 21:16:21,949 [FATAL] Updater:308 - Updater called before beeing initialized
2023-09-25 21:16:21,949 [FATAL] Updater:308 - Updater called before beeing initialized
2023-09-25 21:16:21,949 [WARN] DetailPanel:346 - Failed to get advertising image, set to default
2023-09-25 21:16:21,950 [FATAL] Updater:308 - Updater called before beeing initialized
2023-09-25 21:16:22,159 [INFO] ThirdPartyUpdaterWithRetryManager:70 - Updater plugin not ready yet. [2/15]
2023-09-25 21:16:22,207 [ERROR] Updater:1120 - MainUpdater not yet initialized. External WinMGr cannot be set.
2023-09-25 21:16:22,227 [INFO] Updater:1056 - Updater Version found : 6.9.2
2023-09-25 21:16:22,261 [INFO] ApplicationProperties:184 - Using Application install path: C:\ST\STM32CubeIDE_1.13.2\STM32CubeIDE\plugins\com.st.stm32cube.common.mx_6.9.2.202309101412
2023-09-25 21:16:22,337 [INFO] MainUpdater:521 - Copy updater definitions from MX database
2023-09-25 21:16:22,432 [INFO] MainUpdater:554 - Copy flag file definitions from MX database
2023-09-25 21:16:22,481 [INFO] MainUpdater:570 - Copy thirdparty index definitions from MX database
2023-09-25 21:16:22,484 [INFO] MainUpdater:589 - Copy default thirdparty db definitions from MX database
2023-09-25 21:16:22,577 [INFO] MainUpdater:2868 - connection check result : 10
2023-09-25 21:16:22,577 [INFO] MainUpdater:3562 - Updater definition file requires update
2023-09-25 21:16:22,579 [INFO] MainUpdater:285 - Updater Check For Update Now.
2023-09-25 21:16:22,579 [INFO] MicroXplorer:498 - Change Database Version : DB.6.0.92
2023-09-25 21:16:22,602 [INFO] McuFinderGlobals:63 - Set McuFinder mode to 2 (CubeIDE integrated)
2023-09-25 21:16:22,602 [INFO] UserAuth:179 - activating auth plugin
2023-09-25 21:16:22,616 [INFO] UserAuth:393 - Internet connection configuration mode: 1
2023-09-25 21:16:22,658 [INFO] JxBrowserEngine:151 - Initiate JxBrowser Engine with user profile folder
2023-09-25 21:16:22,693 [INFO] ServerAccessManage:473 - Download File updaters.zip
2023-09-25 21:16:22,898 [INFO] FileExtend:240 - Unzip File : updaters.zip
2023-09-25 21:16:22,899 [INFO] FileExtend:255 - Standard Zip Deflate
2023-09-25 21:16:24,015 [INFO] ServerAccessManage:473 - Download File PacksControlFlags.xml
2023-09-25 21:16:24,131 [INFO] ServerAccessManage:473 - Download File cubemx.pidx
2023-09-25 21:16:24,375 [INFO] ServerAccessManage:473 - Download File STMicroelectronics.FP-ATR-ASTRA1.pdsc
2023-09-25 21:16:24,487 [INFO] ServerAccessManage:473 - Download File STMicroelectronics.FP-ATR-SIGFOX1.pdsc
2023-09-25 21:16:24,534 [INFO] ServerAccessManage:473 - Download File STMicroelectronics.FP-SNS-FLIGHT1.pdsc
2023-09-25 21:16:24,619 [INFO] ServerAccessManage:473 - Download File STMicroelectronics.FP-SNS-MOTENV1.pdsc
2023-09-25 21:16:24,712 [INFO] ServerAccessManage:473 - Download File STMicroelectronics.FP-SNS-SMARTAG2.pdsc
2023-09-25 21:16:25,045 [INFO] ServerAccessManage:473 - Download File STMicroelectronics.X-CUBE-AI.pdsc
2023-09-25 21:16:25,161 [WARN] MainUpdater:1189 - Updater busy. Cannot search thirdparties
2023-09-25 21:16:25,162 [INFO] ThirdPartyUpdaterWithRetryManager:96 - Updater plugin is busy. [1/15]
2023-09-25 21:16:25,535 [INFO] ServerAccessManage:473 - Download File STMicroelectronics.X-CUBE-ALS.pdsc
2023-09-25 21:16:25,740 [INFO] ServerAccessManage:473 - Download File STMicroelectronics.X-CUBE-BLE1.pdsc
2023-09-25 21:16:26,325 [ERROR] ServerAccessManage:1089 - Problem, file not found on Server
2023-09-25 21:16:26,334 [INFO] ServerAccessManage:473 - Download File STMicroelectronics.X-CUBE-BLE2.pdsc
2023-09-25 21:16:26,480 [INFO] ServerAccessManage:473 - Download File STMicroelectronics.X-CUBE-BLEMGR.pdsc
2023-09-25 21:16:26,642 [INFO] ServerAccessManage:473 - Download File STMicroelectronics.X-CUBE-DISPLAY.pdsc
2023-09-25 21:16:26,833 [INFO] ServerAccessManage:473 - Download File STMicroelectronics.X-CUBE-EEPRMA1.pdsc
2023-09-25 21:16:27,024 [ERROR] ServerAccessManage:1089 - Problem, file not found on Server
2023-09-25 21:16:27,089 [INFO] ServerAccessManage:473 - Download File STMicroelectronics.X-CUBE-FREERTOS.pdsc
2023-09-25 21:16:27,248 [INFO] ServerAccessManage:473 - Download File STMicroelectronics.X-CUBE-GNSS1.pdsc
2023-09-25 21:16:27,514 [ERROR] ServerAccessManage:1089 - Problem, file not found on Server
2023-09-25 21:16:27,639 [ERROR] ServerAccessManage:1089 - Problem, file not found on Server
2023-09-25 21:16:27,745 [ERROR] ServerAccessManage:1089 - Problem, file not found on Server
2023-09-25 21:16:27,833 [ERROR] ServerAccessManage:1089 - Problem, file not found on Server
2023-09-25 21:16:27,951 [ERROR] ServerAccessManage:1089 - Problem, file not found on Server
2023-09-25 21:16:28,044 [ERROR] ServerAccessManage:1089 - Problem, file not found on Server
2023-09-25 21:16:28,053 [INFO] ServerAccessManage:473 - Download File STMicroelectronics.X-CUBE-ISPU.pdsc
2023-09-25 21:16:28,186 [WARN] MainUpdater:1189 - Updater busy. Cannot search thirdparties
2023-09-25 21:16:28,186 [INFO] ThirdPartyUpdaterWithRetryManager:96 - Updater plugin is busy. [2/15]
2023-09-25 21:16:28,321 [INFO] ServerAccessManage:473 - Download File STMicroelectronics.X-CUBE-MEMS1.pdsc
2023-09-25 21:16:28,741 [INFO] ServerAccessManage:473 - Download File STMicroelectronics.X-CUBE-NFC4.pdsc
2023-09-25 21:16:28,942 [INFO] ServerAccessManage:473 - Download File STMicroelectronics.X-CUBE-NFC6.pdsc
2023-09-25 21:16:29,147 [INFO] ServerAccessManage:473 - Download File STMicroelectronics.X-CUBE-NFC7.pdsc
2023-09-25 21:16:29,293 [INFO] ServerAccessManage:473 - Download File STMicroelectronics.X-CUBE-SFXS2LP1.pdsc
2023-09-25 21:16:29,453 [INFO] ServerAccessManage:473 - Download File STMicroelectronics.X-CUBE-SUBG2.pdsc
2023-09-25 21:16:29,599 [INFO] ServerAccessManage:473 - Download File STMicroelectronics.X-CUBE-SMBUS.pdsc
2023-09-25 21:16:29,797 [ERROR] ServerAccessManage:1089 - Problem, file not found on Server
2023-09-25 21:16:29,831 [INFO] ServerAccessManage:473 - Download File STMicroelectronics.X-CUBE-TOF1.pdsc
2023-09-25 21:16:30,159 [ERROR] ServerAccessManage:1089 - Problem, file not found on Server
2023-09-25 21:16:30,179 [INFO] ServerAccessManage:473 - Download File STMicroelectronics.X-CUBE-TOUCHGFX.pdsc
2023-09-25 21:16:30,400 [INFO] ServerAccessManage:473 - Download File STMicroelectronics.X-CUBE-ALGOBUILD.pdsc
2023-09-25 21:16:30,486 [INFO] ServerAccessManage:473 - Download File STMicroelectronics.X-CUBE-AZRTOS-H7.pdsc
2023-09-25 21:16:30,650 [INFO] ServerAccessManage:473 - Download File STMicroelectronics.X-CUBE-AZRTOS-F4.pdsc
2023-09-25 21:16:30,759 [INFO] ServerAccessManage:473 - Download File STMicroelectronics.X-CUBE-AZRTOS-F7.pdsc
2023-09-25 21:16:30,892 [INFO] ServerAccessManage:473 - Download File STMicroelectronics.X-CUBE-AZRTOS-L4.pdsc
2023-09-25 21:16:31,047 [INFO] ServerAccessManage:473 - Download File STMicroelectronics.X-CUBE-AZRTOS-L5.pdsc
2023-09-25 21:16:31,190 [WARN] MainUpdater:1189 - Updater busy. Cannot search thirdparties
2023-09-25 21:16:31,190 [INFO] ThirdPartyUpdaterWithRetryManager:96 - Updater plugin is busy. [3/15]
2023-09-25 21:16:31,291 [INFO] ServerAccessManage:473 - Download File STMicroelectronics.X-CUBE-AZRTOS-G0.pdsc
2023-09-25 21:16:34,193 [WARN] MainUpdater:1189 - Updater busy. Cannot search thirdparties
2023-09-25 21:16:34,193 [INFO] ThirdPartyUpdaterWithRetryManager:96 - Updater plugin is busy. [4/15]
2023-09-25 21:16:35,217 [INFO] ServerAccessManage:473 - Download File STMicroelectronics.X-CUBE-AZRTOS-G4.pdsc
2023-09-25 21:16:35,671 [INFO] ServerAccessManage:473 - Download File STMicroelectronics.X-CUBE-AZRTOS-WB.pdsc
2023-09-25 21:16:36,762 [INFO] ServerAccessManage:473 - Download File STMicroelectronics.X-CUBE-AZRTOS-WL.pdsc
2023-09-25 21:16:37,193 [WARN] MainUpdater:1189 - Updater busy. Cannot search thirdparties
2023-09-25 21:16:37,193 [INFO] ThirdPartyUpdaterWithRetryManager:96 - Updater plugin is busy. [5/15]
2023-09-25 21:16:37,499 [INFO] ServerAccessManage:473 - Download File wolfSSL.I-CUBE-wolfSSL.pdsc
2023-09-25 21:16:39,779 [ERROR] ServerAccessManage:1089 - Problem, file not found on Server
2023-09-25 21:16:40,087 [ERROR] ServerAccessManage:1089 - Problem, file not found on Server
2023-09-25 21:16:40,194 [WARN] MainUpdater:1189 - Updater busy. Cannot search thirdparties
2023-09-25 21:16:40,194 [INFO] ThirdPartyUpdaterWithRetryManager:96 - Updater plugin is busy. [6/15]
2023-09-25 21:16:40,405 [ERROR] ServerAccessManage:1089 - Problem, file not found on Server
2023-09-25 21:16:40,836 [ERROR] ServerAccessManage:1096 - Problem, Http access forbiden
2023-09-25 21:16:40,837 [ERROR] ServerAccessManage:651 - Problem, Http access forbiden : RoweBots.I-CUBE-UNISONRTOS.pdsc.
2023-09-25 21:16:40,953 [INFO] ServerAccessManage:473 - Download File SEGGER.I-CUBE-embOS.pdsc
2023-09-25 21:16:43,195 [WARN] MainUpdater:1189 - Updater busy. Cannot search thirdparties
2023-09-25 21:16:43,195 [INFO] ThirdPartyUpdaterWithRetryManager:96 - Updater plugin is busy. [7/15]
2023-09-25 21:16:46,195 [WARN] MainUpdater:1189 - Updater busy. Cannot search thirdparties
2023-09-25 21:16:46,195 [INFO] ThirdPartyUpdaterWithRetryManager:96 - Updater plugin is busy. [8/15]
2023-09-25 21:16:47,147 [INFO] ServerAccessManage:473 - Download File portGmbH.I-Cube-SoM-uGOAL.pdsc
2023-09-25 21:16:48,010 [ERROR] ServerAccessManage:1089 - Problem, file not found on Server
2023-09-25 21:16:48,035 [ERROR] ServerAccessManage:1089 - Problem, file not found on Server
2023-09-25 21:16:48,059 [ERROR] ServerAccessManage:1089 - Problem, file not found on Server
2023-09-25 21:16:48,203 [INFO] ServerAccessManage:473 - Download File emotas.I-CUBE-CANOPEN.pdsc
2023-09-25 21:16:48,943 [INFO] ServerAccessManage:473 - Download File WES.I-CUBE-Cesium.pdsc
2023-09-25 21:16:49,197 [WARN] MainUpdater:1189 - Updater busy. Cannot search thirdparties
2023-09-25 21:16:49,197 [INFO] ThirdPartyUpdaterWithRetryManager:96 - Updater plugin is busy. [9/15]
2023-09-25 21:16:51,505 [ERROR] ServerAccessManage:1089 - Problem, file not found on Server
2023-09-25 21:16:52,084 [ERROR] ServerAccessManage:1089 - Problem, file not found on Server
2023-09-25 21:16:52,198 [WARN] MainUpdater:1189 - Updater busy. Cannot search thirdparties
2023-09-25 21:16:52,198 [INFO] ThirdPartyUpdaterWithRetryManager:96 - Updater plugin is busy. [10/15]
2023-09-25 21:16:52,262 [WARN] CheckServerUpdateThread:151 - Open CheckUpdateFile Fail
2023-09-25 21:16:52,423 [INFO] CheckServerUpdateThread:120 - End of CheckServer Thread
2023-09-25 21:16:53,344 [WARN] PackLoader:240 - Cannot read IP mode file for STMicroelectronics.FP-ATR-ASTRA1.2.0.0
2023-09-25 21:16:53,451 [WARN] PackLoader:240 - Cannot read IP mode file for STMicroelectronics.FP-ATR-SIGFOX1.3.2.0
2023-09-25 21:16:53,540 [WARN] PackLoader:240 - Cannot read IP mode file for STMicroelectronics.FP-SNS-FLIGHT1.5.0.2
2023-09-25 21:16:53,627 [WARN] PackLoader:240 - Cannot read IP mode file for STMicroelectronics.FP-SNS-MOTENV1.4.3.2
2023-09-25 21:16:53,720 [WARN] PackLoader:240 - Cannot read IP mode file for STMicroelectronics.FP-SNS-SMARTAG2.1.2.0
2023-09-25 21:16:53,807 [WARN] PackLoader:240 - Cannot read IP mode file for STMicroelectronics.X-CUBE-AI.8.1.0
2023-09-25 21:16:53,896 [WARN] PackLoader:240 - Cannot read IP mode file for STMicroelectronics.X-CUBE-ALS.1.0.1
2023-09-25 21:16:53,977 [WARN] PackLoader:240 - Cannot read IP mode file for STMicroelectronics.X-CUBE-BLE1.7.0.0
2023-09-25 21:16:54,022 [WARN] PackLoader:240 - Cannot read IP mode file for STMicroelectronics.X-CUBE-BLE2.3.3.0
2023-09-25 21:16:54,120 [WARN] PackLoader:240 - Cannot read IP mode file for STMicroelectronics.X-CUBE-BLEMGR.2.0.0
2023-09-25 21:16:54,197 [WARN] PackLoader:240 - Cannot read IP mode file for STMicroelectronics.X-CUBE-DISPLAY.3.0.0
2023-09-25 21:16:54,242 [WARN] PackLoader:240 - Cannot read IP mode file for STMicroelectronics.X-CUBE-EEPRMA1.4.1.0
2023-09-25 21:16:54,335 [WARN] PackLoader:240 - Cannot read IP mode file for STMicroelectronics.X-CUBE-FREERTOS.1.1.0
2023-09-25 21:16:54,421 [WARN] PackLoader:240 - Cannot read IP mode file for STMicroelectronics.X-CUBE-GNSS1.6.0.0
2023-09-25 21:16:54,503 [WARN] PackLoader:240 - Cannot read IP mode file for STMicroelectronics.X-CUBE-ISPU.1.1.0
2023-09-25 21:16:54,691 [WARN] PackLoader:240 - Cannot read IP mode file for STMicroelectronics.X-CUBE-MEMS1.9.6.0
2023-09-25 21:16:55,205 [WARN] PackLoader:240 - Cannot read IP mode file for STMicroelectronics.X-CUBE-NFC4.3.0.0
2023-09-25 21:16:55,226 [WARN] PackLoader:240 - Cannot read IP mode file for STMicroelectronics.X-CUBE-NFC6.3.0.0
2023-09-25 21:16:55,488 [WARN] PackLoader:240 - Cannot read IP mode file for STMicroelectronics.X-CUBE-NFC7.1.0.1
2023-09-25 21:16:55,505 [WARN] PackLoader:240 - Cannot read IP mode file for STMicroelectronics.X-CUBE-SFXS2LP1.4.0.0
2023-09-25 21:16:55,607 [WARN] PackLoader:240 - Cannot read IP mode file for STMicroelectronics.X-CUBE-SUBG2.5.0.0
2023-09-25 21:16:55,641 [WARN] PackLoader:240 - Cannot read IP mode file for STMicroelectronics.X-CUBE-SMBUS.2.1.0
2023-09-25 21:16:55,696 [WARN] PackLoader:240 - Cannot read IP mode file for STMicroelectronics.X-CUBE-TOF1.3.3.1
2023-09-25 21:16:55,760 [WARN] PackLoader:240 - Cannot read IP mode file for STMicroelectronics.X-CUBE-SMBUS.2.1.0
2023-09-25 21:16:55,865 [WARN] PackLoader:240 - Cannot read IP mode file for STMicroelectronics.X-CUBE-TOUCHGFX.4.22.0
2023-09-25 21:16:55,873 [WARN] PackLoader:240 - Cannot read IP mode file for STMicroelectronics.X-CUBE-ALGOBUILD.1.3.0
2023-09-25 21:16:55,903 [WARN] ConditionMgr:438 - getConditionDescription Invalid condition id : UX DEVICE CLASS RTOS Condition cause : null
2023-09-25 21:16:55,903 [WARN] ConditionMgr:438 - getConditionDescription Invalid condition id : UX DEVICE CLASS RTOS Condition cause : null
2023-09-25 21:16:55,911 [WARN] PackLoader:240 - Cannot read IP mode file for STMicroelectronics.X-CUBE-AZRTOS-F7.1.1.0
2023-09-25 21:16:55,927 [WARN] PackLoader:240 - Cannot read IP mode file for STMicroelectronics.X-CUBE-AZRTOS-H7.3.1.0
2023-09-25 21:16:55,928 [WARN] ConditionMgr:1039 - genDependencies : Invalid condition id : UX DEVICE CLASS RTOS Condition cause : null
2023-09-25 21:16:55,928 [WARN] ConditionMgr:1039 - genDependencies : Invalid condition id : UX DEVICE CLASS RTOS Condition cause : null
2023-09-25 21:16:55,929 [WARN] ConditionMgr:1039 - genDependencies : Invalid condition id : UX DEVICE CLASS RTOS Condition cause : null
2023-09-25 21:16:55,930 [WARN] ConditionMgr:1039 - genDependencies : Invalid condition id : UX DEVICE CLASS RTOS Condition cause : null
2023-09-25 21:16:55,930 [WARN] ConditionMgr:1039 - genDependencies : Invalid condition id : UX DEVICE CLASS RTOS Condition cause : null
2023-09-25 21:16:56,005 [WARN] PackLoader:240 - Cannot read IP mode file for STMicroelectronics.FP-SNS-MOTENV1.4.3.2
2023-09-25 21:16:56,019 [WARN] PackLoader:240 - Cannot read IP mode file for STMicroelectronics.FP-SNS-FLIGHT1.5.0.2
2023-09-25 21:16:56,027 [WARN] PackLoader:240 - Cannot read IP mode file for STMicroelectronics.X-CUBE-AZRTOS-F4.1.1.0
2023-09-25 21:16:56,030 [WARN] PackLoader:240 - Cannot read IP mode file for STMicroelectronics.X-CUBE-DISPLAY.3.0.0
2023-09-25 21:16:56,095 [WARN] PackLoader:240 - Cannot read IP mode file for STMicroelectronics.X-CUBE-BLE1.7.0.0
2023-09-25 21:16:56,124 [WARN] PackLoader:240 - Cannot read IP mode file for STMicroelectronics.X-CUBE-AZRTOS-F7.1.1.0
2023-09-25 21:16:56,143 [WARN] PackLoader:240 - Cannot read IP mode file for emotas.I-CUBE-CANOPEN.1.3.0
2023-09-25 21:16:56,146 [WARN] PackLoader:240 - Cannot read IP mode file for STMicroelectronics.X-CUBE-TOUCHGFX.4.22.0
2023-09-25 21:16:56,154 [WARN] PackLoader:240 - Cannot read IP mode file for STMicroelectronics.FP-SNS-SMARTAG2.1.2.0
2023-09-25 21:16:56,184 [WARN] ConditionMgr:438 - getConditionDescription Invalid condition id : LAN8742 Phy interface Condition cause : null
2023-09-25 21:16:56,185 [WARN] PackLoader:240 - Cannot read IP mode file for STMicroelectronics.X-CUBE-AZRTOS-L4.2.0.0
2023-09-25 21:16:56,188 [WARN] ConditionMgr:1039 - genDependencies : Invalid condition id : LAN8742 Phy interface Condition cause : null
2023-09-25 21:16:56,192 [WARN] ConditionMgr:1039 - genDependencies : Invalid condition id : LAN8742 Phy interface Condition cause : null
2023-09-25 21:16:56,193 [WARN] ConditionMgr:1039 - genDependencies : Invalid condition id : LAN8742 Phy interface Condition cause : null
2023-09-25 21:16:56,234 [INFO] LogOutputStream:77 - [STDOUT_REDIRECT] 1 : Invalid condition id : UX_CORESTACK_Condition cause : null
2023-09-25 21:16:56,235 [INFO] LogOutputStream:77 - [STDOUT_REDIRECT] 1 : Invalid condition id : UX_CORESTACK_Condition cause : null
2023-09-25 21:16:56,237 [INFO] LogOutputStream:77 - [STDOUT_REDIRECT] 1 : Invalid condition id : UX_CORESTACK_Condition cause : null
2023-09-25 21:16:56,241 [INFO] LogOutputStream:77 - [STDOUT_REDIRECT] 1 : Invalid condition id : UX_CORESTACK_Condition cause : null
2023-09-25 21:16:56,244 [INFO] LogOutputStream:77 - [STDOUT_REDIRECT] 1 : Invalid condition id : UX_CORESTACK_Condition cause : null
2023-09-25 21:16:56,250 [WARN] PackLoader:240 - Cannot read IP mode file for STMicroelectronics.X-CUBE-AZRTOS-WL.2.0.0
2023-09-25 21:16:56,254 [WARN] PackLoader:240 - Cannot read IP mode file for STMicroelectronics.X-CUBE-AZRTOS-L5.2.0.0
2023-09-25 21:16:56,358 [WARN] PackLoader:240 - Cannot read IP mode file for WES.I-CUBE-Cesium.1.3.0
2023-09-25 21:16:56,365 [WARN] PackLoader:240 - Cannot read IP mode file for STMicroelectronics.X-CUBE-BLE2.3.3.0
2023-09-25 21:16:56,381 [WARN] PackLoader:240 - Cannot read IP mode file for STMicroelectronics.X-CUBE-AZRTOS-G0.1.1.0
2023-09-25 21:16:56,445 [WARN] PackLoader:240 - Cannot read IP mode file for STMicroelectronics.X-CUBE-ALGOBUILD.1.3.0
2023-09-25 21:16:56,476 [WARN] PackLoader:240 - Cannot read IP mode file for STMicroelectronics.X-CUBE-AZRTOS-G0.1.1.0
2023-09-25 21:16:56,878 [WARN] PackLoader:240 - Cannot read IP mode file for STMicroelectronics.X-CUBE-AZRTOS-G4.2.0.0
2023-09-25 21:16:56,962 [WARN] PackLoader:240 - Cannot read IP mode file for STMicroelectronics.X-CUBE-NFC4.3.0.0
2023-09-25 21:16:57,078 [WARN] PackLoader:240 - Cannot read IP mode file for STMicroelectronics.FP-ATR-SIGFOX1.3.2.0
2023-09-25 21:16:57,091 [WARN] ConditionMgr:438 - getConditionDescription Invalid condition id : UX DEVICE CLASS RTOS Condition cause : null
2023-09-25 21:16:57,092 [WARN] ConditionMgr:438 - getConditionDescription Invalid condition id : UX DEVICE CLASS RTOS Condition cause : null
2023-09-25 21:16:57,096 [WARN] PackLoader:240 - Cannot read IP mode file for STMicroelectronics.X-CUBE-AZRTOS-WB.2.0.0
2023-09-25 21:16:57,096 [WARN] ConditionMgr:1039 - genDependencies : Invalid condition id : UX DEVICE CLASS RTOS Condition cause : null
2023-09-25 21:16:57,097 [WARN] ConditionMgr:1039 - genDependencies : Invalid condition id : UX DEVICE CLASS RTOS Condition cause : null
2023-09-25 21:16:57,097 [WARN] ConditionMgr:1039 - genDependencies : Invalid condition id : UX DEVICE CLASS RTOS Condition cause : null
2023-09-25 21:16:57,098 [WARN] ConditionMgr:1039 - genDependencies : Invalid condition id : UX DEVICE CLASS RTOS Condition cause : null
2023-09-25 21:16:57,098 [WARN] ConditionMgr:1039 - genDependencies : Invalid condition id : UX DEVICE CLASS RTOS Condition cause : null
2023-09-25 21:16:57,116 [INFO] LogOutputStream:77 - [STDOUT_REDIRECT] 1 : Invalid condition id : UX_CORESTACK_Condition cause : null
2023-09-25 21:16:57,119 [INFO] LogOutputStream:77 - [STDOUT_REDIRECT] 1 : Invalid condition id : UX_CORESTACK_Condition cause : null
2023-09-25 21:16:57,122 [INFO] LogOutputStream:77 - [STDOUT_REDIRECT] 1 : Invalid condition id : UX_CORESTACK_Condition cause : null
2023-09-25 21:16:57,142 [INFO] LogOutputStream:77 - [STDOUT_REDIRECT] 1 : Invalid condition id : UX_CORESTACK_Condition cause : null
2023-09-25 21:16:57,145 [INFO] LogOutputStream:77 - [STDOUT_REDIRECT] 1 : Invalid condition id : UX_CORESTACK_Condition cause : null
2023-09-25 21:16:57,148 [WARN] PackLoader:240 - Cannot read IP mode file for STMicroelectronics.X-CUBE-AZRTOS-WL.2.0.0
2023-09-25 21:16:57,290 [WARN] PackLoader:240 - Cannot read IP mode file for SEGGER.I-CUBE-embOS.1.3.1
2023-09-25 21:16:57,330 [WARN] PackLoader:240 - Cannot read IP mode file for wolfSSL.I-CUBE-wolfSSL.5.6.3
2023-09-25 21:16:57,534 [WARN] PackLoader:240 - Cannot read IP mode file for SEGGER.I-CUBE-embOS.1.3.1
2023-09-25 21:16:57,667 [WARN] PackLoader:240 - Cannot read IP mode file for STMicroelectronics.X-CUBE-GNSS1.6.0.0
2023-09-25 21:16:57,728 [WARN] PackLoader:240 - Cannot read IP mode file for STMicroelectronics.X-CUBE-AZRTOS-F4.1.1.0
2023-09-25 21:16:57,760 [WARN] PackLoader:240 - Cannot read IP mode file for wolfSSL.I-CUBE-wolfSSL.5.6.3
2023-09-25 21:16:57,786 [WARN] PackLoader:240 - Cannot read IP mode file for STMicroelectronics.X-CUBE-AZRTOS-L5.2.0.0
2023-09-25 21:16:57,903 [WARN] PackLoader:240 - Cannot read IP mode file for portGmbH.I-Cube-SoM-uGOAL.1.1.0
2023-09-25 21:16:57,948 [WARN] PackLoader:240 - Cannot read IP mode file for emotas.I-CUBE-CANOPEN.1.3.0
2023-09-25 21:16:58,023 [WARN] PackLoader:240 - Cannot read IP mode file for STMicroelectronics.X-CUBE-MEMS1.9.6.0
2023-09-25 21:16:58,046 [WARN] PackLoader:240 - Cannot read IP mode file for WES.I-CUBE-Cesium.1.3.0
2023-09-25 21:16:58,047 [INFO] PopulateThirdPartyThread:66 - Ending populate Thread
2023-09-25 21:16:58,051 [INFO] ThirdParty:1030 - CMSIS Pack Vendor :STMicroelectronics X-CUBE-ISPU 1.1.0
2023-09-25 21:16:58,053 [INFO] ThirdParty:1030 - CMSIS Pack Vendor :STMicroelectronics X-CUBE-DISPLAY 3.0.0
2023-09-25 21:16:58,054 [INFO] ThirdParty:1030 - CMSIS Pack Vendor :STMicroelectronics X-CUBE-GNSS1 6.0.0
2023-09-25 21:16:58,054 [INFO] ThirdParty:1030 - CMSIS Pack Vendor :STMicroelectronics X-CUBE-AZRTOS-F4 1.1.0
2023-09-25 21:16:58,054 [INFO] ThirdParty:1030 - CMSIS Pack Vendor :STMicroelectronics FP-ATR-SIGFOX1 3.2.0
2023-09-25 21:16:58,054 [INFO] ThirdParty:1030 - CMSIS Pack Vendor :STMicroelectronics X-CUBE-BLE1 7.0.0
2023-09-25 21:16:58,054 [INFO] ThirdParty:1030 - CMSIS Pack Vendor :wolfSSL I-CUBE-wolfSSL 5.6.3
2023-09-25 21:16:58,054 [INFO] ThirdParty:1030 - CMSIS Pack Vendor :STMicroelectronics X-CUBE-SMBUS 2.1.0
2023-09-25 21:16:58,055 [INFO] ThirdParty:1030 - CMSIS Pack Vendor :STMicroelectronics X-CUBE-AZRTOS-WB 2.0.0
2023-09-25 21:16:58,055 [INFO] ThirdParty:1030 - CMSIS Pack Vendor :emotas I-CUBE-CANOPEN 1.3.0
2023-09-25 21:16:58,055 [INFO] ThirdParty:1030 - CMSIS Pack Vendor :STMicroelectronics X-CUBE-FREERTOS 1.1.0
2023-09-25 21:16:58,055 [INFO] ThirdParty:1030 - CMSIS Pack Vendor :STMicroelectronics X-CUBE-NFC7 1.0.1
2023-09-25 21:16:58,055 [INFO] ThirdParty:1030 - CMSIS Pack Vendor :STMicroelectronics X-CUBE-TOUCHGFX 4.22.0
2023-09-25 21:16:58,055 [INFO] ThirdParty:1030 - CMSIS Pack Vendor :STMicroelectronics X-CUBE-AZRTOS-F7 1.1.0
2023-09-25 21:16:58,055 [INFO] ThirdParty:1030 - CMSIS Pack Vendor :STMicroelectronics X-CUBE-AZRTOS-L5 2.0.0
2023-09-25 21:16:58,055 [INFO] ThirdParty:1030 - CMSIS Pack Vendor :STMicroelectronics X-CUBE-NFC6 3.0.0
2023-09-25 21:16:58,055 [INFO] ThirdParty:1030 - CMSIS Pack Vendor :STMicroelectronics X-CUBE-ALS 1.0.1
2023-09-25 21:16:58,057 [INFO] ThirdParty:1030 - CMSIS Pack Vendor :STMicroelectronics X-CUBE-EEPRMA1 4.1.0
2023-09-25 21:16:58,059 [INFO] ThirdParty:1030 - CMSIS Pack Vendor :portGmbH I-Cube-SoM-uGOAL 1.1.0
2023-09-25 21:16:58,062 [INFO] ThirdParty:1030 - CMSIS Pack Vendor :STMicroelectronics X-CUBE-MEMS1 9.6.0
2023-09-25 21:16:58,062 [INFO] ThirdParty:1030 - CMSIS Pack Vendor :STMicroelectronics FP-SNS-SMARTAG2 1.2.0
2023-09-25 21:16:58,062 [INFO] ThirdParty:1030 - CMSIS Pack Vendor :STMicroelectronics FP-SNS-MOTENV1 4.3.2
2023-09-25 21:16:58,062 [INFO] ThirdParty:1030 - CMSIS Pack Vendor :STMicroelectronics X-CUBE-ALGOBUILD 1.3.0
2023-09-25 21:16:58,063 [INFO] ThirdParty:1030 - CMSIS Pack Vendor :STMicroelectronics X-CUBE-AZRTOS-WL 2.0.0
2023-09-25 21:16:58,064 [INFO] ThirdParty:1030 - CMSIS Pack Vendor :SEGGER I-CUBE-embOS 1.3.1
2023-09-25 21:16:58,064 [INFO] ThirdParty:1030 - CMSIS Pack Vendor :STMicroelectronics X-CUBE-AZRTOS-G0 1.1.0
2023-09-25 21:16:58,064 [INFO] ThirdParty:1030 - CMSIS Pack Vendor :STMicroelectronics X-CUBE-AI 8.1.0
2023-09-25 21:16:58,065 [INFO] ThirdParty:1030 - CMSIS Pack Vendor :STMicroelectronics X-CUBE-BLEMGR 2.0.0
2023-09-25 21:16:58,065 [INFO] ThirdParty:1030 - CMSIS Pack Vendor :STMicroelectronics X-CUBE-NFC4 3.0.0
2023-09-25 21:16:58,065 [INFO] ThirdParty:1030 - CMSIS Pack Vendor :STMicroelectronics X-CUBE-SUBG2 5.0.0
2023-09-25 21:16:58,065 [INFO] ThirdParty:1030 - CMSIS Pack Vendor :STMicroelectronics X-CUBE-AZRTOS-L4 2.0.0
2023-09-25 21:16:58,065 [INFO] ThirdParty:1030 - CMSIS Pack Vendor :STMicroelectronics FP-ATR-ASTRA1 2.0.0
2023-09-25 21:16:58,065 [INFO] ThirdParty:1030 - CMSIS Pack Vendor :WES I-CUBE-Cesium 1.3.0
2023-09-25 21:16:58,065 [INFO] ThirdParty:1030 - CMSIS Pack Vendor :STMicroelectronics X-CUBE-SFXS2LP1 4.0.0
2023-09-25 21:16:58,065 [INFO] ThirdParty:1030 - CMSIS Pack Vendor :STMicroelectronics FP-SNS-FLIGHT1 5.0.2
2023-09-25 21:16:58,065 [INFO] ThirdParty:1030 - CMSIS Pack Vendor :STMicroelectronics X-CUBE-BLE2 3.3.0
2023-09-25 21:16:58,065 [INFO] ThirdParty:1030 - CMSIS Pack Vendor :STMicroelectronics X-CUBE-TOF1 3.3.1
2023-09-25 21:16:58,065 [INFO] ThirdParty:1030 - CMSIS Pack Vendor :STMicroelectronics X-CUBE-AZRTOS-G4 2.0.0
2023-09-25 21:16:58,065 [INFO] ThirdParty:1030 - CMSIS Pack Vendor :STMicroelectronics X-CUBE-AZRTOS-H7 3.1.0
2023-09-25 21:16:58,066 [INFO] LoadServerUpdatesThread:373 - End of LoadServerUpdate Thread
2023-09-25 21:16:58,413 [WARN] PackLoader:240 - Cannot read IP mode file for STMicroelectronics.X-CUBE-BLEMGR.2.0.0
2023-09-25 21:16:58,439 [WARN] ConditionMgr:438 - getConditionDescription Invalid condition id : UX DEVICE CLASS RTOS Condition cause : null
2023-09-25 21:16:58,440 [WARN] ConditionMgr:438 - getConditionDescription Invalid condition id : UX DEVICE CLASS RTOS Condition cause : null
2023-09-25 21:16:58,476 [WARN] PackLoader:240 - Cannot read IP mode file for STMicroelectronics.X-CUBE-AZRTOS-H7.3.1.0
2023-09-25 21:16:58,477 [WARN] ConditionMgr:1039 - genDependencies : Invalid condition id : UX DEVICE CLASS RTOS Condition cause : null
2023-09-25 21:16:58,477 [WARN] ConditionMgr:1039 - genDependencies : Invalid condition id : UX DEVICE CLASS RTOS Condition cause : null
2023-09-25 21:16:58,478 [WARN] ConditionMgr:1039 - genDependencies : Invalid condition id : UX DEVICE CLASS RTOS Condition cause : null
2023-09-25 21:16:58,479 [WARN] ConditionMgr:1039 - genDependencies : Invalid condition id : UX DEVICE CLASS RTOS Condition cause : null
2023-09-25 21:16:58,479 [WARN] ConditionMgr:1039 - genDependencies : Invalid condition id : UX DEVICE CLASS RTOS Condition cause : null
2023-09-25 21:16:58,572 [WARN] PackLoader:240 - Cannot read IP mode file for STMicroelectronics.X-CUBE-NFC7.1.0.1
2023-09-25 21:16:58,619 [WARN] PackLoader:240 - Cannot read IP mode file for STMicroelectronics.X-CUBE-NFC6.3.0.0
2023-09-25 21:16:58,640 [WARN] PackLoader:240 - Cannot read IP mode file for STMicroelectronics.X-CUBE-EEPRMA1.4.1.0
2023-09-25 21:16:58,749 [WARN] PackLoader:240 - Cannot read IP mode file for STMicroelectronics.X-CUBE-AI.8.1.0
2023-09-25 21:16:58,778 [WARN] ConditionMgr:438 - getConditionDescription Invalid condition id : LAN8742 Phy interface Condition cause : null
2023-09-25 21:16:58,778 [WARN] PackLoader:240 - Cannot read IP mode file for STMicroelectronics.X-CUBE-AZRTOS-L4.2.0.0
2023-09-25 21:16:58,782 [WARN] ConditionMgr:1039 - genDependencies : Invalid condition id : LAN8742 Phy interface Condition cause : null
2023-09-25 21:16:58,782 [WARN] ConditionMgr:1039 - genDependencies : Invalid condition id : LAN8742 Phy interface Condition cause : null
2023-09-25 21:16:58,783 [WARN] ConditionMgr:1039 - genDependencies : Invalid condition id : LAN8742 Phy interface Condition cause : null
2023-09-25 21:16:58,915 [WARN] PackLoader:240 - Cannot read IP mode file for STMicroelectronics.X-CUBE-SFXS2LP1.4.0.0
2023-09-25 21:16:59,083 [WARN] PackLoader:240 - Cannot read IP mode file for STMicroelectronics.X-CUBE-ISPU.1.1.0
2023-09-25 21:16:59,098 [WARN] ConditionMgr:438 - getConditionDescription Invalid condition id : UX DEVICE CLASS RTOS Condition cause : null
2023-09-25 21:16:59,099 [WARN] ConditionMgr:438 - getConditionDescription Invalid condition id : UX DEVICE CLASS RTOS Condition cause : null
2023-09-25 21:16:59,102 [WARN] PackLoader:240 - Cannot read IP mode file for STMicroelectronics.X-CUBE-AZRTOS-WB.2.0.0
2023-09-25 21:16:59,103 [WARN] ConditionMgr:1039 - genDependencies : Invalid condition id : UX DEVICE CLASS RTOS Condition cause : null
2023-09-25 21:16:59,103 [WARN] ConditionMgr:1039 - genDependencies : Invalid condition id : UX DEVICE CLASS RTOS Condition cause : null
2023-09-25 21:16:59,104 [WARN] ConditionMgr:1039 - genDependencies : Invalid condition id : UX DEVICE CLASS RTOS Condition cause : null
2023-09-25 21:16:59,104 [WARN] ConditionMgr:1039 - genDependencies : Invalid condition id : UX DEVICE CLASS RTOS Condition cause : null
2023-09-25 21:16:59,104 [WARN] ConditionMgr:1039 - genDependencies : Invalid condition id : UX DEVICE CLASS RTOS Condition cause : null
2023-09-25 21:16:59,215 [WARN] PackLoader:240 - Cannot read IP mode file for STMicroelectronics.X-CUBE-SUBG2.5.0.0
2023-09-25 21:16:59,342 [WARN] PackLoader:240 - Cannot read IP mode file for STMicroelectronics.X-CUBE-TOF1.3.3.1
2023-09-25 21:16:59,394 [WARN] PackLoader:240 - Cannot read IP mode file for STMicroelectronics.X-CUBE-AZRTOS-G4.2.0.0
2023-09-25 21:16:59,428 [WARN] PackLoader:240 - Cannot read IP mode file for STMicroelectronics.X-CUBE-FREERTOS.1.1.0
2023-09-25 21:16:59,437 [WARN] PackLoader:240 - Cannot read IP mode file for portGmbH.I-Cube-SoM-uGOAL.1.1.0
2023-09-25 21:16:59,445 [WARN] PackLoader:240 - Cannot read IP mode file for STMicroelectronics.X-CUBE-ALS.1.0.1
2023-09-25 21:16:59,457 [WARN] PackLoader:240 - Cannot read IP mode file for STMicroelectronics.FP-ATR-ASTRA1.2.0.0
2023-09-25 21:16:59,460 [INFO] ThirdParty:978 - Integrity check success = true
2023-09-25 21:16:59,460 [INFO] IntegrityCheckThread:100 - exiting critical section [integrity check]
2023-09-25 21:16:59,460 [INFO] IntegrityCheckThread:103 - End integrity checks thread
2023-09-25 21:17:00,389 [INFO] WebApp:157 - Instantiating new browser for Auth
2023-09-25 21:17:04,374 [INFO] WebApp:753 - Register for checkConnection events
2023-09-25 21:17:04,375 [INFO] WebApp:390 - Apply proxy settings
2023-09-25 21:17:04,375 [INFO] WebApp:475 - Chromium requires no authentication
2023-09-25 21:17:04,393 [INFO] WebApp:418 - Direct internet connection detected
2023-09-25 21:17:05,503 [INFO] WebApp:188 - Starting web application
2023-09-25 21:17:05,503 [INFO] WebApp:520 - Web application path used C:\ST\STM32CubeIDE_1.13.2\STM32CubeIDE\plugins\com.st.stm32cube.common.mx_6.9.2.202309101412\db\plugins\mcufinder\reactClient1\index.html
2023-09-25 21:17:27,751 [ERROR] LogOutputStream:75 - [STDERR_REDIRECT] SLF4J: Failed to load class "org.slf4j.impl.StaticLoggerBinder".
2023-09-25 21:17:27,752 [ERROR] LogOutputStream:75 - [STDERR_REDIRECT] SLF4J: Defaulting to no-operation (NOP) logger implementation
2023-09-25 21:17:27,756 [ERROR] LogOutputStream:75 - [STDERR_REDIRECT] SLF4J: See http://www.slf4j.org/codes.html#StaticLoggerBinder for further details.
2023-09-25 21:18:18,149 [INFO] Activator:176 - 


2023-09-25 21:18:18,154 [INFO] Activator:177 - !SESSION log4j initialized
2023-09-25 21:18:28,899 [INFO] LogOutputStream:77 - [STDOUT_REDIRECT] 
2023-09-25 21:18:32,268 [INFO] ApplicationProperties:184 - Using Application install path: C:\ST\STM32CubeIDE_1.13.2\STM32CubeIDE\plugins\com.st.stm32cube.common.mx_6.9.2.202309101412
2023-09-25 21:18:32,321 [INFO] DbMcusXml:78 - Set database path to: C:\ST\STM32CubeIDE_1.13.2\STM32CubeIDE\plugins\com.st.stm32cube.common.mx_6.9.2.202309101412\\db\/mcu/
2023-09-25 21:18:32,323 [INFO] ApiDb:274 - Set plugin database path to: C:\ST\STM32CubeIDE_1.13.2\STM32CubeIDE\plugins\com.st.stm32cube.common.mx_6.9.2.202309101412\\db\/plugins/boardmanager/
2023-09-25 21:18:32,324 [WARN] ApiDb:259 - Overriding images path with different value:  => C:\ST\STM32CubeIDE_1.13.2\STM32CubeIDE\plugins\com.st.stm32cube.common.mx_6.9.2.202309101412\\db\/plugins/mcufinder/images/
2023-09-25 21:18:32,345 [INFO] ApiDb:250 - Set database path to: C:\Users\ayome\.stmcufinder\plugins\mcufinder//mcu/
2023-09-25 21:18:32,348 [INFO] DbMcusAds:125 - Set database path to: C:\Users\ayome\.stmcufinder\plugins\mcufinder//mcu/
2023-09-25 21:18:32,354 [INFO] CrossReferenceDbSqlite:203 - Set database path to: C:\Users\ayome\.stmcufinder\plugins\mcufinder//mcu/cs/
2023-09-25 21:18:32,710 [INFO] RulesReader:64 - Compatibility file has been processed (293 Rules)
2023-09-25 21:18:32,948 [INFO] DbMcusXml:78 - Set database path to: C:\ST\STM32CubeIDE_1.13.2\STM32CubeIDE\plugins\com.st.stm32cube.common.mx_6.9.2.202309101412\\db\/mcu/
2023-09-25 21:18:32,948 [INFO] ApiDb:274 - Set plugin database path to: C:\ST\STM32CubeIDE_1.13.2\STM32CubeIDE\plugins\com.st.stm32cube.common.mx_6.9.2.202309101412\\db\/plugins/boardmanager/
2023-09-25 21:18:32,949 [INFO] ApiDb:261 - Set plugin images path to: C:\ST\STM32CubeIDE_1.13.2\STM32CubeIDE\plugins\com.st.stm32cube.common.mx_6.9.2.202309101412\\db\/plugins/mcufinder/images/
2023-09-25 21:18:32,950 [WARN] DbFile:41 - Overriding database path with different value: C:\Users\ayome\.stmcufinder\plugins\mcufinder/ => C:\Users\ayome\.stmcufinder\plugins\mcufinder
2023-09-25 21:18:32,951 [INFO] ApiDb:250 - Set database path to: C:\Users\ayome\.stmcufinder\plugins\mcufinder//mcu/
2023-09-25 21:18:32,951 [WARN] DbFile:41 - Overriding database path with different value: C:\Users\ayome\.stmcufinder\plugins\mcufinder/ => C:\Users\ayome\.stmcufinder\plugins\mcufinder
2023-09-25 21:18:32,951 [INFO] DbMcusAds:125 - Set database path to: C:\Users\ayome\.stmcufinder\plugins\mcufinder//mcu/
2023-09-25 21:18:32,952 [WARN] DbFile:41 - Overriding database path with different value: C:\Users\ayome\.stmcufinder\plugins\mcufinder/ => C:\Users\ayome\.stmcufinder\plugins\mcufinder
2023-09-25 21:18:32,952 [WARN] DbFile:41 - Overriding database path with different value: C:\Users\ayome\.stmcufinder\plugins\mcufinder/ => C:\Users\ayome\.stmcufinder\plugins\mcufinder
2023-09-25 21:18:32,952 [INFO] CrossReferenceDbSqlite:203 - Set database path to: C:\Users\ayome\.stmcufinder\plugins\mcufinder//mcu/cs/
2023-09-25 21:18:33,153 [INFO] MainPanel:262 - HeapMemory: 268435456
2023-09-25 21:18:33,337 [INFO] DbMcusXml:78 - Set database path to: C:\ST\STM32CubeIDE_1.13.2\STM32CubeIDE\plugins\com.st.stm32cube.common.mx_6.9.2.202309101412\\db\/mcu/
2023-09-25 21:18:33,337 [INFO] ApiDb:274 - Set plugin database path to: C:\ST\STM32CubeIDE_1.13.2\STM32CubeIDE\plugins\com.st.stm32cube.common.mx_6.9.2.202309101412\\db\/plugins/boardmanager/
2023-09-25 21:18:33,337 [INFO] ApiDb:261 - Set plugin images path to: C:\ST\STM32CubeIDE_1.13.2\STM32CubeIDE\plugins\com.st.stm32cube.common.mx_6.9.2.202309101412\\db\/plugins/mcufinder/images/
2023-09-25 21:18:33,338 [WARN] DbFile:41 - Overriding database path with different value: C:\Users\ayome\.stmcufinder\plugins\mcufinder/ => C:\Users\ayome\.stmcufinder\plugins\mcufinder
2023-09-25 21:18:33,338 [INFO] ApiDb:250 - Set database path to: C:\Users\ayome\.stmcufinder\plugins\mcufinder//mcu/
2023-09-25 21:18:33,338 [WARN] DbFile:41 - Overriding database path with different value: C:\Users\ayome\.stmcufinder\plugins\mcufinder/ => C:\Users\ayome\.stmcufinder\plugins\mcufinder
2023-09-25 21:18:33,338 [INFO] DbMcusAds:125 - Set database path to: C:\Users\ayome\.stmcufinder\plugins\mcufinder//mcu/
2023-09-25 21:18:33,339 [WARN] DbFile:41 - Overriding database path with different value: C:\Users\ayome\.stmcufinder\plugins\mcufinder/ => C:\Users\ayome\.stmcufinder\plugins\mcufinder
2023-09-25 21:18:33,339 [WARN] DbFile:41 - Overriding database path with different value: C:\Users\ayome\.stmcufinder\plugins\mcufinder/ => C:\Users\ayome\.stmcufinder\plugins\mcufinder
2023-09-25 21:18:33,339 [INFO] CrossReferenceDbSqlite:203 - Set database path to: C:\Users\ayome\.stmcufinder\plugins\mcufinder//mcu/cs/
2023-09-25 21:18:33,374 [INFO] ApplicationProperties:184 - Using Application install path: C:\ST\STM32CubeIDE_1.13.2\STM32CubeIDE\plugins\com.st.stm32cube.common.mx_6.9.2.202309101412
2023-09-25 21:18:33,377 [INFO] PluginManage:196 - Search for loadable plugins [exclusion list=, ]
2023-09-25 21:18:33,380 [INFO] PluginManage:310 - Check plugin analytics
2023-09-25 21:18:34,078 [INFO] AnalyticsPlugin:253 - Accepted Software Licenses: 
2023-09-25 21:18:34,078 [INFO] AnalyticsPlugin:255 - Accepted CMSIS Pack Licenses: 
2023-09-25 21:18:34,079 [INFO] AnalyticsPlugin:257 - Accepted Firmware Licenses: 
2023-09-25 21:18:34,085 [INFO] PluginManage:359 - Loaded plugin analytics (category:tool,tabindex:-1)
2023-09-25 21:18:34,085 [INFO] PluginManage:310 - Check plugin cadmodel
2023-09-25 21:18:34,092 [INFO] CADModel:105 - Init CAD model plugin
2023-09-25 21:18:34,093 [INFO] PluginManage:359 - Loaded plugin cadmodel (category:power,tabindex:5)
2023-09-25 21:18:34,093 [INFO] PluginManage:310 - Check plugin clock
2023-09-25 21:18:34,114 [INFO] PluginManage:359 - Loaded plugin clock (category:base,tabindex:2)
2023-09-25 21:18:34,115 [INFO] PluginManage:310 - Check plugin ddr
2023-09-25 21:18:34,119 [INFO] PluginManage:359 - Loaded plugin ddr (category:tool,tabindex:6)
2023-09-25 21:18:34,120 [INFO] PluginManage:310 - Check plugin filemanager
2023-09-25 21:18:34,440 [INFO] PluginManage:359 - Loaded plugin filemanager (category:base,tabindex:10)
2023-09-25 21:18:34,440 [INFO] PluginManage:310 - Check plugin ipmanager
2023-09-25 21:18:34,477 [INFO] PluginManage:359 - Loaded plugin ipmanager (category:base,tabindex:5)
2023-09-25 21:18:34,478 [INFO] PluginManage:310 - Check plugin lpbam
2023-09-25 21:18:34,523 [INFO] PluginManage:359 - Loaded plugin lpbam (category:base,tabindex:0)
2023-09-25 21:18:34,523 [INFO] PluginManage:310 - Check plugin memorymap
2023-09-25 21:18:34,567 [INFO] PluginManage:359 - Loaded plugin memorymap (category:base,tabindex:4)
2023-09-25 21:18:34,568 [INFO] PluginManage:310 - Check plugin pinoutandconfiguration
2023-09-25 21:18:34,584 [INFO] PluginManage:359 - Loaded plugin pinoutandconfiguration (category:base,tabindex:1)
2023-09-25 21:18:34,584 [INFO] PluginManage:310 - Check plugin pinoutconfig
2023-09-25 21:18:34,871 [WARN] SupportedApi:132 - Cannot load RTOS API schema: s4s-elt-must-match.1: The content of 'definitions' must match (annotation?, (simpleType | complexType)?, (unique | key | keyref)*)). A problem was found starting at: attribute.
2023-09-25 21:18:35,233 [INFO] PluginManage:359 - Loaded plugin pinoutconfig (category:base,tabindex:0)
2023-09-25 21:18:35,233 [INFO] PluginManage:310 - Check plugin power
2023-09-25 21:18:35,254 [INFO] PluginManage:359 - Loaded plugin power (category:power,tabindex:4)
2023-09-25 21:18:35,255 [INFO] PluginManage:310 - Check plugin projectmanager
2023-09-25 21:18:35,357 [INFO] PluginManage:359 - Loaded plugin projectmanager (category:projectmanager,tabindex:3)
2023-09-25 21:18:35,357 [INFO] PluginManage:310 - Check plugin thirdparty
2023-09-25 21:18:35,596 [INFO] PluginManage:359 - Loaded plugin thirdparty (category:base,tabindex:-1)
2023-09-25 21:18:35,596 [INFO] PluginManage:310 - Check plugin tools
2023-09-25 21:18:35,600 [INFO] PluginManage:359 - Loaded plugin tools (category:base,tabindex:7)
2023-09-25 21:18:35,601 [INFO] PluginManage:310 - Check plugin tutovideos
2023-09-25 21:18:35,611 [WARN] IntegrityCheckThread:84 - waiting for thirdparty lock release [integrity check]
2023-09-25 21:18:35,642 [INFO] IntegrityCheckThread:86 - entering critical section [integrity check]
2023-09-25 21:18:35,651 [INFO] ThirdPartyUpdaterWithRetryManager:70 - Updater plugin not ready yet. [1/15]
2023-09-25 21:18:35,979 [INFO] PluginManage:359 - Loaded plugin tutovideos (category:base,tabindex:-1)
2023-09-25 21:18:35,980 [INFO] PluginManage:310 - Check plugin updater
2023-09-25 21:18:36,005 [INFO] PluginManage:359 - Loaded plugin updater (category:base,tabindex:12)
2023-09-25 21:18:36,007 [INFO] PluginManage:310 - Check plugin userauth
2023-09-25 21:18:36,022 [INFO] UserAuth:113 - Init User Auth plugin
2023-09-25 21:18:36,023 [INFO] PluginManage:359 - Loaded plugin userauth (category:base,tabindex:14)
2023-09-25 21:18:36,024 [INFO] PluginManage:283 - PluginManage : Loaded plugins [17]
2023-09-25 21:18:36,437 [INFO] PinOutPanel:1499 - setPackage(No Configuration,No Configuration)
2023-09-25 21:18:36,652 [INFO] CADModel:165 - CPN selected for project level
2023-09-25 21:18:36,653 [INFO] CADModel:114 - Register for checkConnection events
2023-09-25 21:18:36,681 [INFO] IPUIPlugin:80 - create IPUIPlugin
2023-09-25 21:18:36,681 [INFO] PluginManager:220 - loadIPPluginJar : add adc
2023-09-25 21:18:36,686 [INFO] IPUIPlugin:80 - create IPUIPlugin
2023-09-25 21:18:36,687 [INFO] PluginManager:220 - loadIPPluginJar : add aes
2023-09-25 21:18:36,692 [INFO] IPUIPlugin:80 - create IPUIPlugin
2023-09-25 21:18:36,692 [INFO] PluginManager:220 - loadIPPluginJar : add can
2023-09-25 21:18:36,695 [INFO] IPUIPlugin:80 - create IPUIPlugin
2023-09-25 21:18:36,696 [INFO] PluginManager:220 - loadIPPluginJar : add comp
2023-09-25 21:18:36,700 [INFO] IPUIPlugin:80 - create IPUIPlugin
2023-09-25 21:18:36,702 [INFO] PluginManager:220 - loadIPPluginJar : add cryp
2023-09-25 21:18:36,708 [INFO] IPUIPlugin:80 - create IPUIPlugin
2023-09-25 21:18:36,708 [INFO] PluginManager:220 - loadIPPluginJar : add dfsdm
2023-09-25 21:18:36,716 [INFO] IPUIPlugin:80 - create IPUIPlugin
2023-09-25 21:18:36,718 [INFO] PluginManager:220 - loadIPPluginJar : add dma
2023-09-25 21:18:36,722 [INFO] IPUIPlugin:80 - create IPUIPlugin
2023-09-25 21:18:36,723 [INFO] PluginManager:220 - loadIPPluginJar : add dma3
2023-09-25 21:18:36,725 [INFO] IPUIPlugin:80 - create IPUIPlugin
2023-09-25 21:18:36,725 [INFO] PluginManager:220 - loadIPPluginJar : add fatfs
2023-09-25 21:18:36,732 [INFO] IPUIPlugin:80 - create IPUIPlugin
2023-09-25 21:18:36,732 [INFO] PluginManager:220 - loadIPPluginJar : add fmc
2023-09-25 21:18:36,740 [INFO] IPUIPlugin:80 - create IPUIPlugin
2023-09-25 21:18:36,741 [INFO] PluginManager:220 - loadIPPluginJar : add freertos
2023-09-25 21:18:36,744 [INFO] IPUIPlugin:80 - create IPUIPlugin
2023-09-25 21:18:36,744 [INFO] PluginManager:220 - loadIPPluginJar : add genericplugin
2023-09-25 21:18:36,750 [INFO] IPUIPlugin:80 - create IPUIPlugin
2023-09-25 21:18:36,751 [INFO] PluginManager:220 - loadIPPluginJar : add gfxmmu
2023-09-25 21:18:36,760 [INFO] IPUIPlugin:80 - create IPUIPlugin
2023-09-25 21:18:36,761 [INFO] PluginManager:220 - loadIPPluginJar : add gic
2023-09-25 21:18:36,768 [INFO] IPUIPlugin:80 - create IPUIPlugin
2023-09-25 21:18:36,769 [INFO] PluginManager:220 - loadIPPluginJar : add gpio
2023-09-25 21:18:36,775 [INFO] IPUIPlugin:80 - create IPUIPlugin
2023-09-25 21:18:36,775 [INFO] PluginManager:220 - loadIPPluginJar : add gtzc
2023-09-25 21:18:36,780 [INFO] IPUIPlugin:80 - create IPUIPlugin
2023-09-25 21:18:36,781 [INFO] PluginManager:220 - loadIPPluginJar : add hash
2023-09-25 21:18:36,786 [INFO] IPUIPlugin:80 - create IPUIPlugin
2023-09-25 21:18:36,787 [INFO] PluginManager:220 - loadIPPluginJar : add i2c
2023-09-25 21:18:36,792 [INFO] IPUIPlugin:80 - create IPUIPlugin
2023-09-25 21:18:36,793 [INFO] PluginManager:220 - loadIPPluginJar : add i2s
2023-09-25 21:18:36,798 [INFO] IPUIPlugin:80 - create IPUIPlugin
2023-09-25 21:18:36,799 [INFO] PluginManager:220 - loadIPPluginJar : add i3c
2023-09-25 21:18:36,804 [INFO] IPUIPlugin:80 - create IPUIPlugin
2023-09-25 21:18:36,805 [INFO] PluginManager:220 - loadIPPluginJar : add ipddr
2023-09-25 21:18:36,818 [INFO] IPUIPlugin:80 - create IPUIPlugin
2023-09-25 21:18:36,818 [INFO] PluginManager:220 - loadIPPluginJar : add linkedlist
2023-09-25 21:18:36,822 [INFO] IPUIPlugin:80 - create IPUIPlugin
2023-09-25 21:18:36,823 [INFO] PluginManager:220 - loadIPPluginJar : add lorawan
2023-09-25 21:18:36,825 [INFO] IPUIPlugin:80 - create IPUIPlugin
2023-09-25 21:18:36,826 [INFO] PluginManager:220 - loadIPPluginJar : add ltdc
2023-09-25 21:18:36,835 [INFO] IPUIPlugin:80 - create IPUIPlugin
2023-09-25 21:18:36,836 [INFO] PluginManager:220 - loadIPPluginJar : add mdma
2023-09-25 21:18:36,846 [INFO] IPUIPlugin:80 - create IPUIPlugin
2023-09-25 21:18:36,846 [INFO] PluginManager:220 - loadIPPluginJar : add nvic
2023-09-25 21:18:36,851 [INFO] IPUIPlugin:80 - create IPUIPlugin
2023-09-25 21:18:36,851 [INFO] PluginManager:220 - loadIPPluginJar : add opamp
2023-09-25 21:18:36,856 [INFO] IPUIPlugin:80 - create IPUIPlugin
2023-09-25 21:18:36,857 [INFO] PluginManager:220 - loadIPPluginJar : add openamp
2023-09-25 21:18:36,863 [INFO] IPUIPlugin:80 - create IPUIPlugin
2023-09-25 21:18:36,864 [INFO] PluginManager:220 - loadIPPluginJar : add pdm2pcm
2023-09-25 21:18:36,875 [INFO] IPUIPlugin:80 - create IPUIPlugin
2023-09-25 21:18:36,880 [INFO] PluginManager:220 - loadIPPluginJar : add plateformsettings
2023-09-25 21:18:36,884 [INFO] IPUIPlugin:80 - create IPUIPlugin
2023-09-25 21:18:36,884 [INFO] PluginManager:220 - loadIPPluginJar : add quadspi
2023-09-25 21:18:36,891 [INFO] IPUIPlugin:80 - create IPUIPlugin
2023-09-25 21:18:36,891 [INFO] PluginManager:220 - loadIPPluginJar : add resmgrutility
2023-09-25 21:18:36,896 [INFO] IPUIPlugin:80 - create IPUIPlugin
2023-09-25 21:18:36,897 [INFO] PluginManager:220 - loadIPPluginJar : add sai
2023-09-25 21:18:36,901 [INFO] IPUIPlugin:80 - create IPUIPlugin
2023-09-25 21:18:36,902 [INFO] PluginManager:220 - loadIPPluginJar : add spi
2023-09-25 21:18:36,910 [INFO] IPUIPlugin:80 - create IPUIPlugin
2023-09-25 21:18:36,910 [INFO] PluginManager:220 - loadIPPluginJar : add stm32_wpan
2023-09-25 21:18:36,914 [INFO] IPUIPlugin:80 - create IPUIPlugin
2023-09-25 21:18:36,915 [INFO] PluginManager:220 - loadIPPluginJar : add tim
2023-09-25 21:18:36,922 [INFO] IPUIPlugin:80 - create IPUIPlugin
2023-09-25 21:18:36,922 [INFO] PluginManager:220 - loadIPPluginJar : add touchsensing
2023-09-25 21:18:36,926 [INFO] IPUIPlugin:80 - create IPUIPlugin
2023-09-25 21:18:36,926 [INFO] PluginManager:220 - loadIPPluginJar : add tracer_emb
2023-09-25 21:18:36,932 [INFO] IPUIPlugin:80 - create IPUIPlugin
2023-09-25 21:18:36,932 [INFO] PluginManager:220 - loadIPPluginJar : add ts
2023-09-25 21:18:36,938 [INFO] IPUIPlugin:80 - create IPUIPlugin
2023-09-25 21:18:36,938 [INFO] PluginManager:220 - loadIPPluginJar : add tsc
2023-09-25 21:18:36,942 [INFO] IPUIPlugin:80 - create IPUIPlugin
2023-09-25 21:18:36,942 [INFO] PluginManager:220 - loadIPPluginJar : add ucpd
2023-09-25 21:18:36,947 [INFO] IPUIPlugin:80 - create IPUIPlugin
2023-09-25 21:18:36,947 [INFO] PluginManager:220 - loadIPPluginJar : add usart
2023-09-25 21:18:36,955 [INFO] IPUIPlugin:80 - create IPUIPlugin
2023-09-25 21:18:36,955 [INFO] PluginManager:220 - loadIPPluginJar : add usbx
2023-09-25 21:18:37,240 [INFO] CADModel:165 - CPN selected for project level
2023-09-25 21:18:37,240 [INFO] CADModel:114 - Register for checkConnection events
2023-09-25 21:18:37,241 [FATAL] Updater:308 - Updater called before beeing initialized
2023-09-25 21:18:37,241 [ERROR] CADModel:125 - Updater not yet initialized, retry later 
2023-09-25 21:18:37,530 [INFO] CADModel:165 - CPN selected for project level
2023-09-25 21:18:37,530 [INFO] CADModel:114 - Register for checkConnection events
2023-09-25 21:18:37,530 [FATAL] Updater:308 - Updater called before beeing initialized
2023-09-25 21:18:37,530 [ERROR] CADModel:125 - Updater not yet initialized, retry later 
2023-09-25 21:18:37,537 [FATAL] Updater:308 - Updater called before beeing initialized
2023-09-25 21:18:37,789 [FATAL] Updater:308 - Updater called before beeing initialized
2023-09-25 21:18:37,802 [INFO] DbMcusAds:53 - JSON generation date=Thu Sep 30 08:55:09 CEST 2021 (1632984909247)
2023-09-25 21:18:37,802 [FATAL] Updater:308 - Updater called before beeing initialized
2023-09-25 21:18:37,880 [WARN] DetailPanel:346 - Failed to get advertising image, set to default
2023-09-25 21:18:38,026 [FATAL] Updater:308 - Updater called before beeing initialized
2023-09-25 21:18:38,028 [FATAL] Updater:308 - Updater called before beeing initialized
2023-09-25 21:18:38,029 [FATAL] Updater:308 - Updater called before beeing initialized
2023-09-25 21:18:38,029 [WARN] DetailPanel:346 - Failed to get advertising image, set to default
2023-09-25 21:18:38,030 [FATAL] Updater:308 - Updater called before beeing initialized
2023-09-25 21:18:38,110 [ERROR] Updater:1120 - MainUpdater not yet initialized. External WinMGr cannot be set.
2023-09-25 21:18:38,114 [INFO] Updater:1056 - Updater Version found : 6.9.2
2023-09-25 21:18:38,148 [INFO] ApplicationProperties:184 - Using Application install path: C:\ST\STM32CubeIDE_1.13.2\STM32CubeIDE\plugins\com.st.stm32cube.common.mx_6.9.2.202309101412
2023-09-25 21:18:38,326 [INFO] MainUpdater:2868 - connection check result : 10
2023-09-25 21:18:38,327 [INFO] MainUpdater:285 - Updater Check For Update Now.
2023-09-25 21:18:38,328 [INFO] MicroXplorer:498 - Change Database Version : DB.6.0.92
2023-09-25 21:18:38,340 [INFO] McuFinderGlobals:63 - Set McuFinder mode to 2 (CubeIDE integrated)
2023-09-25 21:18:38,340 [INFO] UserAuth:179 - activating auth plugin
2023-09-25 21:18:38,350 [INFO] UserAuth:393 - Internet connection configuration mode: 1
2023-09-25 21:18:38,410 [INFO] JxBrowserEngine:151 - Initiate JxBrowser Engine with user profile folder
2023-09-25 21:18:39,062 [INFO] CheckServerUpdateThread:120 - End of CheckServer Thread
2023-09-25 21:18:39,217 [WARN] PackLoader:240 - Cannot read IP mode file for STMicroelectronics.X-CUBE-SMBUS.2.1.0
2023-09-25 21:18:39,365 [WARN] PackLoader:240 - Cannot read IP mode file for STMicroelectronics.X-CUBE-AZRTOS-F7.1.1.0
2023-09-25 21:18:39,416 [WARN] PackLoader:240 - Cannot read IP mode file for STMicroelectronics.FP-SNS-MOTENV1.4.3.2
2023-09-25 21:18:39,429 [WARN] PackLoader:240 - Cannot read IP mode file for STMicroelectronics.FP-SNS-FLIGHT1.5.0.2
2023-09-25 21:18:39,454 [WARN] PackLoader:240 - Cannot read IP mode file for STMicroelectronics.X-CUBE-DISPLAY.3.0.0
2023-09-25 21:18:39,476 [WARN] PackLoader:240 - Cannot read IP mode file for STMicroelectronics.X-CUBE-BLE1.7.0.0
2023-09-25 21:18:39,521 [WARN] PackLoader:240 - Cannot read IP mode file for emotas.I-CUBE-CANOPEN.1.3.0
2023-09-25 21:18:39,615 [WARN] PackLoader:240 - Cannot read IP mode file for STMicroelectronics.X-CUBE-TOUCHGFX.4.22.0
2023-09-25 21:18:39,626 [WARN] PackLoader:240 - Cannot read IP mode file for STMicroelectronics.FP-SNS-SMARTAG2.1.2.0
2023-09-25 21:18:39,681 [INFO] LogOutputStream:77 - [STDOUT_REDIRECT] 1 : Invalid condition id : UX_CORESTACK_Condition cause : null
2023-09-25 21:18:39,682 [INFO] LogOutputStream:77 - [STDOUT_REDIRECT] 1 : Invalid condition id : UX_CORESTACK_Condition cause : null
2023-09-25 21:18:39,685 [INFO] LogOutputStream:77 - [STDOUT_REDIRECT] 1 : Invalid condition id : UX_CORESTACK_Condition cause : null
2023-09-25 21:18:39,689 [INFO] LogOutputStream:77 - [STDOUT_REDIRECT] 1 : Invalid condition id : UX_CORESTACK_Condition cause : null
2023-09-25 21:18:39,691 [INFO] LogOutputStream:77 - [STDOUT_REDIRECT] 1 : Invalid condition id : UX_CORESTACK_Condition cause : null
2023-09-25 21:18:39,699 [WARN] PackLoader:240 - Cannot read IP mode file for STMicroelectronics.X-CUBE-AZRTOS-WL.2.0.0
2023-09-25 21:18:39,728 [WARN] PackLoader:240 - Cannot read IP mode file for WES.I-CUBE-Cesium.1.3.0
2023-09-25 21:18:39,751 [WARN] PackLoader:240 - Cannot read IP mode file for STMicroelectronics.X-CUBE-BLE2.3.3.0
2023-09-25 21:18:39,816 [WARN] PackLoader:240 - Cannot read IP mode file for STMicroelectronics.X-CUBE-ALGOBUILD.1.3.0
2023-09-25 21:18:39,881 [WARN] PackLoader:240 - Cannot read IP mode file for STMicroelectronics.X-CUBE-AZRTOS-G0.1.1.0
2023-09-25 21:18:39,898 [WARN] PackLoader:240 - Cannot read IP mode file for STMicroelectronics.X-CUBE-NFC4.3.0.0
2023-09-25 21:18:39,912 [WARN] PackLoader:240 - Cannot read IP mode file for STMicroelectronics.FP-ATR-SIGFOX1.3.2.0
2023-09-25 21:18:39,998 [WARN] PackLoader:240 - Cannot read IP mode file for SEGGER.I-CUBE-embOS.1.3.1
2023-09-25 21:18:40,077 [WARN] PackLoader:240 - Cannot read IP mode file for STMicroelectronics.X-CUBE-GNSS1.6.0.0
2023-09-25 21:18:40,141 [WARN] PackLoader:240 - Cannot read IP mode file for STMicroelectronics.X-CUBE-AZRTOS-F4.1.1.0
2023-09-25 21:18:40,154 [WARN] PackLoader:240 - Cannot read IP mode file for wolfSSL.I-CUBE-wolfSSL.5.6.3
2023-09-25 21:18:40,186 [WARN] PackLoader:240 - Cannot read IP mode file for STMicroelectronics.X-CUBE-AZRTOS-L5.2.0.0
2023-09-25 21:18:40,346 [WARN] PackLoader:240 - Cannot read IP mode file for STMicroelectronics.X-CUBE-MEMS1.9.6.0
2023-09-25 21:18:40,706 [WARN] PackLoader:240 - Cannot read IP mode file for STMicroelectronics.X-CUBE-BLEMGR.2.0.0
2023-09-25 21:18:40,738 [WARN] ConditionMgr:438 - getConditionDescription Invalid condition id : UX DEVICE CLASS RTOS Condition cause : null
2023-09-25 21:18:40,739 [WARN] ConditionMgr:438 - getConditionDescription Invalid condition id : UX DEVICE CLASS RTOS Condition cause : null
2023-09-25 21:18:40,745 [WARN] PackLoader:240 - Cannot read IP mode file for STMicroelectronics.X-CUBE-AZRTOS-H7.3.1.0
2023-09-25 21:18:40,747 [WARN] ConditionMgr:1039 - genDependencies : Invalid condition id : UX DEVICE CLASS RTOS Condition cause : null
2023-09-25 21:18:40,747 [WARN] ConditionMgr:1039 - genDependencies : Invalid condition id : UX DEVICE CLASS RTOS Condition cause : null
2023-09-25 21:18:40,748 [WARN] ConditionMgr:1039 - genDependencies : Invalid condition id : UX DEVICE CLASS RTOS Condition cause : null
2023-09-25 21:18:40,749 [WARN] ConditionMgr:1039 - genDependencies : Invalid condition id : UX DEVICE CLASS RTOS Condition cause : null
2023-09-25 21:18:40,749 [WARN] ConditionMgr:1039 - genDependencies : Invalid condition id : UX DEVICE CLASS RTOS Condition cause : null
2023-09-25 21:18:40,769 [WARN] PackLoader:240 - Cannot read IP mode file for STMicroelectronics.X-CUBE-NFC7.1.0.1
2023-09-25 21:18:40,781 [WARN] PackLoader:240 - Cannot read IP mode file for STMicroelectronics.X-CUBE-NFC6.3.0.0
2023-09-25 21:18:40,793 [WARN] PackLoader:240 - Cannot read IP mode file for STMicroelectronics.X-CUBE-EEPRMA1.4.1.0
2023-09-25 21:18:40,801 [WARN] PackLoader:240 - Cannot read IP mode file for STMicroelectronics.X-CUBE-AI.8.1.0
2023-09-25 21:18:40,859 [WARN] ConditionMgr:438 - getConditionDescription Invalid condition id : LAN8742 Phy interface Condition cause : null
2023-09-25 21:18:40,861 [WARN] PackLoader:240 - Cannot read IP mode file for STMicroelectronics.X-CUBE-AZRTOS-L4.2.0.0
2023-09-25 21:18:40,864 [WARN] ConditionMgr:1039 - genDependencies : Invalid condition id : LAN8742 Phy interface Condition cause : null
2023-09-25 21:18:40,865 [WARN] ConditionMgr:1039 - genDependencies : Invalid condition id : LAN8742 Phy interface Condition cause : null
2023-09-25 21:18:40,866 [WARN] ConditionMgr:1039 - genDependencies : Invalid condition id : LAN8742 Phy interface Condition cause : null
2023-09-25 21:18:40,882 [WARN] PackLoader:240 - Cannot read IP mode file for STMicroelectronics.X-CUBE-SFXS2LP1.4.0.0
2023-09-25 21:18:40,894 [WARN] PackLoader:240 - Cannot read IP mode file for STMicroelectronics.X-CUBE-ISPU.1.1.0
2023-09-25 21:18:40,925 [WARN] ConditionMgr:438 - getConditionDescription Invalid condition id : UX DEVICE CLASS RTOS Condition cause : null
2023-09-25 21:18:40,926 [WARN] ConditionMgr:438 - getConditionDescription Invalid condition id : UX DEVICE CLASS RTOS Condition cause : null
2023-09-25 21:18:40,930 [WARN] PackLoader:240 - Cannot read IP mode file for STMicroelectronics.X-CUBE-AZRTOS-WB.2.0.0
2023-09-25 21:18:40,931 [WARN] ConditionMgr:1039 - genDependencies : Invalid condition id : UX DEVICE CLASS RTOS Condition cause : null
2023-09-25 21:18:40,931 [WARN] ConditionMgr:1039 - genDependencies : Invalid condition id : UX DEVICE CLASS RTOS Condition cause : null
2023-09-25 21:18:40,932 [WARN] ConditionMgr:1039 - genDependencies : Invalid condition id : UX DEVICE CLASS RTOS Condition cause : null
2023-09-25 21:18:40,933 [WARN] ConditionMgr:1039 - genDependencies : Invalid condition id : UX DEVICE CLASS RTOS Condition cause : null
2023-09-25 21:18:40,933 [WARN] ConditionMgr:1039 - genDependencies : Invalid condition id : UX DEVICE CLASS RTOS Condition cause : null
2023-09-25 21:18:40,950 [WARN] PackLoader:240 - Cannot read IP mode file for STMicroelectronics.X-CUBE-SUBG2.5.0.0
2023-09-25 21:18:40,978 [WARN] PackLoader:240 - Cannot read IP mode file for STMicroelectronics.X-CUBE-TOF1.3.3.1
2023-09-25 21:18:41,020 [WARN] PackLoader:240 - Cannot read IP mode file for STMicroelectronics.X-CUBE-AZRTOS-G4.2.0.0
2023-09-25 21:18:41,033 [WARN] PackLoader:240 - Cannot read IP mode file for STMicroelectronics.X-CUBE-FREERTOS.1.1.0
2023-09-25 21:18:41,042 [WARN] PackLoader:240 - Cannot read IP mode file for portGmbH.I-Cube-SoM-uGOAL.1.1.0
2023-09-25 21:18:41,049 [WARN] PackLoader:240 - Cannot read IP mode file for STMicroelectronics.X-CUBE-ALS.1.0.1
2023-09-25 21:18:41,058 [WARN] PackLoader:240 - Cannot read IP mode file for STMicroelectronics.FP-ATR-ASTRA1.2.0.0
2023-09-25 21:18:41,059 [INFO] ThirdParty:978 - Integrity check success = true
2023-09-25 21:18:41,060 [INFO] IntegrityCheckThread:100 - exiting critical section [integrity check]
2023-09-25 21:18:41,060 [INFO] IntegrityCheckThread:103 - End integrity checks thread
2023-09-25 21:18:41,777 [INFO] WebApp:157 - Instantiating new browser for Auth
2023-09-25 21:18:43,168 [INFO] WebApp:753 - Register for checkConnection events
2023-09-25 21:18:43,169 [INFO] WebApp:390 - Apply proxy settings
2023-09-25 21:18:43,169 [INFO] WebApp:475 - Chromium requires no authentication
2023-09-25 21:18:43,187 [INFO] WebApp:418 - Direct internet connection detected
2023-09-25 21:18:43,456 [INFO] WebApp:188 - Starting web application
2023-09-25 21:18:43,456 [INFO] WebApp:520 - Web application path used C:\ST\STM32CubeIDE_1.13.2\STM32CubeIDE\plugins\com.st.stm32cube.common.mx_6.9.2.202309101412\db\plugins\mcufinder\reactClient1\index.html
2023-09-25 21:19:05,458 [ERROR] LogOutputStream:75 - [STDERR_REDIRECT] SLF4J: Failed to load class "org.slf4j.impl.StaticLoggerBinder".
2023-09-25 21:19:05,459 [ERROR] LogOutputStream:75 - [STDERR_REDIRECT] SLF4J: Defaulting to no-operation (NOP) logger implementation
2023-09-25 21:19:05,462 [ERROR] LogOutputStream:75 - [STDERR_REDIRECT] SLF4J: See http://www.slf4j.org/codes.html#StaticLoggerBinder for further details.
2023-09-25 21:22:03,721 [ERROR] LogOutputStream:75 - [STDERR_REDIRECT] 
